mode: set
aiot-backend/internal/repository/device.go:34.72,36.2 1 1
aiot-backend/internal/repository/device.go:38.61,40.2 1 1
aiot-backend/internal/repository/device.go:42.87,45.16 3 1
aiot-backend/internal/repository/device.go:45.16,46.45 1 1
aiot-backend/internal/repository/device.go:46.45,48.4 1 1
aiot-backend/internal/repository/device.go:49.3,49.18 1 0
aiot-backend/internal/repository/device.go:51.2,51.18 1 0
aiot-backend/internal/repository/device.go:54.94,57.16 3 1
aiot-backend/internal/repository/device.go:57.16,58.45 1 1
aiot-backend/internal/repository/device.go:58.45,60.4 1 1
aiot-backend/internal/repository/device.go:61.3,61.18 1 0
aiot-backend/internal/repository/device.go:63.2,63.18 1 0
aiot-backend/internal/repository/device.go:67.100,68.20 1 1
aiot-backend/internal/repository/device.go:68.20,70.3 1 1
aiot-backend/internal/repository/device.go:71.2,75.16 3 1
aiot-backend/internal/repository/device.go:75.16,77.3 1 0
aiot-backend/internal/repository/device.go:78.2,78.21 1 1
aiot-backend/internal/repository/device.go:83.102,86.16 3 1
aiot-backend/internal/repository/device.go:86.16,87.45 1 1
aiot-backend/internal/repository/device.go:87.45,89.4 1 1
aiot-backend/internal/repository/device.go:90.3,90.18 1 0
aiot-backend/internal/repository/device.go:92.2,92.18 1 0
aiot-backend/internal/repository/device.go:95.84,96.64 1 1
aiot-backend/internal/repository/device.go:96.64,97.67 1 1
aiot-backend/internal/repository/device.go:97.67,99.4 1 0
aiot-backend/internal/repository/device.go:100.3,100.116 1 1
aiot-backend/internal/repository/device.go:104.165,107.19 3 1
aiot-backend/internal/repository/device.go:107.19,109.3 1 0
aiot-backend/internal/repository/device.go:110.2,110.21 1 1
aiot-backend/internal/repository/device.go:110.21,112.3 1 0
aiot-backend/internal/repository/device.go:113.2,113.20 1 1
aiot-backend/internal/repository/device.go:113.20,115.3 1 1
aiot-backend/internal/repository/device.go:116.2,116.18 1 1
aiot-backend/internal/repository/device.go:116.18,118.3 1 1
aiot-backend/internal/repository/device.go:119.2,120.16 2 1
aiot-backend/internal/repository/device.go:120.16,122.3 1 0
aiot-backend/internal/repository/device.go:123.2,124.23 2 1
aiot-backend/internal/repository/device.go:124.23,126.3 1 1
aiot-backend/internal/repository/device.go:127.2,127.27 1 1
aiot-backend/internal/repository/device.go:130.82,131.64 1 0
aiot-backend/internal/repository/device.go:131.64,132.65 1 0
aiot-backend/internal/repository/device.go:132.65,134.4 1 0
aiot-backend/internal/repository/device.go:135.3,135.61 1 0
aiot-backend/internal/repository/device.go:139.89,141.2 1 0
aiot-backend/internal/repository/device.go:143.86,147.129 4 1
aiot-backend/internal/repository/device.go:147.129,149.3 1 0
aiot-backend/internal/repository/device.go:150.2,150.110 1 1
aiot-backend/internal/repository/device.go:150.110,153.17 3 1
aiot-backend/internal/repository/device.go:153.17,155.4 1 0
aiot-backend/internal/repository/device.go:157.2,160.8 1 1
aiot-backend/internal/repository/device.go:163.84,167.2 3 1
aiot-backend/internal/repository/device.go:169.73,173.2 3 1
aiot-backend/internal/repository/device.go:175.87,176.20 1 1
aiot-backend/internal/repository/device.go:176.20,178.3 1 1
aiot-backend/internal/repository/device.go:179.2,180.31 2 0
aiot-backend/internal/repository/device.go:180.31,182.3 1 0
aiot-backend/internal/repository/device.go:183.2,183.15 1 0
aiot-backend/internal/repository/device_event.go:15.65,17.2 1 1
aiot-backend/internal/repository/device_event.go:18.93,20.2 1 1
aiot-backend/internal/repository/device_event.go:22.176,25.19 3 1
aiot-backend/internal/repository/device_event.go:25.19,28.3 2 1
aiot-backend/internal/repository/device_event.go:29.2,29.21 1 1
aiot-backend/internal/repository/device_event.go:29.21,31.3 1 1
aiot-backend/internal/repository/device_event.go:32.2,32.21 1 1
aiot-backend/internal/repository/device_event.go:32.21,34.3 1 1
aiot-backend/internal/repository/device_event.go:35.2,35.20 1 1
aiot-backend/internal/repository/device_event.go:35.20,37.3 1 0
aiot-backend/internal/repository/device_event.go:38.2,38.18 1 1
aiot-backend/internal/repository/device_event.go:38.18,40.3 1 0
aiot-backend/internal/repository/device_event.go:41.2,42.16 2 1
aiot-backend/internal/repository/device_event.go:42.16,44.3 1 0
aiot-backend/internal/repository/device_event.go:45.2,47.27 3 1
aiot-backend/internal/repository/device_shadow.go:17.67,19.2 1 1
aiot-backend/internal/repository/device_shadow.go:21.67,23.2 1 1
aiot-backend/internal/repository/device_shadow.go:25.110,27.88 2 1
aiot-backend/internal/repository/device_shadow.go:27.88,28.45 1 1
aiot-backend/internal/repository/device_shadow.go:28.45,30.4 1 1
aiot-backend/internal/repository/device_shadow.go:31.3,31.18 1 0
aiot-backend/internal/repository/device_shadow.go:33.2,33.21 1 1
aiot-backend/internal/repository/device_shadow.go:38.192,40.55 2 1
aiot-backend/internal/repository/device_shadow.go:40.55,43.45 3 1
aiot-backend/internal/repository/device_shadow.go:43.45,44.21 1 1
aiot-backend/internal/repository/device_shadow.go:44.21,46.5 1 1
aiot-backend/internal/repository/device_shadow.go:47.4,48.52 2 1
aiot-backend/internal/repository/device_shadow.go:48.52,50.5 1 0
aiot-backend/internal/repository/device_shadow.go:51.9,51.24 1 1
aiot-backend/internal/repository/device_shadow.go:51.24,53.4 1 0
aiot-backend/internal/repository/device_shadow.go:54.3,54.34 1 1
aiot-backend/internal/repository/device_shadow.go:54.34,56.4 1 1
aiot-backend/internal/repository/device_shadow.go:57.3,57.21 1 1
aiot-backend/internal/repository/device_shadow.go:57.21,60.4 2 1
aiot-backend/internal/repository/device_shadow.go:61.3,61.22 1 1
aiot-backend/internal/repository/device_shadow.go:61.22,64.4 2 1
aiot-backend/internal/repository/device_shadow.go:65.3,65.19 1 1
aiot-backend/internal/repository/device_shadow.go:65.19,67.4 1 1
aiot-backend/internal/repository/device_shadow.go:68.3,71.24 2 1
aiot-backend/internal/repository/device_shadow.go:71.24,73.4 1 0
aiot-backend/internal/repository/device_shadow.go:74.3,74.208 1 1
aiot-backend/internal/repository/device_shadow.go:74.208,76.4 1 0
aiot-backend/internal/repository/device_shadow.go:77.3,78.13 2 1
aiot-backend/internal/repository/device_shadow.go:80.2,80.18 1 1
aiot-backend/internal/repository/device_shadow.go:83.126,87.2 3 1
aiot-backend/internal/repository/device_tag.go:15.61,17.2 1 1
aiot-backend/internal/repository/device_tag.go:19.64,21.2 1 1
aiot-backend/internal/repository/device_tag.go:23.104,27.2 3 1
aiot-backend/internal/repository/device_tag.go:29.120,30.55 1 1
aiot-backend/internal/repository/device_tag.go:30.55,31.14 1 1
aiot-backend/internal/repository/device_tag.go:31.14,32.95 1 1
aiot-backend/internal/repository/device_tag.go:32.95,34.5 1 0
aiot-backend/internal/repository/device_tag.go:36.3,36.32 1 1
aiot-backend/internal/repository/device_tag.go:36.32,39.46 3 1
aiot-backend/internal/repository/device_tag.go:39.46,40.123 1 1
aiot-backend/internal/repository/device_tag.go:40.123,42.6 1 0
aiot-backend/internal/repository/device_tag.go:43.5,43.13 1 1
aiot-backend/internal/repository/device_tag.go:45.4,45.18 1 1
aiot-backend/internal/repository/device_tag.go:45.18,47.5 1 0
aiot-backend/internal/repository/device_tag.go:48.4,48.137 1 1
aiot-backend/internal/repository/device_tag.go:48.137,50.5 1 0
aiot-backend/internal/repository/device_tag.go:52.3,52.13 1 1
aiot-backend/internal/repository/device_tag.go:56.100,58.2 1 1
aiot-backend/internal/repository/organization.go:18.70,22.2 1 1
aiot-backend/internal/repository/organization.go:28.93,30.2 1 1
aiot-backend/internal/repository/organization.go:32.102,34.72 2 1
aiot-backend/internal/repository/organization.go:34.72,35.45 1 1
aiot-backend/internal/repository/organization.go:35.45,37.4 1 1
aiot-backend/internal/repository/organization.go:38.3,38.18 1 0
aiot-backend/internal/repository/organization.go:40.2,40.18 1 1
aiot-backend/internal/repository/organization.go:43.109,44.19 1 1
aiot-backend/internal/repository/organization.go:44.19,46.3 1 1
aiot-backend/internal/repository/organization.go:47.2,48.74 2 1
aiot-backend/internal/repository/organization.go:48.74,50.3 1 0
aiot-backend/internal/repository/organization.go:51.2,51.18 1 1
aiot-backend/internal/repository/organization_user.go:21.78,25.2 1 1
aiot-backend/internal/repository/organization_user.go:31.105,33.2 1 1
aiot-backend/internal/repository/organization_user.go:35.120,37.82 2 1
aiot-backend/internal/repository/organization_user.go:37.82,39.3 1 0
aiot-backend/internal/repository/organization_user.go:40.2,40.19 1 1
aiot-backend/internal/repository/organization_user.go:43.108,47.55 2 1
aiot-backend/internal/repository/organization_user.go:47.55,49.3 1 0
aiot-backend/internal/repository/organization_user.go:50.2,50.20 1 1
aiot-backend/internal/repository/organization_user.go:53.110,57.35 2 1
aiot-backend/internal/repository/organization_user.go:57.35,59.3 1 0
aiot-backend/internal/repository/organization_user.go:60.2,60.23 1 1
aiot-backend/internal/repository/organization_user.go:63.136,65.113 2 1
aiot-backend/internal/repository/organization_user.go:65.113,66.45 1 1
aiot-backend/internal/repository/organization_user.go:66.45,68.4 1 1
aiot-backend/internal/repository/organization_user.go:69.3,69.18 1 0
aiot-backend/internal/repository/organization_user.go:71.2,71.19 1 1
aiot-backend/internal/repository/organization_user.go:74.130,78.2 1 1
aiot-backend/internal/repository/ota.go:25.58,25.91 1 1
aiot-backend/internal/repository/ota.go:26.58,26.90 1 1
aiot-backend/internal/repository/ota.go:28.89,32.2 1 1
aiot-backend/internal/repository/ota.go:34.88,36.109 2 1
aiot-backend/internal/repository/ota.go:36.109,37.45 1 1
aiot-backend/internal/repository/ota.go:37.45,39.4 1 1
aiot-backend/internal/repository/ota.go:40.3,40.18 1 0
aiot-backend/internal/repository/ota.go:42.2,42.18 1 1
aiot-backend/internal/repository/ota.go:44.97,46.150 2 1
aiot-backend/internal/repository/ota.go:46.150,47.45 1 1
aiot-backend/internal/repository/ota.go:47.45,49.4 1 1
aiot-backend/internal/repository/ota.go:50.3,50.18 1 0
aiot-backend/internal/repository/ota.go:52.2,52.18 1 1
aiot-backend/internal/repository/ota.go:55.97,57.142 2 0
aiot-backend/internal/repository/ota.go:57.142,58.45 1 0
aiot-backend/internal/repository/ota.go:58.45,60.4 1 0
aiot-backend/internal/repository/ota.go:61.3,61.18 1 0
aiot-backend/internal/repository/ota.go:63.2,63.18 1 0
aiot-backend/internal/repository/ota.go:66.102,69.49 3 1
aiot-backend/internal/repository/ota.go:69.49,71.3 1 0
aiot-backend/internal/repository/ota.go:72.2,74.128 3 1
aiot-backend/internal/repository/ota.go:74.128,76.3 1 0
aiot-backend/internal/repository/ota.go:77.2,77.29 1 1
aiot-backend/internal/repository/ota.go:80.82,82.2 1 1
aiot-backend/internal/repository/ota.go:84.80,86.2 1 0
aiot-backend/internal/repository/ota.go:88.69,90.16 2 1
aiot-backend/internal/repository/ota.go:90.16,92.3 1 1
aiot-backend/internal/repository/ota.go:93.2,93.36 1 1
aiot-backend/internal/repository/ota.go:96.101,99.54 3 1
aiot-backend/internal/repository/ota.go:99.54,101.3 1 0
aiot-backend/internal/repository/ota.go:102.2,103.52 2 1
aiot-backend/internal/repository/ota.go:103.52,107.36 2 1
aiot-backend/internal/repository/ota.go:107.36,109.4 1 0
aiot-backend/internal/repository/ota.go:110.3,110.20 1 1
aiot-backend/internal/repository/ota.go:112.2,113.62 2 1
aiot-backend/internal/repository/ota.go:113.62,115.3 1 0
aiot-backend/internal/repository/ota.go:116.2,116.60 1 1
aiot-backend/internal/repository/ota.go:116.60,118.3 1 0
aiot-backend/internal/repository/ota.go:119.2,119.66 1 1
aiot-backend/internal/repository/ota.go:119.66,121.3 1 0
aiot-backend/internal/repository/ota.go:122.2,122.62 1 1
aiot-backend/internal/repository/ota.go:122.62,124.3 1 0
aiot-backend/internal/repository/ota.go:125.2,125.69 1 1
aiot-backend/internal/repository/ota.go:125.69,127.3 1 0
aiot-backend/internal/repository/ota.go:128.2,128.20 1 1
aiot-backend/internal/repository/ota.go:131.101,135.2 3 1
aiot-backend/internal/repository/ota.go:138.91,140.2 1 0
aiot-backend/internal/repository/ota.go:144.134,145.25 1 0
aiot-backend/internal/repository/ota.go:145.25,147.3 1 0
aiot-backend/internal/repository/ota.go:148.2,153.31 5 0
aiot-backend/internal/repository/ota.go:153.31,154.28 1 0
aiot-backend/internal/repository/ota.go:154.28,155.12 1 0
aiot-backend/internal/repository/ota.go:157.3,158.26 2 0
aiot-backend/internal/repository/ota.go:160.2,163.37 3 0
aiot-backend/internal/repository/ota.go:163.37,172.3 2 0
aiot-backend/internal/repository/ota.go:174.2,174.51 1 0
aiot-backend/internal/repository/ota.go:174.51,176.3 1 0
aiot-backend/internal/repository/ota.go:177.2,177.28 1 0
aiot-backend/internal/repository/ota.go:180.147,186.18 2 1
aiot-backend/internal/repository/ota.go:186.18,188.3 1 0
aiot-backend/internal/repository/ota.go:189.2,190.50 2 1
aiot-backend/internal/repository/ota.go:190.50,192.3 1 0
aiot-backend/internal/repository/ota.go:193.2,195.78 2 1
aiot-backend/internal/repository/ota.go:195.78,197.3 1 0
aiot-backend/internal/repository/ota.go:198.2,198.32 1 1
aiot-backend/internal/repository/ota.go:204.113,205.25 1 1
aiot-backend/internal/repository/ota.go:205.25,207.3 1 1
aiot-backend/internal/repository/ota.go:208.2,214.31 5 1
aiot-backend/internal/repository/ota.go:214.31,215.28 1 1
aiot-backend/internal/repository/ota.go:215.28,216.12 1 1
aiot-backend/internal/repository/ota.go:218.3,219.26 2 1
aiot-backend/internal/repository/ota.go:221.2,226.37 3 1
aiot-backend/internal/repository/ota.go:226.37,228.3 1 0
aiot-backend/internal/repository/ota.go:229.2,230.29 2 1
aiot-backend/internal/repository/ota.go:230.29,232.3 1 1
aiot-backend/internal/repository/ota.go:234.2,236.37 3 1
aiot-backend/internal/repository/ota.go:236.37,237.49 1 1
aiot-backend/internal/repository/ota.go:237.49,238.27 1 1
aiot-backend/internal/repository/ota.go:238.27,240.5 1 1
aiot-backend/internal/repository/ota.go:241.9,249.4 2 1
aiot-backend/internal/repository/ota.go:252.2,252.23 1 1
aiot-backend/internal/repository/ota.go:252.23,255.50 1 1
aiot-backend/internal/repository/ota.go:255.50,257.4 1 0
aiot-backend/internal/repository/ota.go:259.2,259.23 1 1
aiot-backend/internal/repository/ota.go:259.23,260.52 1 1
aiot-backend/internal/repository/ota.go:260.52,262.4 1 0
aiot-backend/internal/repository/ota.go:264.2,264.28 1 1
aiot-backend/internal/repository/ota.go:269.94,276.22 2 0
aiot-backend/internal/repository/ota.go:276.22,278.3 1 0
aiot-backend/internal/repository/ota.go:279.2,279.30 1 0
aiot-backend/internal/repository/ota.go:283.129,287.57 2 0
aiot-backend/internal/repository/ota.go:287.57,289.3 1 0
aiot-backend/internal/repository/ota.go:290.2,294.26 2 0
aiot-backend/internal/repository/ota.go:294.26,296.3 1 0
aiot-backend/internal/repository/ota.go:297.2,299.25 1 0
aiot-backend/internal/repository/ota.go:303.84,309.33 2 0
aiot-backend/internal/repository/ota.go:309.33,311.3 1 0
aiot-backend/internal/repository/ota.go:312.2,313.27 2 0
aiot-backend/internal/repository/ota.go:313.27,314.21 1 0
aiot-backend/internal/repository/ota.go:314.21,316.4 1 0
aiot-backend/internal/repository/ota.go:318.2,318.19 1 0
aiot-backend/internal/repository/ota.go:323.81,328.51 2 0
aiot-backend/internal/repository/ota.go:328.51,330.3 1 0
aiot-backend/internal/repository/ota.go:331.2,332.24 2 0
aiot-backend/internal/repository/ota.go:332.24,334.17 2 0
aiot-backend/internal/repository/ota.go:334.17,335.12 1 0
aiot-backend/internal/repository/ota.go:337.3,337.30 1 0
aiot-backend/internal/repository/ota.go:339.2,339.20 1 0
aiot-backend/internal/repository/product.go:17.57,19.2 1 1
aiot-backend/internal/repository/product.go:21.62,23.2 1 1
aiot-backend/internal/repository/product.go:25.89,28.16 3 1
aiot-backend/internal/repository/product.go:28.16,29.45 1 0
aiot-backend/internal/repository/product.go:29.45,31.4 1 0
aiot-backend/internal/repository/product.go:32.3,32.18 1 0
aiot-backend/internal/repository/product.go:34.2,34.21 1 1
aiot-backend/internal/repository/product.go:37.96,40.16 3 1
aiot-backend/internal/repository/product.go:40.16,41.45 1 0
aiot-backend/internal/repository/product.go:41.45,43.4 1 0
aiot-backend/internal/repository/product.go:44.3,44.18 1 0
aiot-backend/internal/repository/product.go:46.2,46.21 1 1
aiot-backend/internal/repository/product.go:49.87,51.2 1 1
aiot-backend/internal/repository/product.go:53.85,55.2 1 0
aiot-backend/internal/repository/product.go:57.95,60.2 2 1
aiot-backend/internal/repository/product.go:62.87,65.2 2 1
aiot-backend/internal/repository/product.go:67.136,70.20 3 1
aiot-backend/internal/repository/product.go:70.20,72.3 1 1
aiot-backend/internal/repository/product.go:73.2,73.18 1 1
aiot-backend/internal/repository/product.go:73.18,75.3 1 1
aiot-backend/internal/repository/product.go:76.2,76.18 1 1
aiot-backend/internal/repository/product.go:76.18,78.3 1 1
aiot-backend/internal/repository/product.go:79.2,80.16 2 1
aiot-backend/internal/repository/product.go:80.16,82.3 1 0
aiot-backend/internal/repository/product.go:83.2,84.23 2 1
aiot-backend/internal/repository/product.go:84.23,86.3 1 1
aiot-backend/internal/repository/product.go:87.2,87.27 1 1
aiot-backend/internal/repository/product.go:90.74,94.2 3 1
aiot-backend/internal/repository/product_message_parser.go:16.83,18.2 1 0
aiot-backend/internal/repository/product_message_parser.go:20.133,26.16 3 0
aiot-backend/internal/repository/product_message_parser.go:26.16,27.45 1 0
aiot-backend/internal/repository/product_message_parser.go:27.45,29.4 1 0
aiot-backend/internal/repository/product_message_parser.go:30.3,30.18 1 0
aiot-backend/internal/repository/product_message_parser.go:32.2,32.20 1 0
aiot-backend/internal/repository/product_message_parser.go:35.110,37.75 2 0
aiot-backend/internal/repository/product_message_parser.go:37.75,40.3 2 0
aiot-backend/internal/repository/product_message_parser.go:40.8,40.41 1 0
aiot-backend/internal/repository/product_message_parser.go:40.41,42.3 1 0
aiot-backend/internal/repository/product_message_parser.go:43.2,43.79 1 0
aiot-backend/internal/repository/product_tsl.go:15.63,17.2 1 1
aiot-backend/internal/repository/product_tsl.go:19.113,21.108 2 1
aiot-backend/internal/repository/product_tsl.go:21.108,22.45 1 1
aiot-backend/internal/repository/product_tsl.go:22.45,24.4 1 1
aiot-backend/internal/repository/product_tsl.go:25.3,25.18 1 0
aiot-backend/internal/repository/product_tsl.go:27.2,27.18 1 1
aiot-backend/internal/repository/product_tsl.go:30.87,32.2 1 1
aiot-backend/internal/repository/product_tsl.go:34.89,36.2 1 1
aiot-backend/internal/repository/product_tsl.go:38.89,40.2 1 1
aiot-backend/internal/repository/push_record.go:16.63,18.2 1 1
aiot-backend/internal/repository/push_record.go:20.65,22.2 1 1
aiot-backend/internal/repository/push_record.go:24.108,26.2 1 1
aiot-backend/internal/repository/push_record.go:28.172,30.25 2 1
aiot-backend/internal/repository/push_record.go:30.25,32.3 1 1
aiot-backend/internal/repository/push_record.go:33.2,33.18 1 1
aiot-backend/internal/repository/push_record.go:33.18,35.3 1 1
aiot-backend/internal/repository/push_record.go:36.2,37.50 2 1
aiot-backend/internal/repository/push_record.go:37.50,39.3 1 0
aiot-backend/internal/repository/push_record.go:40.2,41.114 2 1
aiot-backend/internal/repository/push_record.go:41.114,43.3 1 0
aiot-backend/internal/repository/push_record.go:44.2,44.28 1 1
aiot-backend/internal/repository/push_record.go:47.111,49.59 2 1
aiot-backend/internal/repository/push_record.go:49.59,50.45 1 1
aiot-backend/internal/repository/push_record.go:50.45,52.4 1 1
aiot-backend/internal/repository/push_record.go:53.3,53.18 1 0
aiot-backend/internal/repository/push_record.go:55.2,55.21 1 1
aiot-backend/internal/repository/push_record.go:58.121,60.19 2 1
aiot-backend/internal/repository/push_record.go:60.19,62.3 1 1
aiot-backend/internal/repository/push_record.go:63.2,64.42 2 1
aiot-backend/internal/repository/query.go:8.42,10.2 1 1
aiot-backend/internal/repository/query.go:12.41,14.2 1 1
aiot-backend/internal/repository/repository.go:35.15,42.2 1 1
aiot-backend/internal/repository/repository.go:48.48,50.2 1 1
aiot-backend/internal/repository/repository.go:54.55,56.14 2 1
aiot-backend/internal/repository/repository.go:56.14,57.33 1 1
aiot-backend/internal/repository/repository.go:57.33,59.4 1 1
aiot-backend/internal/repository/repository.go:61.2,61.30 1 1
aiot-backend/internal/repository/repository.go:64.97,65.55 1 1
aiot-backend/internal/repository/repository.go:65.55,68.3 2 1
aiot-backend/internal/repository/repository.go:71.55,73.2 1 0
aiot-backend/internal/repository/repository.go:79.56,81.2 1 0
aiot-backend/internal/repository/repository.go:83.67,92.31 5 0
aiot-backend/internal/repository/repository.go:92.31,93.56 1 0
aiot-backend/internal/repository/repository.go:97.2,97.16 1 0
aiot-backend/internal/repository/repository.go:98.15,101.5 1 0
aiot-backend/internal/repository/repository.go:102.18,106.22 1 0
aiot-backend/internal/repository/repository.go:107.16,108.56 1 0
aiot-backend/internal/repository/repository.go:109.10,110.29 1 0
aiot-backend/internal/repository/repository.go:112.2,112.16 1 0
aiot-backend/internal/repository/repository.go:112.16,113.13 1 0
aiot-backend/internal/repository/repository.go:115.2,119.16 3 0
aiot-backend/internal/repository/repository.go:119.16,120.13 1 0
aiot-backend/internal/repository/repository.go:122.2,125.11 4 0
aiot-backend/internal/repository/repository.go:127.48,138.16 5 0
aiot-backend/internal/repository/repository.go:138.16,139.53 1 0
aiot-backend/internal/repository/repository.go:142.2,142.12 1 0
aiot-backend/internal/repository/repository.go:149.47,151.16 2 0
aiot-backend/internal/repository/repository.go:151.16,153.3 1 0
aiot-backend/internal/repository/repository.go:154.2,156.5 1 0
aiot-backend/internal/repository/repository.go:158.65,163.16 3 0
aiot-backend/internal/repository/repository.go:163.16,164.60 1 0
aiot-backend/internal/repository/repository.go:167.2,171.16 4 0
aiot-backend/internal/repository/repository.go:171.16,172.58 1 0
aiot-backend/internal/repository/repository.go:175.2,175.24 1 0
aiot-backend/internal/repository/repository.go:175.24,177.17 2 0
aiot-backend/internal/repository/repository.go:177.17,178.65 1 0
aiot-backend/internal/repository/scene_linkage.go:16.67,18.2 1 0
aiot-backend/internal/repository/scene_linkage.go:20.67,22.2 1 0
aiot-backend/internal/repository/scene_linkage.go:24.99,27.16 3 0
aiot-backend/internal/repository/scene_linkage.go:27.16,28.45 1 0
aiot-backend/internal/repository/scene_linkage.go:28.45,30.4 1 0
aiot-backend/internal/repository/scene_linkage.go:31.3,31.18 1 0
aiot-backend/internal/repository/scene_linkage.go:33.2,33.19 1 0
aiot-backend/internal/repository/scene_linkage.go:36.140,39.18 3 0
aiot-backend/internal/repository/scene_linkage.go:39.18,41.3 1 0
aiot-backend/internal/repository/scene_linkage.go:42.2,42.32 1 0
aiot-backend/internal/repository/scene_linkage.go:42.32,44.3 1 0
aiot-backend/internal/repository/scene_linkage.go:45.2,46.16 2 0
aiot-backend/internal/repository/scene_linkage.go:46.16,48.3 1 0
aiot-backend/internal/repository/scene_linkage.go:49.2,50.23 2 0
aiot-backend/internal/repository/scene_linkage.go:50.23,52.3 1 0
aiot-backend/internal/repository/scene_linkage.go:53.2,53.27 1 0
aiot-backend/internal/repository/scene_linkage.go:56.95,59.2 2 0
aiot-backend/internal/repository/scene_linkage.go:61.93,62.49 1 0
aiot-backend/internal/repository/scene_linkage.go:62.49,64.3 1 0
aiot-backend/internal/repository/scene_linkage.go:65.2,65.68 1 0
aiot-backend/internal/repository/scene_linkage.go:68.78,70.16 2 0
aiot-backend/internal/repository/scene_linkage.go:70.16,72.3 1 0
aiot-backend/internal/repository/scene_linkage.go:73.2,74.12 2 0
aiot-backend/internal/repository/scene_linkage_detail.go:15.79,17.2 1 0
aiot-backend/internal/repository/scene_linkage_detail.go:19.125,22.16 3 0
aiot-backend/internal/repository/scene_linkage_detail.go:22.16,23.45 1 0
aiot-backend/internal/repository/scene_linkage_detail.go:23.45,25.4 1 0
aiot-backend/internal/repository/scene_linkage_detail.go:26.3,26.18 1 0
aiot-backend/internal/repository/scene_linkage_detail.go:28.2,28.20 1 0
aiot-backend/internal/repository/scene_linkage_detail.go:31.108,33.2 1 0
aiot-backend/internal/repository/scene_linkage_detail.go:35.106,37.2 1 0
aiot-backend/internal/repository/user.go:20.18,24.2 1 1
aiot-backend/internal/repository/user.go:30.78,31.53 1 1
aiot-backend/internal/repository/user.go:31.53,33.3 1 0
aiot-backend/internal/repository/user.go:34.2,34.12 1 1
aiot-backend/internal/repository/user.go:37.78,38.51 1 1
aiot-backend/internal/repository/user.go:38.51,40.3 1 0
aiot-backend/internal/repository/user.go:41.2,41.12 1 1
aiot-backend/internal/repository/user.go:44.91,46.82 2 1
aiot-backend/internal/repository/user.go:46.82,47.45 1 1
aiot-backend/internal/repository/user.go:47.45,49.4 1 1
aiot-backend/internal/repository/user.go:50.3,50.18 1 0
aiot-backend/internal/repository/user.go:52.2,52.19 1 1
aiot-backend/internal/repository/user.go:55.93,57.79 2 1
aiot-backend/internal/repository/user.go:57.79,58.45 1 1
aiot-backend/internal/repository/user.go:58.45,60.4 1 1
aiot-backend/internal/repository/user.go:61.3,61.18 1 0
aiot-backend/internal/repository/user.go:63.2,63.19 1 1
aiot-backend/internal/handler/device.go:26.107,28.2 1 1
aiot-backend/internal/handler/device.go:30.54,47.2 1 1
aiot-backend/internal/handler/device.go:49.60,54.2 1 1
aiot-backend/internal/handler/device.go:56.66,58.27 2 1
aiot-backend/internal/handler/device.go:58.27,60.3 1 1
aiot-backend/internal/handler/device.go:61.2,61.14 1 1
aiot-backend/internal/handler/device.go:64.88,72.2 4 1
aiot-backend/internal/handler/device.go:74.72,80.2 1 1
aiot-backend/internal/handler/device.go:93.54,95.43 2 1
aiot-backend/internal/handler/device.go:95.43,98.3 2 1
aiot-backend/internal/handler/device.go:99.2,100.14 2 1
aiot-backend/internal/handler/device.go:100.14,103.3 2 1
aiot-backend/internal/handler/device.go:104.2,104.76 1 1
aiot-backend/internal/handler/device.go:117.51,119.14 2 1
aiot-backend/internal/handler/device.go:119.14,122.3 2 1
aiot-backend/internal/handler/device.go:123.2,124.14 2 1
aiot-backend/internal/handler/device.go:124.14,127.3 2 1
aiot-backend/internal/handler/device.go:128.2,128.73 1 1
aiot-backend/internal/handler/device.go:141.56,143.14 2 1
aiot-backend/internal/handler/device.go:143.14,146.3 2 1
aiot-backend/internal/handler/device.go:147.2,147.73 1 1
aiot-backend/internal/handler/device.go:165.53,169.40 4 1
aiot-backend/internal/handler/device.go:169.40,172.3 2 1
aiot-backend/internal/handler/device.go:173.2,174.14 2 1
aiot-backend/internal/handler/device.go:174.14,177.3 2 1
aiot-backend/internal/handler/device.go:178.2,179.22 2 1
aiot-backend/internal/handler/device.go:179.22,181.3 1 1
aiot-backend/internal/handler/device.go:182.2,182.97 1 1
aiot-backend/internal/handler/device.go:196.54,198.14 2 1
aiot-backend/internal/handler/device.go:198.14,201.3 2 1
aiot-backend/internal/handler/device.go:202.2,203.42 2 1
aiot-backend/internal/handler/device.go:203.42,206.3 2 1
aiot-backend/internal/handler/device.go:207.2,208.14 2 1
aiot-backend/internal/handler/device.go:208.14,211.3 2 1
aiot-backend/internal/handler/device.go:212.2,212.76 1 1
aiot-backend/internal/handler/device.go:225.54,227.14 2 1
aiot-backend/internal/handler/device.go:227.14,229.3 1 1
aiot-backend/internal/handler/device.go:230.2,230.14 1 1
aiot-backend/internal/handler/device.go:230.14,233.3 2 1
aiot-backend/internal/handler/device.go:234.2,234.62 1 1
aiot-backend/internal/handler/device.go:247.50,249.14 2 1
aiot-backend/internal/handler/device.go:249.14,252.3 2 1
aiot-backend/internal/handler/device.go:253.2,254.14 2 1
aiot-backend/internal/handler/device.go:254.14,257.3 2 1
aiot-backend/internal/handler/device.go:258.2,258.78 1 1
aiot-backend/internal/handler/device.go:272.49,275.14 3 1
aiot-backend/internal/handler/device.go:275.14,277.3 1 1
aiot-backend/internal/handler/device.go:278.2,278.14 1 1
aiot-backend/internal/handler/device.go:278.14,281.3 2 1
aiot-backend/internal/handler/device.go:282.2,283.14 2 1
aiot-backend/internal/handler/device.go:283.14,286.3 2 1
aiot-backend/internal/handler/device.go:287.2,287.80 1 1
aiot-backend/internal/handler/device.go:299.47,301.14 2 1
aiot-backend/internal/handler/device.go:301.14,304.3 2 1
aiot-backend/internal/handler/device.go:305.2,308.4 1 1
aiot-backend/internal/handler/device.go:321.51,323.14 2 1
aiot-backend/internal/handler/device.go:323.14,326.3 2 1
aiot-backend/internal/handler/device.go:327.2,327.63 1 1
aiot-backend/internal/handler/device.go:340.46,342.14 2 1
aiot-backend/internal/handler/device.go:342.14,345.3 2 1
aiot-backend/internal/handler/device.go:346.2,348.4 1 1
aiot-backend/internal/handler/device.go:361.49,363.14 2 1
aiot-backend/internal/handler/device.go:363.14,366.3 2 1
aiot-backend/internal/handler/device.go:367.2,368.14 2 1
aiot-backend/internal/handler/device.go:368.14,371.3 2 1
aiot-backend/internal/handler/device.go:372.2,372.77 1 1
aiot-backend/internal/handler/device.go:386.49,388.14 2 1
aiot-backend/internal/handler/device.go:388.14,391.3 2 1
aiot-backend/internal/handler/device.go:392.2,392.79 1 1
aiot-backend/internal/handler/device.go:406.49,410.14 4 1
aiot-backend/internal/handler/device.go:410.14,412.3 1 1
aiot-backend/internal/handler/device.go:413.2,413.14 1 1
aiot-backend/internal/handler/device.go:413.14,416.3 2 1
aiot-backend/internal/handler/device.go:417.2,417.79 1 1
aiot-backend/internal/handler/device.go:431.50,435.14 4 1
aiot-backend/internal/handler/device.go:435.14,437.3 1 1
aiot-backend/internal/handler/device.go:438.2,438.14 1 1
aiot-backend/internal/handler/device.go:438.14,441.3 2 1
aiot-backend/internal/handler/device.go:442.2,442.79 1 1
aiot-backend/internal/handler/device.go:456.52,459.14 3 1
aiot-backend/internal/handler/device.go:459.14,461.3 1 1
aiot-backend/internal/handler/device.go:462.2,462.14 1 1
aiot-backend/internal/handler/device.go:462.14,465.3 2 1
aiot-backend/internal/handler/device.go:466.2,466.62 1 1
aiot-backend/internal/handler/device.go:468.56,474.38 6 1
aiot-backend/internal/handler/device.go:474.38,476.24 2 1
aiot-backend/internal/handler/device.go:476.24,477.42 1 1
aiot-backend/internal/handler/device.go:477.42,479.5 1 1
aiot-backend/internal/handler/device.go:482.2,482.117 1 1
aiot-backend/internal/handler/device.go:495.51,497.14 2 1
aiot-backend/internal/handler/device.go:497.14,500.3 2 1
aiot-backend/internal/handler/device.go:501.2,501.36 1 1
aiot-backend/internal/handler/device.go:515.49,519.14 4 1
aiot-backend/internal/handler/device.go:519.14,521.3 1 1
aiot-backend/internal/handler/device.go:522.2,522.14 1 1
aiot-backend/internal/handler/device.go:522.14,525.3 2 1
aiot-backend/internal/handler/device.go:526.2,526.36 1 1
aiot-backend/internal/handler/device.go:540.50,544.14 4 1
aiot-backend/internal/handler/device.go:544.14,546.3 1 1
aiot-backend/internal/handler/device.go:547.2,547.14 1 1
aiot-backend/internal/handler/device.go:547.14,550.3 2 1
aiot-backend/internal/handler/device.go:551.2,551.36 1 1
aiot-backend/internal/handler/device.go:565.54,569.14 4 1
aiot-backend/internal/handler/device.go:569.14,572.3 2 1
aiot-backend/internal/handler/device.go:573.2,573.36 1 1
aiot-backend/internal/handler/device.go:586.49,588.14 2 1
aiot-backend/internal/handler/device.go:588.14,591.3 2 1
aiot-backend/internal/handler/device.go:592.2,593.28 2 1
aiot-backend/internal/handler/device.go:593.28,595.3 1 1
aiot-backend/internal/handler/device.go:596.2,596.79 1 1
aiot-backend/internal/handler/device.go:611.54,613.47 2 1
aiot-backend/internal/handler/device.go:613.47,616.3 2 1
aiot-backend/internal/handler/device.go:617.2,618.16 2 1
aiot-backend/internal/handler/device.go:618.16,621.3 2 1
aiot-backend/internal/handler/device.go:622.2,622.184 1 1
aiot-backend/internal/handler/device.go:639.53,642.16 3 1
aiot-backend/internal/handler/device.go:642.16,645.3 2 1
aiot-backend/internal/handler/device.go:646.2,647.33 2 1
aiot-backend/internal/handler/device.go:647.33,649.3 1 1
aiot-backend/internal/handler/device.go:650.2,650.107 1 1
aiot-backend/internal/handler/device.go:663.52,665.16 2 1
aiot-backend/internal/handler/device.go:665.16,668.3 2 1
aiot-backend/internal/handler/device.go:669.2,670.16 2 1
aiot-backend/internal/handler/device.go:670.16,673.3 2 1
aiot-backend/internal/handler/device.go:674.2,674.86 1 1
aiot-backend/internal/handler/device.go:688.58,690.46 2 1
aiot-backend/internal/handler/device.go:690.46,691.71 1 1
aiot-backend/internal/handler/device.go:691.71,694.4 2 1
aiot-backend/internal/handler/device.go:696.2,697.16 2 1
aiot-backend/internal/handler/device.go:697.16,700.3 2 1
aiot-backend/internal/handler/device.go:701.2,701.99 1 1
aiot-backend/internal/handler/device.go:713.55,715.14 2 1
aiot-backend/internal/handler/device.go:715.14,718.3 2 1
aiot-backend/internal/handler/device.go:719.2,720.85 2 1
aiot-backend/internal/handler/device.go:733.53,735.14 2 1
aiot-backend/internal/handler/device.go:735.14,738.3 2 1
aiot-backend/internal/handler/device.go:739.2,741.14 3 1
aiot-backend/internal/handler/device.go:741.14,744.3 2 0
aiot-backend/internal/handler/device.go:745.2,746.14 2 1
aiot-backend/internal/handler/device.go:746.14,749.3 2 1
aiot-backend/internal/handler/device.go:750.2,751.28 2 1
aiot-backend/internal/handler/device.go:751.28,753.3 1 1
aiot-backend/internal/handler/device.go:754.2,754.116 1 1
aiot-backend/internal/handler/device.go:767.51,770.14 3 1
aiot-backend/internal/handler/device.go:770.14,772.3 1 1
aiot-backend/internal/handler/device.go:773.2,773.14 1 1
aiot-backend/internal/handler/device.go:773.14,776.3 2 1
aiot-backend/internal/handler/device.go:777.2,777.125 1 1
aiot-backend/internal/handler/device_event.go:16.101,16.153 1 1
aiot-backend/internal/handler/device_event.go:18.71,20.2 1 1
aiot-backend/internal/handler/device_event.go:37.63,40.16 3 1
aiot-backend/internal/handler/device_event.go:40.16,43.3 2 1
aiot-backend/internal/handler/device_event.go:44.2,45.16 2 1
aiot-backend/internal/handler/device_event.go:45.16,48.3 2 1
aiot-backend/internal/handler/device_event.go:49.2,50.16 2 1
aiot-backend/internal/handler/device_event.go:50.16,50.47 2 1
aiot-backend/internal/handler/device_event.go:51.2,52.31 2 1
aiot-backend/internal/handler/device_event.go:52.31,52.80 1 1
aiot-backend/internal/handler/device_event.go:53.2,53.120 1 1
aiot-backend/internal/handler/device_event.go:56.50,57.17 1 1
aiot-backend/internal/handler/device_event.go:57.17,57.36 1 1
aiot-backend/internal/handler/device_event.go:58.2,59.16 2 1
aiot-backend/internal/handler/device_event.go:59.16,59.35 1 1
aiot-backend/internal/handler/device_event.go:60.2,60.21 1 1
aiot-backend/internal/handler/file.go:35.80,37.2 1 0
aiot-backend/internal/handler/file.go:49.53,52.16 3 0
aiot-backend/internal/handler/file.go:52.16,55.3 2 0
aiot-backend/internal/handler/file.go:56.2,56.80 1 0
aiot-backend/internal/handler/file.go:56.80,59.3 2 0
aiot-backend/internal/handler/file.go:61.2,62.16 2 0
aiot-backend/internal/handler/file.go:62.16,65.3 2 0
aiot-backend/internal/handler/file.go:66.2,69.64 3 0
aiot-backend/internal/handler/file.go:69.64,72.3 2 0
aiot-backend/internal/handler/file.go:74.2,75.16 2 0
aiot-backend/internal/handler/file.go:75.16,76.93 1 0
aiot-backend/internal/handler/file.go:76.93,79.4 2 0
aiot-backend/internal/handler/file.go:80.3,81.9 2 0
aiot-backend/internal/handler/file.go:84.2,88.4 1 0
aiot-backend/internal/handler/file.go:91.45,93.53 2 0
aiot-backend/internal/handler/file.go:93.53,94.45 1 0
aiot-backend/internal/handler/file.go:94.45,96.4 1 0
aiot-backend/internal/handler/file.go:98.2,98.14 1 0
aiot-backend/internal/handler/handler.go:15.12,19.2 1 1
aiot-backend/internal/handler/handler.go:20.48,22.13 2 1
aiot-backend/internal/handler/handler.go:22.13,24.3 1 1
aiot-backend/internal/handler/handler.go:25.2,25.39 1 1
aiot-backend/internal/handler/ota.go:16.36,17.44 1 1
aiot-backend/internal/handler/ota.go:17.44,19.3 1 1
aiot-backend/internal/handler/ota.go:20.2,20.39 1 1
aiot-backend/internal/handler/ota.go:28.77,30.2 1 1
aiot-backend/internal/handler/ota.go:32.60,36.29 4 1
aiot-backend/internal/handler/ota.go:36.29,38.3 1 0
aiot-backend/internal/handler/ota.go:39.2,39.29 1 1
aiot-backend/internal/handler/ota.go:39.29,41.3 1 0
aiot-backend/internal/handler/ota.go:42.2,42.55 1 1
aiot-backend/internal/handler/ota.go:42.55,45.3 2 0
aiot-backend/internal/handler/ota.go:46.2,52.3 1 1
aiot-backend/internal/handler/ota.go:55.64,57.31 2 1
aiot-backend/internal/handler/ota.go:57.31,59.3 1 0
aiot-backend/internal/handler/ota.go:60.2,63.3 1 1
aiot-backend/internal/handler/ota.go:66.82,68.42 2 1
aiot-backend/internal/handler/ota.go:68.42,72.3 1 0
aiot-backend/internal/handler/ota.go:73.2,79.3 1 1
aiot-backend/internal/handler/ota.go:94.46,97.16 3 1
aiot-backend/internal/handler/ota.go:97.16,100.3 2 1
aiot-backend/internal/handler/ota.go:101.2,102.31 2 1
aiot-backend/internal/handler/ota.go:102.31,104.3 1 1
aiot-backend/internal/handler/ota.go:105.2,105.124 1 1
aiot-backend/internal/handler/ota.go:119.45,122.16 3 1
aiot-backend/internal/handler/ota.go:122.16,125.3 2 1
aiot-backend/internal/handler/ota.go:126.2,126.84 1 1
aiot-backend/internal/handler/ota.go:140.48,142.47 2 1
aiot-backend/internal/handler/ota.go:142.47,145.3 2 1
aiot-backend/internal/handler/ota.go:146.2,147.22 2 1
aiot-backend/internal/handler/ota.go:147.22,149.3 1 1
aiot-backend/internal/handler/ota.go:150.2,150.61 1 1
aiot-backend/internal/handler/ota.go:150.61,153.3 2 1
aiot-backend/internal/handler/ota.go:154.2,154.87 1 1
aiot-backend/internal/handler/ota.go:169.48,172.47 3 1
aiot-backend/internal/handler/ota.go:172.47,175.3 2 1
aiot-backend/internal/handler/ota.go:176.2,177.16 2 1
aiot-backend/internal/handler/ota.go:177.16,180.3 2 1
aiot-backend/internal/handler/ota.go:181.2,181.27 1 1
aiot-backend/internal/handler/ota.go:181.27,183.3 1 1
aiot-backend/internal/handler/ota.go:184.2,184.23 1 1
aiot-backend/internal/handler/ota.go:184.23,186.3 1 1
aiot-backend/internal/handler/ota.go:187.2,187.24 1 1
aiot-backend/internal/handler/ota.go:187.24,189.3 1 0
aiot-backend/internal/handler/ota.go:190.2,190.27 1 1
aiot-backend/internal/handler/ota.go:190.27,192.3 1 0
aiot-backend/internal/handler/ota.go:193.2,193.22 1 1
aiot-backend/internal/handler/ota.go:193.22,195.3 1 0
aiot-backend/internal/handler/ota.go:196.2,196.26 1 1
aiot-backend/internal/handler/ota.go:196.26,198.3 1 0
aiot-backend/internal/handler/ota.go:199.2,199.23 1 1
aiot-backend/internal/handler/ota.go:199.23,201.3 1 0
aiot-backend/internal/handler/ota.go:202.2,202.23 1 1
aiot-backend/internal/handler/ota.go:202.23,204.3 1 0
aiot-backend/internal/handler/ota.go:205.2,205.24 1 1
aiot-backend/internal/handler/ota.go:205.24,207.3 1 0
aiot-backend/internal/handler/ota.go:208.2,208.27 1 1
aiot-backend/internal/handler/ota.go:208.27,210.3 1 0
aiot-backend/internal/handler/ota.go:211.2,211.28 1 1
aiot-backend/internal/handler/ota.go:211.28,213.3 1 0
aiot-backend/internal/handler/ota.go:214.2,214.45 1 1
aiot-backend/internal/handler/ota.go:214.45,217.3 2 1
aiot-backend/internal/handler/ota.go:218.2,218.87 1 1
aiot-backend/internal/handler/ota.go:232.48,234.46 2 1
aiot-backend/internal/handler/ota.go:234.46,237.3 2 1
aiot-backend/internal/handler/ota.go:238.2,238.59 1 1
aiot-backend/internal/handler/ota.go:253.48,256.47 3 0
aiot-backend/internal/handler/ota.go:256.47,259.3 2 0
aiot-backend/internal/handler/ota.go:260.2,260.30 1 0
aiot-backend/internal/handler/ota.go:260.30,263.3 2 0
aiot-backend/internal/handler/ota.go:264.2,264.65 1 0
aiot-backend/internal/handler/ota.go:264.65,267.3 2 0
aiot-backend/internal/handler/ota.go:268.2,268.59 1 0
aiot-backend/internal/handler/ota.go:282.50,285.16 3 0
aiot-backend/internal/handler/ota.go:285.16,288.3 2 0
aiot-backend/internal/handler/ota.go:289.2,289.67 1 0
aiot-backend/internal/handler/ota.go:304.54,306.16 2 1
aiot-backend/internal/handler/ota.go:306.16,309.3 2 0
aiot-backend/internal/handler/ota.go:310.2,311.47 2 1
aiot-backend/internal/handler/ota.go:311.47,314.3 2 0
aiot-backend/internal/handler/ota.go:315.2,315.30 1 1
aiot-backend/internal/handler/ota.go:315.30,318.3 2 0
aiot-backend/internal/handler/ota.go:319.2,320.16 2 1
aiot-backend/internal/handler/ota.go:320.16,323.3 2 0
aiot-backend/internal/handler/ota.go:324.2,324.43 1 1
aiot-backend/internal/handler/ota.go:339.54,342.47 3 0
aiot-backend/internal/handler/ota.go:342.47,345.3 2 0
aiot-backend/internal/handler/ota.go:346.2,346.79 1 0
aiot-backend/internal/handler/ota.go:346.79,349.3 2 0
aiot-backend/internal/handler/ota.go:350.2,350.59 1 0
aiot-backend/internal/handler/ota.go:364.47,366.16 2 1
aiot-backend/internal/handler/ota.go:366.16,369.3 2 1
aiot-backend/internal/handler/ota.go:370.2,375.5 1 1
aiot-backend/internal/handler/ota.go:389.49,391.16 2 1
aiot-backend/internal/handler/ota.go:391.16,394.3 2 1
aiot-backend/internal/handler/ota.go:395.2,396.32 2 1
aiot-backend/internal/handler/ota.go:396.32,398.3 1 1
aiot-backend/internal/handler/ota.go:399.2,399.69 1 1
aiot-backend/internal/handler/ota.go:416.53,419.16 3 1
aiot-backend/internal/handler/ota.go:419.16,422.3 2 1
aiot-backend/internal/handler/ota.go:423.2,424.41 2 1
aiot-backend/internal/handler/ota.go:424.41,426.3 1 1
aiot-backend/internal/handler/ota.go:427.2,427.124 1 1
aiot-backend/internal/handler/product.go:13.72,31.2 1 1
aiot-backend/internal/handler/product.go:38.89,40.2 1 1
aiot-backend/internal/handler/product.go:53.49,55.47 2 1
aiot-backend/internal/handler/product.go:55.47,58.3 2 1
aiot-backend/internal/handler/product.go:59.2,60.16 2 1
aiot-backend/internal/handler/product.go:60.16,63.3 2 1
aiot-backend/internal/handler/product.go:64.2,64.89 1 1
aiot-backend/internal/handler/product.go:78.46,80.16 2 1
aiot-backend/internal/handler/product.go:80.16,83.3 2 1
aiot-backend/internal/handler/product.go:84.2,85.16 2 1
aiot-backend/internal/handler/product.go:85.16,88.3 2 1
aiot-backend/internal/handler/product.go:89.2,89.86 1 1
aiot-backend/internal/handler/product.go:103.51,105.16 2 1
aiot-backend/internal/handler/product.go:105.16,108.3 2 1
aiot-backend/internal/handler/product.go:109.2,109.91 1 1
aiot-backend/internal/handler/product.go:127.47,130.16 3 1
aiot-backend/internal/handler/product.go:130.16,133.3 2 1
aiot-backend/internal/handler/product.go:134.2,135.35 2 1
aiot-backend/internal/handler/product.go:135.35,137.3 1 1
aiot-backend/internal/handler/product.go:138.2,138.122 1 1
aiot-backend/internal/handler/product.go:153.49,155.16 2 1
aiot-backend/internal/handler/product.go:155.16,158.3 2 1
aiot-backend/internal/handler/product.go:159.2,160.46 2 1
aiot-backend/internal/handler/product.go:160.46,163.3 2 1
aiot-backend/internal/handler/product.go:164.2,164.20 1 1
aiot-backend/internal/handler/product.go:164.20,166.3 1 1
aiot-backend/internal/handler/product.go:167.2,167.27 1 1
aiot-backend/internal/handler/product.go:167.27,169.3 1 1
aiot-backend/internal/handler/product.go:170.2,170.24 1 1
aiot-backend/internal/handler/product.go:170.24,172.3 1 1
aiot-backend/internal/handler/product.go:173.2,173.22 1 1
aiot-backend/internal/handler/product.go:173.22,175.3 1 1
aiot-backend/internal/handler/product.go:176.2,176.27 1 1
aiot-backend/internal/handler/product.go:176.27,178.3 1 0
aiot-backend/internal/handler/product.go:179.2,179.24 1 1
aiot-backend/internal/handler/product.go:179.24,181.3 1 0
aiot-backend/internal/handler/product.go:182.2,182.34 1 1
aiot-backend/internal/handler/product.go:182.34,184.3 1 0
aiot-backend/internal/handler/product.go:185.2,185.30 1 1
aiot-backend/internal/handler/product.go:185.30,187.3 1 0
aiot-backend/internal/handler/product.go:188.2,188.46 1 1
aiot-backend/internal/handler/product.go:188.46,191.3 2 1
aiot-backend/internal/handler/product.go:192.2,192.89 1 1
aiot-backend/internal/handler/product.go:206.49,208.16 2 1
aiot-backend/internal/handler/product.go:208.16,210.3 1 1
aiot-backend/internal/handler/product.go:211.2,211.16 1 1
aiot-backend/internal/handler/product.go:211.16,214.3 2 1
aiot-backend/internal/handler/product.go:215.2,215.63 1 1
aiot-backend/internal/handler/product.go:229.50,231.16 2 1
aiot-backend/internal/handler/product.go:231.16,234.17 3 1
aiot-backend/internal/handler/product.go:234.17,237.4 2 1
aiot-backend/internal/handler/product.go:239.2,239.21 1 1
aiot-backend/internal/handler/product_message_parser.go:19.128,21.2 1 0
aiot-backend/internal/handler/product_message_parser.go:33.59,35.16 2 0
aiot-backend/internal/handler/product_message_parser.go:35.16,38.3 2 0
aiot-backend/internal/handler/product_message_parser.go:39.2,39.95 1 0
aiot-backend/internal/handler/product_message_parser.go:53.59,55.47 2 0
aiot-backend/internal/handler/product_message_parser.go:55.47,58.3 2 0
aiot-backend/internal/handler/product_message_parser.go:59.2,60.16 2 0
aiot-backend/internal/handler/product_message_parser.go:60.16,63.3 2 0
aiot-backend/internal/handler/product_message_parser.go:64.2,64.91 1 0
aiot-backend/internal/handler/product_message_parser.go:78.63,80.47 2 0
aiot-backend/internal/handler/product_message_parser.go:80.47,83.3 2 0
aiot-backend/internal/handler/product_message_parser.go:84.2,85.16 2 0
aiot-backend/internal/handler/product_message_parser.go:85.16,88.3 2 0
aiot-backend/internal/handler/product_message_parser.go:89.2,89.29 1 0
aiot-backend/internal/handler/product_message_parser.go:92.145,99.2 1 0
aiot-backend/internal/handler/product_tsl.go:15.98,17.2 1 1
aiot-backend/internal/handler/product_tsl.go:30.49,32.16 2 1
aiot-backend/internal/handler/product_tsl.go:32.16,35.3 2 1
aiot-backend/internal/handler/product_tsl.go:36.2,37.26 2 1
aiot-backend/internal/handler/product_tsl.go:37.26,39.3 1 1
aiot-backend/internal/handler/product_tsl.go:40.2,40.194 1 1
aiot-backend/internal/handler/product_tsl.go:56.49,58.47 2 1
aiot-backend/internal/handler/product_tsl.go:58.47,61.3 2 1
aiot-backend/internal/handler/product_tsl.go:62.2,62.64 1 1
aiot-backend/internal/handler/product_tsl.go:62.64,65.3 2 1
aiot-backend/internal/handler/product_tsl.go:66.2,66.66 1 1
aiot-backend/internal/handler/product_tsl.go:80.52,81.55 1 1
aiot-backend/internal/handler/product_tsl.go:81.55,84.3 2 1
aiot-backend/internal/handler/product_tsl.go:85.2,85.66 1 1
aiot-backend/internal/handler/response.go:15.45,17.86 2 1
aiot-backend/internal/handler/response.go:17.86,19.3 1 1
aiot-backend/internal/handler/response.go:19.8,19.58 1 1
aiot-backend/internal/handler/response.go:19.58,21.3 1 1
aiot-backend/internal/handler/response.go:21.8,24.36 1 1
aiot-backend/internal/handler/response.go:24.36,26.3 1 1
aiot-backend/internal/handler/response.go:28.2,28.63 1 1
aiot-backend/internal/handler/response.go:31.40,33.2 1 1
aiot-backend/internal/handler/response.go:35.55,38.20 3 1
aiot-backend/internal/handler/response.go:38.20,40.3 1 1
aiot-backend/internal/handler/response.go:41.2,41.18 1 1
aiot-backend/internal/handler/response.go:41.18,43.3 1 1
aiot-backend/internal/handler/response.go:44.2,44.20 1 1
aiot-backend/internal/handler/response.go:44.20,46.3 1 1
aiot-backend/internal/handler/response.go:47.2,47.29 1 1
aiot-backend/internal/handler/response.go:50.28,51.21 1 1
aiot-backend/internal/handler/response.go:51.21,53.3 1 1
aiot-backend/internal/handler/response.go:55.2,56.57 2 1
aiot-backend/internal/handler/response.go:56.57,58.3 1 1
aiot-backend/internal/handler/response.go:59.2,59.14 1 1
aiot-backend/internal/handler/response.go:62.49,63.17 1 1
aiot-backend/internal/handler/response.go:63.17,65.3 1 1
aiot-backend/internal/handler/response.go:66.2,66.12 1 1
aiot-backend/internal/handler/scene_linkage.go:16.104,18.2 1 0
aiot-backend/internal/handler/scene_linkage.go:20.77,30.2 1 0
aiot-backend/internal/handler/scene_linkage.go:32.38,33.27 1 0
aiot-backend/internal/handler/scene_linkage.go:34.11,35.11 1 0
aiot-backend/internal/handler/scene_linkage.go:36.11,37.11 1 0
aiot-backend/internal/handler/scene_linkage.go:38.10,39.12 1 0
aiot-backend/internal/handler/scene_linkage.go:57.65,60.16 3 0
aiot-backend/internal/handler/scene_linkage.go:60.16,63.3 2 0
aiot-backend/internal/handler/scene_linkage.go:64.2,65.31 2 0
aiot-backend/internal/handler/scene_linkage.go:65.31,67.3 1 0
aiot-backend/internal/handler/scene_linkage.go:68.2,68.129 1 0
aiot-backend/internal/handler/scene_linkage.go:82.63,84.16 2 0
aiot-backend/internal/handler/scene_linkage.go:84.16,87.3 2 0
aiot-backend/internal/handler/scene_linkage.go:88.2,89.16 2 0
aiot-backend/internal/handler/scene_linkage.go:89.16,92.3 2 0
aiot-backend/internal/handler/scene_linkage.go:93.2,93.101 1 0
aiot-backend/internal/handler/scene_linkage.go:107.66,109.47 2 0
aiot-backend/internal/handler/scene_linkage.go:109.47,112.3 2 0
aiot-backend/internal/handler/scene_linkage.go:113.2,114.44 2 0
aiot-backend/internal/handler/scene_linkage.go:114.44,116.3 1 0
aiot-backend/internal/handler/scene_linkage.go:117.2,117.47 1 0
aiot-backend/internal/handler/scene_linkage.go:117.47,120.3 2 0
aiot-backend/internal/handler/scene_linkage.go:121.2,121.104 1 0
aiot-backend/internal/handler/scene_linkage.go:136.66,138.16 2 0
aiot-backend/internal/handler/scene_linkage.go:138.16,141.3 2 0
aiot-backend/internal/handler/scene_linkage.go:142.2,143.47 2 0
aiot-backend/internal/handler/scene_linkage.go:143.47,146.3 2 0
aiot-backend/internal/handler/scene_linkage.go:147.2,148.16 2 0
aiot-backend/internal/handler/scene_linkage.go:148.16,151.3 2 0
aiot-backend/internal/handler/scene_linkage.go:152.2,153.44 2 0
aiot-backend/internal/handler/scene_linkage.go:153.44,155.3 1 0
aiot-backend/internal/handler/scene_linkage.go:156.2,156.47 1 0
aiot-backend/internal/handler/scene_linkage.go:156.47,159.3 2 0
aiot-backend/internal/handler/scene_linkage.go:160.2,160.104 1 0
aiot-backend/internal/handler/scene_linkage.go:174.66,176.16 2 0
aiot-backend/internal/handler/scene_linkage.go:176.16,178.3 1 0
aiot-backend/internal/handler/scene_linkage.go:179.2,179.16 1 0
aiot-backend/internal/handler/scene_linkage.go:179.16,182.3 2 0
aiot-backend/internal/handler/scene_linkage.go:183.2,183.68 1 0
aiot-backend/internal/handler/scene_linkage_detail.go:18.122,20.2 1 0
aiot-backend/internal/handler/scene_linkage_detail.go:22.96,28.2 1 0
aiot-backend/internal/handler/scene_linkage_detail.go:41.75,43.16 2 0
aiot-backend/internal/handler/scene_linkage_detail.go:43.16,46.3 2 0
aiot-backend/internal/handler/scene_linkage_detail.go:47.2,48.16 2 0
aiot-backend/internal/handler/scene_linkage_detail.go:48.16,51.3 2 0
aiot-backend/internal/handler/scene_linkage_detail.go:52.2,52.108 1 0
aiot-backend/internal/handler/scene_linkage_detail.go:67.78,69.16 2 0
aiot-backend/internal/handler/scene_linkage_detail.go:69.16,72.3 2 0
aiot-backend/internal/handler/scene_linkage_detail.go:73.2,74.47 2 0
aiot-backend/internal/handler/scene_linkage_detail.go:74.47,77.3 2 0
aiot-backend/internal/handler/scene_linkage_detail.go:78.2,83.36 2 0
aiot-backend/internal/handler/scene_linkage_detail.go:83.36,85.3 1 0
aiot-backend/internal/handler/scene_linkage_detail.go:86.2,86.35 1 0
aiot-backend/internal/handler/scene_linkage_detail.go:86.35,88.3 1 0
aiot-backend/internal/handler/scene_linkage_detail.go:89.2,89.48 1 0
aiot-backend/internal/handler/scene_linkage_detail.go:89.48,92.3 2 0
aiot-backend/internal/handler/scene_linkage_detail.go:93.2,93.111 1 0
aiot-backend/internal/handler/scene_linkage_detail.go:108.78,110.16 2 0
aiot-backend/internal/handler/scene_linkage_detail.go:110.16,113.3 2 0
aiot-backend/internal/handler/scene_linkage_detail.go:114.2,115.47 2 0
aiot-backend/internal/handler/scene_linkage_detail.go:115.47,118.3 2 0
aiot-backend/internal/handler/scene_linkage_detail.go:119.2,120.16 2 0
aiot-backend/internal/handler/scene_linkage_detail.go:120.16,123.3 2 0
aiot-backend/internal/handler/scene_linkage_detail.go:124.2,126.36 3 0
aiot-backend/internal/handler/scene_linkage_detail.go:126.36,128.3 1 0
aiot-backend/internal/handler/scene_linkage_detail.go:129.2,129.35 1 0
aiot-backend/internal/handler/scene_linkage_detail.go:129.35,131.3 1 0
aiot-backend/internal/handler/scene_linkage_detail.go:132.2,132.48 1 0
aiot-backend/internal/handler/scene_linkage_detail.go:132.48,135.3 2 0
aiot-backend/internal/handler/scene_linkage_detail.go:136.2,136.111 1 0
aiot-backend/internal/handler/user.go:16.85,21.2 1 1
aiot-backend/internal/handler/user.go:33.50,35.48 2 1
aiot-backend/internal/handler/user.go:35.48,38.3 2 1
aiot-backend/internal/handler/user.go:40.2,40.57 1 1
aiot-backend/internal/handler/user.go:40.57,44.3 3 1
aiot-backend/internal/handler/user.go:46.2,46.28 1 1
aiot-backend/internal/handler/user.go:59.47,61.49 2 1
aiot-backend/internal/handler/user.go:61.49,64.3 2 1
aiot-backend/internal/handler/user.go:66.2,67.16 2 1
aiot-backend/internal/handler/user.go:67.16,70.3 2 1
aiot-backend/internal/handler/user.go:71.2,73.4 1 1
aiot-backend/internal/handler/user.go:86.52,88.18 2 1
aiot-backend/internal/handler/user.go:88.18,91.3 2 1
aiot-backend/internal/handler/user.go:93.2,94.16 2 1
aiot-backend/internal/handler/user.go:94.16,97.3 2 1
aiot-backend/internal/handler/user.go:99.2,99.29 1 1
aiot-backend/internal/handler/user.go:113.55,117.49 3 1
aiot-backend/internal/handler/user.go:117.49,120.3 2 1
aiot-backend/internal/handler/user.go:122.2,122.71 1 1
aiot-backend/internal/handler/user.go:122.71,125.3 2 1
aiot-backend/internal/handler/user.go:127.2,127.28 1 1
aiot-backend/internal/handler/user.go:140.61,142.18 2 1
aiot-backend/internal/handler/user.go:142.18,145.3 2 0
aiot-backend/internal/handler/user.go:147.2,148.16 2 1
aiot-backend/internal/handler/user.go:148.16,151.3 2 0
aiot-backend/internal/handler/user.go:153.2,153.30 1 1
aiot-backend/internal/handler/user.go:167.60,169.18 2 1
aiot-backend/internal/handler/user.go:169.18,172.3 2 0
aiot-backend/internal/handler/user.go:174.2,175.49 2 1
aiot-backend/internal/handler/user.go:175.49,178.3 2 0
aiot-backend/internal/handler/user.go:180.2,181.16 2 1
aiot-backend/internal/handler/user.go:181.16,182.29 1 0
aiot-backend/internal/handler/user.go:182.29,185.4 2 0
aiot-backend/internal/handler/user.go:186.3,187.9 2 0
aiot-backend/internal/handler/user.go:190.2,192.4 1 1
aiot-backend/internal/repository/device.go:34.72,36.2 1 0
aiot-backend/internal/repository/device.go:38.61,40.2 1 0
aiot-backend/internal/repository/device.go:42.87,45.16 3 0
aiot-backend/internal/repository/device.go:45.16,46.45 1 0
aiot-backend/internal/repository/device.go:46.45,48.4 1 0
aiot-backend/internal/repository/device.go:49.3,49.18 1 0
aiot-backend/internal/repository/device.go:51.2,51.18 1 0
aiot-backend/internal/repository/device.go:54.94,57.16 3 0
aiot-backend/internal/repository/device.go:57.16,58.45 1 0
aiot-backend/internal/repository/device.go:58.45,60.4 1 0
aiot-backend/internal/repository/device.go:61.3,61.18 1 0
aiot-backend/internal/repository/device.go:63.2,63.18 1 0
aiot-backend/internal/repository/device.go:67.100,68.20 1 0
aiot-backend/internal/repository/device.go:68.20,70.3 1 0
aiot-backend/internal/repository/device.go:71.2,75.16 3 0
aiot-backend/internal/repository/device.go:75.16,77.3 1 0
aiot-backend/internal/repository/device.go:78.2,78.21 1 0
aiot-backend/internal/repository/device.go:83.102,86.16 3 0
aiot-backend/internal/repository/device.go:86.16,87.45 1 0
aiot-backend/internal/repository/device.go:87.45,89.4 1 0
aiot-backend/internal/repository/device.go:90.3,90.18 1 0
aiot-backend/internal/repository/device.go:92.2,92.18 1 0
aiot-backend/internal/repository/device.go:95.84,96.64 1 0
aiot-backend/internal/repository/device.go:96.64,97.67 1 0
aiot-backend/internal/repository/device.go:97.67,99.4 1 0
aiot-backend/internal/repository/device.go:100.3,100.116 1 0
aiot-backend/internal/repository/device.go:104.165,107.19 3 0
aiot-backend/internal/repository/device.go:107.19,109.3 1 0
aiot-backend/internal/repository/device.go:110.2,110.21 1 0
aiot-backend/internal/repository/device.go:110.21,112.3 1 0
aiot-backend/internal/repository/device.go:113.2,113.20 1 0
aiot-backend/internal/repository/device.go:113.20,115.3 1 0
aiot-backend/internal/repository/device.go:116.2,116.18 1 0
aiot-backend/internal/repository/device.go:116.18,118.3 1 0
aiot-backend/internal/repository/device.go:119.2,120.16 2 0
aiot-backend/internal/repository/device.go:120.16,122.3 1 0
aiot-backend/internal/repository/device.go:123.2,124.23 2 0
aiot-backend/internal/repository/device.go:124.23,126.3 1 0
aiot-backend/internal/repository/device.go:127.2,127.27 1 0
aiot-backend/internal/repository/device.go:130.82,131.64 1 0
aiot-backend/internal/repository/device.go:131.64,132.65 1 0
aiot-backend/internal/repository/device.go:132.65,134.4 1 0
aiot-backend/internal/repository/device.go:135.3,135.61 1 0
aiot-backend/internal/repository/device.go:139.89,141.2 1 0
aiot-backend/internal/repository/device.go:143.86,147.129 4 0
aiot-backend/internal/repository/device.go:147.129,149.3 1 0
aiot-backend/internal/repository/device.go:150.2,150.110 1 0
aiot-backend/internal/repository/device.go:150.110,153.17 3 0
aiot-backend/internal/repository/device.go:153.17,155.4 1 0
aiot-backend/internal/repository/device.go:157.2,160.8 1 0
aiot-backend/internal/repository/device.go:163.84,167.2 3 0
aiot-backend/internal/repository/device.go:169.73,173.2 3 0
aiot-backend/internal/repository/device.go:175.87,176.20 1 0
aiot-backend/internal/repository/device.go:176.20,178.3 1 0
aiot-backend/internal/repository/device.go:179.2,180.31 2 0
aiot-backend/internal/repository/device.go:180.31,182.3 1 0
aiot-backend/internal/repository/device.go:183.2,183.15 1 0
aiot-backend/internal/repository/device_event.go:15.65,17.2 1 0
aiot-backend/internal/repository/device_event.go:18.93,20.2 1 0
aiot-backend/internal/repository/device_event.go:22.176,25.19 3 0
aiot-backend/internal/repository/device_event.go:25.19,28.3 2 0
aiot-backend/internal/repository/device_event.go:29.2,29.21 1 0
aiot-backend/internal/repository/device_event.go:29.21,31.3 1 0
aiot-backend/internal/repository/device_event.go:32.2,32.21 1 0
aiot-backend/internal/repository/device_event.go:32.21,34.3 1 0
aiot-backend/internal/repository/device_event.go:35.2,35.20 1 0
aiot-backend/internal/repository/device_event.go:35.20,37.3 1 0
aiot-backend/internal/repository/device_event.go:38.2,38.18 1 0
aiot-backend/internal/repository/device_event.go:38.18,40.3 1 0
aiot-backend/internal/repository/device_event.go:41.2,42.16 2 0
aiot-backend/internal/repository/device_event.go:42.16,44.3 1 0
aiot-backend/internal/repository/device_event.go:45.2,47.27 3 0
aiot-backend/internal/repository/device_shadow.go:17.67,19.2 1 0
aiot-backend/internal/repository/device_shadow.go:21.67,23.2 1 0
aiot-backend/internal/repository/device_shadow.go:25.110,27.88 2 0
aiot-backend/internal/repository/device_shadow.go:27.88,28.45 1 0
aiot-backend/internal/repository/device_shadow.go:28.45,30.4 1 0
aiot-backend/internal/repository/device_shadow.go:31.3,31.18 1 0
aiot-backend/internal/repository/device_shadow.go:33.2,33.21 1 0
aiot-backend/internal/repository/device_shadow.go:38.192,40.55 2 0
aiot-backend/internal/repository/device_shadow.go:40.55,43.45 3 0
aiot-backend/internal/repository/device_shadow.go:43.45,44.21 1 0
aiot-backend/internal/repository/device_shadow.go:44.21,46.5 1 0
aiot-backend/internal/repository/device_shadow.go:47.4,48.52 2 0
aiot-backend/internal/repository/device_shadow.go:48.52,50.5 1 0
aiot-backend/internal/repository/device_shadow.go:51.9,51.24 1 0
aiot-backend/internal/repository/device_shadow.go:51.24,53.4 1 0
aiot-backend/internal/repository/device_shadow.go:54.3,54.34 1 0
aiot-backend/internal/repository/device_shadow.go:54.34,56.4 1 0
aiot-backend/internal/repository/device_shadow.go:57.3,57.21 1 0
aiot-backend/internal/repository/device_shadow.go:57.21,60.4 2 0
aiot-backend/internal/repository/device_shadow.go:61.3,61.22 1 0
aiot-backend/internal/repository/device_shadow.go:61.22,64.4 2 0
aiot-backend/internal/repository/device_shadow.go:65.3,65.19 1 0
aiot-backend/internal/repository/device_shadow.go:65.19,67.4 1 0
aiot-backend/internal/repository/device_shadow.go:68.3,71.24 2 0
aiot-backend/internal/repository/device_shadow.go:71.24,73.4 1 0
aiot-backend/internal/repository/device_shadow.go:74.3,74.208 1 0
aiot-backend/internal/repository/device_shadow.go:74.208,76.4 1 0
aiot-backend/internal/repository/device_shadow.go:77.3,78.13 2 0
aiot-backend/internal/repository/device_shadow.go:80.2,80.18 1 0
aiot-backend/internal/repository/device_shadow.go:83.126,87.2 3 0
aiot-backend/internal/repository/device_tag.go:15.61,17.2 1 0
aiot-backend/internal/repository/device_tag.go:19.64,21.2 1 0
aiot-backend/internal/repository/device_tag.go:23.104,27.2 3 0
aiot-backend/internal/repository/device_tag.go:29.120,30.55 1 0
aiot-backend/internal/repository/device_tag.go:30.55,31.14 1 0
aiot-backend/internal/repository/device_tag.go:31.14,32.95 1 0
aiot-backend/internal/repository/device_tag.go:32.95,34.5 1 0
aiot-backend/internal/repository/device_tag.go:36.3,36.32 1 0
aiot-backend/internal/repository/device_tag.go:36.32,39.46 3 0
aiot-backend/internal/repository/device_tag.go:39.46,40.123 1 0
aiot-backend/internal/repository/device_tag.go:40.123,42.6 1 0
aiot-backend/internal/repository/device_tag.go:43.5,43.13 1 0
aiot-backend/internal/repository/device_tag.go:45.4,45.18 1 0
aiot-backend/internal/repository/device_tag.go:45.18,47.5 1 0
aiot-backend/internal/repository/device_tag.go:48.4,48.137 1 0
aiot-backend/internal/repository/device_tag.go:48.137,50.5 1 0
aiot-backend/internal/repository/device_tag.go:52.3,52.13 1 0
aiot-backend/internal/repository/device_tag.go:56.100,58.2 1 0
aiot-backend/internal/repository/organization.go:18.70,22.2 1 1
aiot-backend/internal/repository/organization.go:28.93,30.2 1 1
aiot-backend/internal/repository/organization.go:32.102,34.72 2 0
aiot-backend/internal/repository/organization.go:34.72,35.45 1 0
aiot-backend/internal/repository/organization.go:35.45,37.4 1 0
aiot-backend/internal/repository/organization.go:38.3,38.18 1 0
aiot-backend/internal/repository/organization.go:40.2,40.18 1 0
aiot-backend/internal/repository/organization.go:43.109,44.19 1 1
aiot-backend/internal/repository/organization.go:44.19,46.3 1 0
aiot-backend/internal/repository/organization.go:47.2,48.74 2 1
aiot-backend/internal/repository/organization.go:48.74,50.3 1 0
aiot-backend/internal/repository/organization.go:51.2,51.18 1 1
aiot-backend/internal/repository/organization_user.go:21.78,25.2 1 1
aiot-backend/internal/repository/organization_user.go:31.105,33.2 1 1
aiot-backend/internal/repository/organization_user.go:35.120,37.82 2 1
aiot-backend/internal/repository/organization_user.go:37.82,39.3 1 0
aiot-backend/internal/repository/organization_user.go:40.2,40.19 1 1
aiot-backend/internal/repository/organization_user.go:43.108,47.55 2 0
aiot-backend/internal/repository/organization_user.go:47.55,49.3 1 0
aiot-backend/internal/repository/organization_user.go:50.2,50.20 1 0
aiot-backend/internal/repository/organization_user.go:53.110,57.35 2 1
aiot-backend/internal/repository/organization_user.go:57.35,59.3 1 0
aiot-backend/internal/repository/organization_user.go:60.2,60.23 1 1
aiot-backend/internal/repository/organization_user.go:63.136,65.113 2 0
aiot-backend/internal/repository/organization_user.go:65.113,66.45 1 0
aiot-backend/internal/repository/organization_user.go:66.45,68.4 1 0
aiot-backend/internal/repository/organization_user.go:69.3,69.18 1 0
aiot-backend/internal/repository/organization_user.go:71.2,71.19 1 0
aiot-backend/internal/repository/organization_user.go:74.130,78.2 1 1
aiot-backend/internal/repository/ota.go:25.58,25.91 1 0
aiot-backend/internal/repository/ota.go:26.58,26.90 1 0
aiot-backend/internal/repository/ota.go:28.89,32.2 1 0
aiot-backend/internal/repository/ota.go:34.88,36.109 2 0
aiot-backend/internal/repository/ota.go:36.109,37.45 1 0
aiot-backend/internal/repository/ota.go:37.45,39.4 1 0
aiot-backend/internal/repository/ota.go:40.3,40.18 1 0
aiot-backend/internal/repository/ota.go:42.2,42.18 1 0
aiot-backend/internal/repository/ota.go:44.97,46.150 2 0
aiot-backend/internal/repository/ota.go:46.150,47.45 1 0
aiot-backend/internal/repository/ota.go:47.45,49.4 1 0
aiot-backend/internal/repository/ota.go:50.3,50.18 1 0
aiot-backend/internal/repository/ota.go:52.2,52.18 1 0
aiot-backend/internal/repository/ota.go:55.97,57.142 2 0
aiot-backend/internal/repository/ota.go:57.142,58.45 1 0
aiot-backend/internal/repository/ota.go:58.45,60.4 1 0
aiot-backend/internal/repository/ota.go:61.3,61.18 1 0
aiot-backend/internal/repository/ota.go:63.2,63.18 1 0
aiot-backend/internal/repository/ota.go:66.102,69.49 3 0
aiot-backend/internal/repository/ota.go:69.49,71.3 1 0
aiot-backend/internal/repository/ota.go:72.2,74.128 3 0
aiot-backend/internal/repository/ota.go:74.128,76.3 1 0
aiot-backend/internal/repository/ota.go:77.2,77.29 1 0
aiot-backend/internal/repository/ota.go:80.82,82.2 1 0
aiot-backend/internal/repository/ota.go:84.80,86.2 1 0
aiot-backend/internal/repository/ota.go:88.69,90.16 2 0
aiot-backend/internal/repository/ota.go:90.16,92.3 1 0
aiot-backend/internal/repository/ota.go:93.2,93.36 1 0
aiot-backend/internal/repository/ota.go:96.101,99.54 3 0
aiot-backend/internal/repository/ota.go:99.54,101.3 1 0
aiot-backend/internal/repository/ota.go:102.2,103.52 2 0
aiot-backend/internal/repository/ota.go:103.52,107.36 2 0
aiot-backend/internal/repository/ota.go:107.36,109.4 1 0
aiot-backend/internal/repository/ota.go:110.3,110.20 1 0
aiot-backend/internal/repository/ota.go:112.2,113.62 2 0
aiot-backend/internal/repository/ota.go:113.62,115.3 1 0
aiot-backend/internal/repository/ota.go:116.2,116.60 1 0
aiot-backend/internal/repository/ota.go:116.60,118.3 1 0
aiot-backend/internal/repository/ota.go:119.2,119.66 1 0
aiot-backend/internal/repository/ota.go:119.66,121.3 1 0
aiot-backend/internal/repository/ota.go:122.2,122.62 1 0
aiot-backend/internal/repository/ota.go:122.62,124.3 1 0
aiot-backend/internal/repository/ota.go:125.2,125.69 1 0
aiot-backend/internal/repository/ota.go:125.69,127.3 1 0
aiot-backend/internal/repository/ota.go:128.2,128.20 1 0
aiot-backend/internal/repository/ota.go:131.101,135.2 3 0
aiot-backend/internal/repository/ota.go:138.91,140.2 1 0
aiot-backend/internal/repository/ota.go:144.134,145.25 1 0
aiot-backend/internal/repository/ota.go:145.25,147.3 1 0
aiot-backend/internal/repository/ota.go:148.2,153.31 5 0
aiot-backend/internal/repository/ota.go:153.31,154.28 1 0
aiot-backend/internal/repository/ota.go:154.28,155.12 1 0
aiot-backend/internal/repository/ota.go:157.3,158.26 2 0
aiot-backend/internal/repository/ota.go:160.2,163.37 3 0
aiot-backend/internal/repository/ota.go:163.37,172.3 2 0
aiot-backend/internal/repository/ota.go:174.2,174.51 1 0
aiot-backend/internal/repository/ota.go:174.51,176.3 1 0
aiot-backend/internal/repository/ota.go:177.2,177.28 1 0
aiot-backend/internal/repository/ota.go:180.147,186.18 2 0
aiot-backend/internal/repository/ota.go:186.18,188.3 1 0
aiot-backend/internal/repository/ota.go:189.2,190.50 2 0
aiot-backend/internal/repository/ota.go:190.50,192.3 1 0
aiot-backend/internal/repository/ota.go:193.2,195.78 2 0
aiot-backend/internal/repository/ota.go:195.78,197.3 1 0
aiot-backend/internal/repository/ota.go:198.2,198.32 1 0
aiot-backend/internal/repository/ota.go:204.113,205.25 1 0
aiot-backend/internal/repository/ota.go:205.25,207.3 1 0
aiot-backend/internal/repository/ota.go:208.2,214.31 5 0
aiot-backend/internal/repository/ota.go:214.31,215.28 1 0
aiot-backend/internal/repository/ota.go:215.28,216.12 1 0
aiot-backend/internal/repository/ota.go:218.3,219.26 2 0
aiot-backend/internal/repository/ota.go:221.2,226.37 3 0
aiot-backend/internal/repository/ota.go:226.37,228.3 1 0
aiot-backend/internal/repository/ota.go:229.2,230.29 2 0
aiot-backend/internal/repository/ota.go:230.29,232.3 1 0
aiot-backend/internal/repository/ota.go:234.2,236.37 3 0
aiot-backend/internal/repository/ota.go:236.37,237.49 1 0
aiot-backend/internal/repository/ota.go:237.49,238.27 1 0
aiot-backend/internal/repository/ota.go:238.27,240.5 1 0
aiot-backend/internal/repository/ota.go:241.9,249.4 2 0
aiot-backend/internal/repository/ota.go:252.2,252.23 1 0
aiot-backend/internal/repository/ota.go:252.23,255.50 1 0
aiot-backend/internal/repository/ota.go:255.50,257.4 1 0
aiot-backend/internal/repository/ota.go:259.2,259.23 1 0
aiot-backend/internal/repository/ota.go:259.23,260.52 1 0
aiot-backend/internal/repository/ota.go:260.52,262.4 1 0
aiot-backend/internal/repository/ota.go:264.2,264.28 1 0
aiot-backend/internal/repository/ota.go:269.94,276.22 2 0
aiot-backend/internal/repository/ota.go:276.22,278.3 1 0
aiot-backend/internal/repository/ota.go:279.2,279.30 1 0
aiot-backend/internal/repository/ota.go:283.129,287.57 2 0
aiot-backend/internal/repository/ota.go:287.57,289.3 1 0
aiot-backend/internal/repository/ota.go:290.2,294.26 2 0
aiot-backend/internal/repository/ota.go:294.26,296.3 1 0
aiot-backend/internal/repository/ota.go:297.2,299.25 1 0
aiot-backend/internal/repository/ota.go:303.84,309.33 2 0
aiot-backend/internal/repository/ota.go:309.33,311.3 1 0
aiot-backend/internal/repository/ota.go:312.2,313.27 2 0
aiot-backend/internal/repository/ota.go:313.27,314.21 1 0
aiot-backend/internal/repository/ota.go:314.21,316.4 1 0
aiot-backend/internal/repository/ota.go:318.2,318.19 1 0
aiot-backend/internal/repository/ota.go:323.81,328.51 2 0
aiot-backend/internal/repository/ota.go:328.51,330.3 1 0
aiot-backend/internal/repository/ota.go:331.2,332.24 2 0
aiot-backend/internal/repository/ota.go:332.24,334.17 2 0
aiot-backend/internal/repository/ota.go:334.17,335.12 1 0
aiot-backend/internal/repository/ota.go:337.3,337.30 1 0
aiot-backend/internal/repository/ota.go:339.2,339.20 1 0
aiot-backend/internal/repository/product.go:17.57,19.2 1 0
aiot-backend/internal/repository/product.go:21.62,23.2 1 0
aiot-backend/internal/repository/product.go:25.89,28.16 3 0
aiot-backend/internal/repository/product.go:28.16,29.45 1 0
aiot-backend/internal/repository/product.go:29.45,31.4 1 0
aiot-backend/internal/repository/product.go:32.3,32.18 1 0
aiot-backend/internal/repository/product.go:34.2,34.21 1 0
aiot-backend/internal/repository/product.go:37.96,40.16 3 0
aiot-backend/internal/repository/product.go:40.16,41.45 1 0
aiot-backend/internal/repository/product.go:41.45,43.4 1 0
aiot-backend/internal/repository/product.go:44.3,44.18 1 0
aiot-backend/internal/repository/product.go:46.2,46.21 1 0
aiot-backend/internal/repository/product.go:49.87,51.2 1 0
aiot-backend/internal/repository/product.go:53.85,55.2 1 0
aiot-backend/internal/repository/product.go:57.95,60.2 2 0
aiot-backend/internal/repository/product.go:62.87,65.2 2 0
aiot-backend/internal/repository/product.go:67.136,70.20 3 0
aiot-backend/internal/repository/product.go:70.20,72.3 1 0
aiot-backend/internal/repository/product.go:73.2,73.18 1 0
aiot-backend/internal/repository/product.go:73.18,75.3 1 0
aiot-backend/internal/repository/product.go:76.2,76.18 1 0
aiot-backend/internal/repository/product.go:76.18,78.3 1 0
aiot-backend/internal/repository/product.go:79.2,80.16 2 0
aiot-backend/internal/repository/product.go:80.16,82.3 1 0
aiot-backend/internal/repository/product.go:83.2,84.23 2 0
aiot-backend/internal/repository/product.go:84.23,86.3 1 0
aiot-backend/internal/repository/product.go:87.2,87.27 1 0
aiot-backend/internal/repository/product.go:90.74,94.2 3 0
aiot-backend/internal/repository/product_message_parser.go:16.83,18.2 1 0
aiot-backend/internal/repository/product_message_parser.go:20.133,26.16 3 0
aiot-backend/internal/repository/product_message_parser.go:26.16,27.45 1 0
aiot-backend/internal/repository/product_message_parser.go:27.45,29.4 1 0
aiot-backend/internal/repository/product_message_parser.go:30.3,30.18 1 0
aiot-backend/internal/repository/product_message_parser.go:32.2,32.20 1 0
aiot-backend/internal/repository/product_message_parser.go:35.110,37.75 2 0
aiot-backend/internal/repository/product_message_parser.go:37.75,40.3 2 0
aiot-backend/internal/repository/product_message_parser.go:40.8,40.41 1 0
aiot-backend/internal/repository/product_message_parser.go:40.41,42.3 1 0
aiot-backend/internal/repository/product_message_parser.go:43.2,43.79 1 0
aiot-backend/internal/repository/product_tsl.go:15.63,17.2 1 0
aiot-backend/internal/repository/product_tsl.go:19.113,21.108 2 0
aiot-backend/internal/repository/product_tsl.go:21.108,22.45 1 0
aiot-backend/internal/repository/product_tsl.go:22.45,24.4 1 0
aiot-backend/internal/repository/product_tsl.go:25.3,25.18 1 0
aiot-backend/internal/repository/product_tsl.go:27.2,27.18 1 0
aiot-backend/internal/repository/product_tsl.go:30.87,32.2 1 0
aiot-backend/internal/repository/product_tsl.go:34.89,36.2 1 0
aiot-backend/internal/repository/product_tsl.go:38.89,40.2 1 0
aiot-backend/internal/repository/push_record.go:16.63,18.2 1 0
aiot-backend/internal/repository/push_record.go:20.65,22.2 1 0
aiot-backend/internal/repository/push_record.go:24.108,26.2 1 0
aiot-backend/internal/repository/push_record.go:28.172,30.25 2 0
aiot-backend/internal/repository/push_record.go:30.25,32.3 1 0
aiot-backend/internal/repository/push_record.go:33.2,33.18 1 0
aiot-backend/internal/repository/push_record.go:33.18,35.3 1 0
aiot-backend/internal/repository/push_record.go:36.2,37.50 2 0
aiot-backend/internal/repository/push_record.go:37.50,39.3 1 0
aiot-backend/internal/repository/push_record.go:40.2,41.114 2 0
aiot-backend/internal/repository/push_record.go:41.114,43.3 1 0
aiot-backend/internal/repository/push_record.go:44.2,44.28 1 0
aiot-backend/internal/repository/push_record.go:47.111,49.59 2 0
aiot-backend/internal/repository/push_record.go:49.59,50.45 1 0
aiot-backend/internal/repository/push_record.go:50.45,52.4 1 0
aiot-backend/internal/repository/push_record.go:53.3,53.18 1 0
aiot-backend/internal/repository/push_record.go:55.2,55.21 1 0
aiot-backend/internal/repository/push_record.go:58.121,60.19 2 0
aiot-backend/internal/repository/push_record.go:60.19,62.3 1 0
aiot-backend/internal/repository/push_record.go:63.2,64.42 2 0
aiot-backend/internal/repository/query.go:8.42,10.2 1 0
aiot-backend/internal/repository/query.go:12.41,14.2 1 0
aiot-backend/internal/repository/repository.go:35.15,42.2 1 1
aiot-backend/internal/repository/repository.go:48.48,50.2 1 1
aiot-backend/internal/repository/repository.go:54.55,56.14 2 1
aiot-backend/internal/repository/repository.go:56.14,57.33 1 1
aiot-backend/internal/repository/repository.go:57.33,59.4 1 1
aiot-backend/internal/repository/repository.go:61.2,61.30 1 1
aiot-backend/internal/repository/repository.go:64.97,65.55 1 1
aiot-backend/internal/repository/repository.go:65.55,68.3 2 1
aiot-backend/internal/repository/repository.go:71.55,73.2 1 0
aiot-backend/internal/repository/repository.go:79.56,81.2 1 0
aiot-backend/internal/repository/repository.go:83.67,92.31 5 0
aiot-backend/internal/repository/repository.go:92.31,93.56 1 0
aiot-backend/internal/repository/repository.go:97.2,97.16 1 0
aiot-backend/internal/repository/repository.go:98.15,101.5 1 0
aiot-backend/internal/repository/repository.go:102.18,106.22 1 0
aiot-backend/internal/repository/repository.go:107.16,108.56 1 0
aiot-backend/internal/repository/repository.go:109.10,110.29 1 0
aiot-backend/internal/repository/repository.go:112.2,112.16 1 0
aiot-backend/internal/repository/repository.go:112.16,113.13 1 0
aiot-backend/internal/repository/repository.go:115.2,119.16 3 0
aiot-backend/internal/repository/repository.go:119.16,120.13 1 0
aiot-backend/internal/repository/repository.go:122.2,125.11 4 0
aiot-backend/internal/repository/repository.go:127.48,138.16 5 0
aiot-backend/internal/repository/repository.go:138.16,139.53 1 0
aiot-backend/internal/repository/repository.go:142.2,142.12 1 0
aiot-backend/internal/repository/repository.go:149.47,151.16 2 0
aiot-backend/internal/repository/repository.go:151.16,153.3 1 0
aiot-backend/internal/repository/repository.go:154.2,156.5 1 0
aiot-backend/internal/repository/repository.go:158.65,163.16 3 0
aiot-backend/internal/repository/repository.go:163.16,164.60 1 0
aiot-backend/internal/repository/repository.go:167.2,171.16 4 0
aiot-backend/internal/repository/repository.go:171.16,172.58 1 0
aiot-backend/internal/repository/repository.go:175.2,175.24 1 0
aiot-backend/internal/repository/repository.go:175.24,177.17 2 0
aiot-backend/internal/repository/repository.go:177.17,178.65 1 0
aiot-backend/internal/repository/scene_linkage.go:16.67,18.2 1 0
aiot-backend/internal/repository/scene_linkage.go:20.67,22.2 1 0
aiot-backend/internal/repository/scene_linkage.go:24.99,27.16 3 0
aiot-backend/internal/repository/scene_linkage.go:27.16,28.45 1 0
aiot-backend/internal/repository/scene_linkage.go:28.45,30.4 1 0
aiot-backend/internal/repository/scene_linkage.go:31.3,31.18 1 0
aiot-backend/internal/repository/scene_linkage.go:33.2,33.19 1 0
aiot-backend/internal/repository/scene_linkage.go:36.140,39.18 3 0
aiot-backend/internal/repository/scene_linkage.go:39.18,41.3 1 0
aiot-backend/internal/repository/scene_linkage.go:42.2,42.32 1 0
aiot-backend/internal/repository/scene_linkage.go:42.32,44.3 1 0
aiot-backend/internal/repository/scene_linkage.go:45.2,46.16 2 0
aiot-backend/internal/repository/scene_linkage.go:46.16,48.3 1 0
aiot-backend/internal/repository/scene_linkage.go:49.2,50.23 2 0
aiot-backend/internal/repository/scene_linkage.go:50.23,52.3 1 0
aiot-backend/internal/repository/scene_linkage.go:53.2,53.27 1 0
aiot-backend/internal/repository/scene_linkage.go:56.95,59.2 2 0
aiot-backend/internal/repository/scene_linkage.go:61.93,62.49 1 0
aiot-backend/internal/repository/scene_linkage.go:62.49,64.3 1 0
aiot-backend/internal/repository/scene_linkage.go:65.2,65.68 1 0
aiot-backend/internal/repository/scene_linkage.go:68.78,70.16 2 0
aiot-backend/internal/repository/scene_linkage.go:70.16,72.3 1 0
aiot-backend/internal/repository/scene_linkage.go:73.2,74.12 2 0
aiot-backend/internal/repository/scene_linkage_detail.go:15.79,17.2 1 0
aiot-backend/internal/repository/scene_linkage_detail.go:19.125,22.16 3 0
aiot-backend/internal/repository/scene_linkage_detail.go:22.16,23.45 1 0
aiot-backend/internal/repository/scene_linkage_detail.go:23.45,25.4 1 0
aiot-backend/internal/repository/scene_linkage_detail.go:26.3,26.18 1 0
aiot-backend/internal/repository/scene_linkage_detail.go:28.2,28.20 1 0
aiot-backend/internal/repository/scene_linkage_detail.go:31.108,33.2 1 0
aiot-backend/internal/repository/scene_linkage_detail.go:35.106,37.2 1 0
aiot-backend/internal/repository/user.go:20.18,24.2 1 1
aiot-backend/internal/repository/user.go:30.78,31.53 1 1
aiot-backend/internal/repository/user.go:31.53,33.3 1 0
aiot-backend/internal/repository/user.go:34.2,34.12 1 1
aiot-backend/internal/repository/user.go:37.78,38.51 1 0
aiot-backend/internal/repository/user.go:38.51,40.3 1 0
aiot-backend/internal/repository/user.go:41.2,41.12 1 0
aiot-backend/internal/repository/user.go:44.91,46.82 2 0
aiot-backend/internal/repository/user.go:46.82,47.45 1 0
aiot-backend/internal/repository/user.go:47.45,49.4 1 0
aiot-backend/internal/repository/user.go:50.3,50.18 1 0
aiot-backend/internal/repository/user.go:52.2,52.19 1 0
aiot-backend/internal/repository/user.go:55.93,57.79 2 1
aiot-backend/internal/repository/user.go:57.79,58.45 1 1
aiot-backend/internal/repository/user.go:58.45,60.4 1 1
aiot-backend/internal/repository/user.go:61.3,61.18 1 0
aiot-backend/internal/repository/user.go:63.2,63.19 1 1
aiot-backend/internal/service/device.go:87.18,89.2 1 0
aiot-backend/internal/service/device.go:91.60,92.21 1 0
aiot-backend/internal/service/device.go:92.21,94.3 1 0
aiot-backend/internal/service/device.go:96.2,97.57 2 0
aiot-backend/internal/service/device.go:97.57,98.40 1 0
aiot-backend/internal/service/device.go:98.40,100.4 1 0
aiot-backend/internal/service/device.go:101.3,101.27 1 0
aiot-backend/internal/service/device.go:103.2,103.32 1 0
aiot-backend/internal/service/device.go:103.32,105.3 1 0
aiot-backend/internal/service/device.go:106.2,106.19 1 0
aiot-backend/internal/service/device.go:109.25,113.2 3 0
[...]
aiot-backend/internal/service/file_r2.go:35.2,40.16 2 0
aiot-backend/internal/service/file_r2.go:40.16,42.3 1 0
aiot-backend/internal/service/file_r2.go:43.2,43.12 1 0
aiot-backend/internal/service/ota.go:45.148,47.2 1 1
aiot-backend/internal/service/ota.go:49.99,51.2 1 1
aiot-backend/internal/service/ota.go:53.87,55.2 1 1
aiot-backend/internal/service/ota.go:57.98,59.16 2 1
aiot-backend/internal/service/ota.go:59.16,61.3 1 1
aiot-backend/internal/service/ota.go:62.2,65.20 4 1
aiot-backend/internal/service/ota.go:65.20,67.3 1 1
aiot-backend/internal/service/ota.go:68.2,68.32 1 1
aiot-backend/internal/service/ota.go:71.79,72.66 1 1
aiot-backend/internal/service/ota.go:72.66,74.3 1 1
aiot-backend/internal/service/ota.go:75.2,75.30 1 1
aiot-backend/internal/service/ota.go:78.69,80.16 2 1
aiot-backend/internal/service/ota.go:80.16,82.3 1 1
aiot-backend/internal/service/ota.go:83.2,83.35 1 1
aiot-backend/internal/service/ota.go:86.97,88.16 2 1
aiot-backend/internal/service/ota.go:88.16,90.3 1 0
aiot-backend/internal/service/ota.go:91.2,92.16 2 1
aiot-backend/internal/service/ota.go:92.16,94.3 1 0
aiot-backend/internal/service/ota.go:95.2,96.28 2 1
aiot-backend/internal/service/ota.go:96.28,98.3 1 1
aiot-backend/internal/service/ota.go:99.2,100.16 2 1
aiot-backend/internal/service/ota.go:100.16,102.3 1 0
aiot-backend/internal/service/ota.go:103.2,104.16 2 1
aiot-backend/internal/service/ota.go:104.16,106.3 1 0
aiot-backend/internal/service/ota.go:107.2,108.46 2 1
aiot-backend/internal/service/ota.go:108.46,110.3 1 0
aiot-backend/internal/service/ota.go:111.2,111.19 1 1
aiot-backend/internal/service/ota.go:117.119,119.16 2 0
aiot-backend/internal/service/ota.go:119.16,121.3 1 0
aiot-backend/internal/service/ota.go:122.2,123.16 2 0
aiot-backend/internal/service/ota.go:123.16,125.3 1 0
aiot-backend/internal/service/ota.go:126.2,126.23 1 0
aiot-backend/internal/service/ota.go:126.23,128.3 1 0
aiot-backend/internal/service/ota.go:129.2,130.28 2 0
aiot-backend/internal/service/ota.go:130.28,132.3 1 0
aiot-backend/internal/service/ota.go:134.2,142.55 3 0
aiot-backend/internal/service/ota.go:142.55,144.3 1 0
aiot-backend/internal/service/ota.go:145.2,145.90 1 0
aiot-backend/internal/service/ota.go:145.90,147.3 1 0
aiot-backend/internal/service/ota.go:148.2,149.16 2 0
aiot-backend/internal/service/ota.go:149.16,151.3 1 0
aiot-backend/internal/service/ota.go:152.2,153.46 2 0
aiot-backend/internal/service/ota.go:153.46,155.3 1 0
aiot-backend/internal/service/ota.go:156.2,156.19 1 0
aiot-backend/internal/service/ota.go:161.80,163.16 2 0
aiot-backend/internal/service/ota.go:163.16,165.3 1 0
aiot-backend/internal/service/ota.go:166.2,167.16 2 0
aiot-backend/internal/service/ota.go:167.16,169.3 1 0
aiot-backend/internal/service/ota.go:170.2,171.16 2 0
aiot-backend/internal/service/ota.go:171.16,173.3 1 0
aiot-backend/internal/service/ota.go:174.2,174.31 1 0
aiot-backend/internal/service/ota.go:174.31,176.47 2 0
aiot-backend/internal/service/ota.go:176.47,178.4 1 0
aiot-backend/internal/service/ota.go:180.2,180.22 1 0
aiot-backend/internal/service/ota.go:184.70,186.16 2 0
aiot-backend/internal/service/ota.go:186.16,188.3 1 0
aiot-backend/internal/service/ota.go:189.2,190.29 2 0
aiot-backend/internal/service/ota.go:190.29,192.17 2 0
aiot-backend/internal/service/ota.go:192.17,194.4 1 0
aiot-backend/internal/service/ota.go:195.3,195.13 1 0
aiot-backend/internal/service/ota.go:197.2,197.19 1 0
aiot-backend/internal/service/ota.go:202.108,203.74 1 0
aiot-backend/internal/service/ota.go:203.74,205.3 1 0
aiot-backend/internal/service/ota.go:206.2,207.16 2 0
aiot-backend/internal/service/ota.go:207.16,209.3 1 0
aiot-backend/internal/service/ota.go:210.2,211.16 2 0
aiot-backend/internal/service/ota.go:211.16,213.3 1 0
aiot-backend/internal/service/ota.go:214.2,214.86 1 0
aiot-backend/internal/service/ota.go:214.86,216.3 1 0
aiot-backend/internal/service/ota.go:217.2,217.46 1 0
aiot-backend/internal/service/ota.go:223.89,225.16 2 0
aiot-backend/internal/service/ota.go:225.16,227.3 1 0
aiot-backend/internal/service/ota.go:228.2,228.49 1 0
aiot-backend/internal/service/ota.go:228.49,230.3 1 0
aiot-backend/internal/service/ota.go:231.2,232.16 2 0
aiot-backend/internal/service/ota.go:232.16,234.3 1 0
aiot-backend/internal/service/ota.go:235.2,235.9 1 0
aiot-backend/internal/service/ota.go:236.26,237.25 1 0
aiot-backend/internal/service/ota.go:238.27,239.24 1 0
aiot-backend/internal/service/ota.go:240.10,241.25 1 0
aiot-backend/internal/service/ota.go:243.2,243.30 1 0
aiot-backend/internal/service/ota.go:246.94,248.16 2 1
aiot-backend/internal/service/ota.go:248.16,250.3 1 1
aiot-backend/internal/service/ota.go:251.2,252.16 2 1
aiot-backend/internal/service/ota.go:252.16,254.3 1 0
aiot-backend/internal/service/ota.go:255.2,260.8 1 1
aiot-backend/internal/service/ota.go:263.94,265.16 2 1
aiot-backend/internal/service/ota.go:265.16,267.3 1 0
aiot-backend/internal/service/ota.go:268.2,268.36 1 1
aiot-backend/internal/service/ota.go:271.140,273.16 2 1
aiot-backend/internal/service/ota.go:273.16,275.3 1 0
aiot-backend/internal/service/ota.go:276.2,276.60 1 1
aiot-backend/internal/service/product.go:30.76,32.2 1 1
aiot-backend/internal/service/product.go:34.26,38.2 3 1
aiot-backend/internal/service/product.go:40.61,41.21 1 1
aiot-backend/internal/service/product.go:41.21,43.3 1 1
aiot-backend/internal/service/product.go:45.2,46.57 2 1
aiot-backend/internal/service/product.go:46.57,47.40 1 1
aiot-backend/internal/service/product.go:47.40,49.4 1 1
aiot-backend/internal/service/product.go:50.3,50.27 1 0
aiot-backend/internal/service/product.go:52.2,52.32 1 1
aiot-backend/internal/service/product.go:52.32,54.3 1 1
aiot-backend/internal/service/product.go:55.2,55.19 1 0
aiot-backend/internal/service/product.go:58.102,59.24 1 1
aiot-backend/internal/service/product.go:59.24,61.3 1 0
aiot-backend/internal/service/product.go:62.2,63.84 2 1
aiot-backend/internal/service/product.go:63.84,65.3 1 1
aiot-backend/internal/service/product.go:66.2,66.30 1 1
aiot-backend/internal/service/product.go:66.30,68.3 1 1
aiot-backend/internal/service/product.go:69.2,69.26 1 1
aiot-backend/internal/service/product.go:69.26,71.3 1 1
aiot-backend/internal/service/product.go:72.2,72.28 1 1
aiot-backend/internal/service/product.go:72.28,74.3 1 1
aiot-backend/internal/service/product.go:75.2,76.52 2 1
aiot-backend/internal/service/product.go:76.52,78.3 1 0
aiot-backend/internal/service/product.go:79.2,79.21 1 1
aiot-backend/internal/service/product.go:82.85,84.2 1 1
aiot-backend/internal/service/product.go:86.92,88.2 1 1
aiot-backend/internal/service/product.go:90.82,92.84 2 1
aiot-backend/internal/service/product.go:92.84,94.3 1 1
aiot-backend/internal/service/product.go:95.2,95.34 1 1
aiot-backend/internal/service/product.go:98.70,100.16 2 1
aiot-backend/internal/service/product.go:100.16,102.3 1 0
aiot-backend/internal/service/product.go:103.2,103.15 1 1
aiot-backend/internal/service/product.go:103.15,105.3 1 1
aiot-backend/internal/service/product.go:106.2,107.16 2 1
aiot-backend/internal/service/product.go:107.16,109.3 1 1
aiot-backend/internal/service/product.go:110.2,110.36 1 1
aiot-backend/internal/service/product.go:113.133,115.2 1 1
aiot-backend/internal/service/product.go:117.89,118.48 1 1
aiot-backend/internal/service/product.go:118.48,120.3 1 0
aiot-backend/internal/service/product.go:121.2,121.23 1 1
aiot-backend/internal/service/product_message_parser.go:69.158,71.2 1 0
aiot-backend/internal/service/product_message_parser.go:73.126,75.16 2 0
aiot-backend/internal/service/product_message_parser.go:75.16,77.3 1 0
aiot-backend/internal/service/product_message_parser.go:78.2,79.44 2 0
aiot-backend/internal/service/product_message_parser.go:79.44,81.3 1 0
aiot-backend/internal/service/product_message_parser.go:82.2,82.16 1 0
aiot-backend/internal/service/product_message_parser.go:82.16,84.3 1 0
aiot-backend/internal/service/product_message_parser.go:85.2,85.27 1 0
aiot-backend/internal/service/product_message_parser.go:88.139,89.55 1 0
aiot-backend/internal/service/product_message_parser.go:89.55,91.3 1 0
aiot-backend/internal/service/product_message_parser.go:92.2,92.60 1 0
aiot-backend/internal/service/product_message_parser.go:92.60,94.3 1 0
aiot-backend/internal/service/product_message_parser.go:95.2,96.16 2 0
aiot-backend/internal/service/product_message_parser.go:96.16,98.3 1 0
aiot-backend/internal/service/product_message_parser.go:99.2,100.52 2 0
aiot-backend/internal/service/product_message_parser.go:100.52,102.3 1 0
aiot-backend/internal/service/product_message_parser.go:103.2,103.20 1 0
aiot-backend/internal/service/product_message_parser.go:106.209,108.16 2 0
aiot-backend/internal/service/product_message_parser.go:108.16,110.3 1 0
aiot-backend/internal/service/product_message_parser.go:111.2,111.62 1 0
aiot-backend/internal/service/product_message_parser.go:111.62,113.3 1 0
aiot-backend/internal/service/product_message_parser.go:114.2,114.53 1 0
aiot-backend/internal/service/product_message_parser.go:117.55,118.67 1 0
aiot-backend/internal/service/product_message_parser.go:118.67,120.3 1 0
aiot-backend/internal/service/product_message_parser.go:121.2,123.78 3 0
aiot-backend/internal/service/product_message_parser.go:123.78,123.103 1 0
aiot-backend/internal/service/product_message_parser.go:123.117,125.3 1 0
aiot-backend/internal/service/product_message_parser.go:126.2,126.94 1 0
aiot-backend/internal/service/product_message_parser.go:126.94,128.40 2 0
aiot-backend/internal/service/product_message_parser.go:128.40,130.4 1 0
aiot-backend/internal/service/product_message_parser.go:132.2,132.12 1 0
aiot-backend/internal/service/product_message_parser.go:135.164,136.60 1 0
aiot-backend/internal/service/product_message_parser.go:136.60,138.3 1 0
aiot-backend/internal/service/product_message_parser.go:139.2,141.78 3 0
aiot-backend/internal/service/product_message_parser.go:141.78,141.103 1 0
aiot-backend/internal/service/product_message_parser.go:141.117,143.3 1 0
aiot-backend/internal/service/product_message_parser.go:145.2,147.22 3 0
aiot-backend/internal/service/product_message_parser.go:148.23,150.17 2 0
aiot-backend/internal/service/product_message_parser.go:150.17,152.4 1 0
aiot-backend/internal/service/product_message_parser.go:153.3,154.28 2 0
aiot-backend/internal/service/product_message_parser.go:155.24,157.17 2 0
aiot-backend/internal/service/product_message_parser.go:157.17,159.4 1 0
aiot-backend/internal/service/product_message_parser.go:160.3,161.28 2 0
aiot-backend/internal/service/product_message_parser.go:162.16,163.26 1 0
aiot-backend/internal/service/product_message_parser.go:163.26,165.4 1 0
aiot-backend/internal/service/product_message_parser.go:166.3,167.17 2 0
aiot-backend/internal/service/product_message_parser.go:167.17,169.4 1 0
aiot-backend/internal/service/product_message_parser.go:170.3,171.43 2 0
aiot-backend/internal/service/product_message_parser.go:172.10,173.52 1 0
aiot-backend/internal/service/product_message_parser.go:176.2,176.79 1 0
aiot-backend/internal/service/product_message_parser.go:176.79,178.3 1 0
aiot-backend/internal/service/product_message_parser.go:179.2,179.16 1 0
aiot-backend/internal/service/product_message_parser.go:179.16,181.3 1 0
aiot-backend/internal/service/product_message_parser.go:182.2,182.38 1 0
aiot-backend/internal/service/product_message_parser.go:182.38,184.17 2 0
aiot-backend/internal/service/product_message_parser.go:184.17,186.4 1 0
aiot-backend/internal/service/product_message_parser.go:187.3,187.119 1 0
aiot-backend/internal/service/product_message_parser.go:189.2,190.16 2 0
aiot-backend/internal/service/product_message_parser.go:190.16,192.3 1 0
aiot-backend/internal/service/product_message_parser.go:193.2,193.118 1 0
aiot-backend/internal/service/product_message_parser.go:196.67,200.55 4 0
aiot-backend/internal/service/product_message_parser.go:200.55,202.26 2 0
aiot-backend/internal/service/product_message_parser.go:202.26,202.71 1 0
aiot-backend/internal/service/product_message_parser.go:204.2,204.30 1 0
aiot-backend/internal/service/product_message_parser.go:204.30,204.46 1 0
aiot-backend/internal/service/product_message_parser.go:207.123,208.15 1 0
aiot-backend/internal/service/product_message_parser.go:208.15,209.47 1 0
aiot-backend/internal/service/product_message_parser.go:209.47,210.23 1 0
aiot-backend/internal/service/product_message_parser.go:210.23,213.5 2 0
aiot-backend/internal/service/product_message_parser.go:214.4,214.20 1 0
aiot-backend/internal/service/product_message_parser.go:217.2,217.20 1 0
aiot-backend/internal/service/product_message_parser.go:220.51,223.87 3 0
aiot-backend/internal/service/product_message_parser.go:223.87,225.3 1 0
aiot-backend/internal/service/product_message_parser.go:226.2,227.16 2 0
aiot-backend/internal/service/product_message_parser.go:227.16,229.3 1 0
aiot-backend/internal/service/product_message_parser.go:230.2,231.27 2 0
aiot-backend/internal/service/product_message_parser.go:231.27,233.3 1 0
aiot-backend/internal/service/product_message_parser.go:234.2,234.20 1 0
aiot-backend/internal/service/product_message_parser.go:237.57,239.49 2 0
aiot-backend/internal/service/product_message_parser.go:239.49,241.3 1 0
aiot-backend/internal/service/product_message_parser.go:242.2,242.28 1 0
aiot-backend/internal/service/product_message_parser.go:245.56,247.48 2 0
aiot-backend/internal/service/product_message_parser.go:247.48,249.3 1 0
aiot-backend/internal/service/product_message_parser.go:250.2,251.16 2 0
aiot-backend/internal/service/product_message_parser.go:251.16,253.3 1 0
aiot-backend/internal/service/product_message_parser.go:254.2,255.69 2 0
aiot-backend/internal/service/product_message_parser.go:255.69,257.3 1 0
aiot-backend/internal/service/product_message_parser.go:258.2,259.37 2 0
aiot-backend/internal/service/product_message_parser.go:259.37,261.17 2 0
aiot-backend/internal/service/product_message_parser.go:261.17,263.4 1 0
aiot-backend/internal/service/product_message_parser.go:264.3,265.67 2 0
aiot-backend/internal/service/product_message_parser.go:265.67,267.4 1 0
aiot-backend/internal/service/product_message_parser.go:268.3,268.27 1 0
aiot-backend/internal/service/product_message_parser.go:270.2,270.20 1 0
aiot-backend/internal/service/product_tsl.go:21.125,23.2 1 1
aiot-backend/internal/service/product_tsl.go:25.100,27.16 2 1
aiot-backend/internal/service/product_tsl.go:27.16,29.3 1 1
aiot-backend/internal/service/product_tsl.go:30.2,30.48 1 1
aiot-backend/internal/service/product_tsl.go:33.91,35.16 2 1
aiot-backend/internal/service/product_tsl.go:35.16,37.3 1 1
aiot-backend/internal/service/product_tsl.go:38.2,39.35 2 1
aiot-backend/internal/service/product_tsl.go:39.35,42.3 2 1
aiot-backend/internal/service/product_tsl.go:43.2,43.16 1 1
aiot-backend/internal/service/product_tsl.go:43.16,45.3 1 0
aiot-backend/internal/service/product_tsl.go:46.2,47.30 2 1
aiot-backend/internal/service/product_tsl.go:50.82,52.16 2 1
aiot-backend/internal/service/product_tsl.go:52.16,54.3 1 1
aiot-backend/internal/service/product_tsl.go:55.2,55.32 1 1
aiot-backend/internal/service/scene_linkage.go:22.91,24.2 1 0
aiot-backend/internal/service/scene_linkage.go:26.137,28.2 1 0
aiot-backend/internal/service/scene_linkage.go:30.95,32.2 1 0
aiot-backend/internal/service/scene_linkage.go:34.92,36.2 1 0
aiot-backend/internal/service/scene_linkage.go:38.92,40.2 1 0
aiot-backend/internal/service/scene_linkage.go:42.75,44.2 1 0
aiot-backend/internal/service/scene_linkage_detail.go:20.109,22.2 1 0
aiot-backend/internal/service/scene_linkage_detail.go:24.121,26.2 1 0
aiot-backend/internal/service/scene_linkage_detail.go:28.105,30.2 1 0
aiot-backend/internal/service/scene_linkage_detail.go:32.105,34.2 1 0
aiot-backend/internal/service/service.go:22.12,29.2 1 1
aiot-backend/internal/service/user.go:30.15,37.2 1 1
aiot-backend/internal/service/user.go:46.42,47.47 1 1
aiot-backend/internal/service/user.go:47.47,49.3 1 1
aiot-backend/internal/service/user.go:50.2,50.14 1 0
aiot-backend/internal/service/user.go:53.84,56.16 2 1
aiot-backend/internal/service/user.go:56.16,58.3 1 0
aiot-backend/internal/service/user.go:59.2,59.31 1 1
aiot-backend/internal/service/user.go:59.31,61.3 1 1
aiot-backend/internal/service/user.go:63.2,64.16 2 1
aiot-backend/internal/service/user.go:64.16,66.3 1 0
aiot-backend/internal/service/user.go:68.2,69.16 2 1
aiot-backend/internal/service/user.go:69.16,71.3 1 0
aiot-backend/internal/service/user.go:72.2,83.63 3 1
aiot-backend/internal/service/user.go:83.63,84.53 1 1
aiot-backend/internal/service/user.go:84.53,86.4 1 0
aiot-backend/internal/service/user.go:87.3,87.51 1 1
aiot-backend/internal/service/user.go:87.51,89.4 1 0
aiot-backend/internal/service/user.go:90.3,94.59 2 1
aiot-backend/internal/service/user.go:94.59,96.4 1 0
aiot-backend/internal/service/user.go:97.3,97.13 1 1
aiot-backend/internal/service/user.go:101.88,103.31 2 1
aiot-backend/internal/service/user.go:103.31,105.3 1 1
aiot-backend/internal/service/user.go:107.2,108.16 2 1
aiot-backend/internal/service/user.go:108.16,110.3 1 0
aiot-backend/internal/service/user.go:112.2,113.16 2 1
aiot-backend/internal/service/user.go:113.16,115.3 1 0
aiot-backend/internal/service/user.go:117.2,120.24 3 1
aiot-backend/internal/service/user.go:120.24,126.63 2 0
aiot-backend/internal/service/user.go:126.63,127.53 1 0
aiot-backend/internal/service/user.go:127.53,129.5 1 0
aiot-backend/internal/service/user.go:130.4,135.45 2 0
aiot-backend/internal/service/user.go:137.3,137.17 1 0
aiot-backend/internal/service/user.go:137.17,139.4 1 0
aiot-backend/internal/service/user.go:140.3,140.25 1 0
aiot-backend/internal/service/user.go:141.8,147.31 4 1
aiot-backend/internal/service/user.go:147.31,148.36 1 1
aiot-backend/internal/service/user.go:148.36,150.5 1 0
aiot-backend/internal/service/user.go:151.4,151.29 1 1
aiot-backend/internal/service/user.go:151.29,152.63 1 1
aiot-backend/internal/service/user.go:152.63,155.6 2 1
aiot-backend/internal/service/user.go:159.3,159.27 1 1
aiot-backend/internal/service/user.go:159.27,161.4 1 1
aiot-backend/internal/service/user.go:161.9,163.4 1 0
aiot-backend/internal/service/user.go:165.3,165.93 1 1
aiot-backend/internal/service/user.go:165.93,167.4 1 0
aiot-backend/internal/service/user.go:170.2,171.16 2 1
aiot-backend/internal/service/user.go:171.16,173.3 1 0
aiot-backend/internal/service/user.go:175.2,175.19 1 1
aiot-backend/internal/service/user.go:178.111,180.16 2 0
aiot-backend/internal/service/user.go:180.16,182.3 1 0
aiot-backend/internal/service/user.go:183.2,183.24 1 0
aiot-backend/internal/service/user.go:183.24,185.3 1 0
aiot-backend/internal/service/user.go:187.2,188.30 2 0
aiot-backend/internal/service/user.go:188.30,190.3 1 0
aiot-backend/internal/service/user.go:192.2,193.16 2 0
aiot-backend/internal/service/user.go:193.16,195.3 1 0
aiot-backend/internal/service/user.go:197.2,199.27 3 0
aiot-backend/internal/service/user.go:199.27,205.3 1 0
aiot-backend/internal/service/user.go:206.2,206.19 1 0
aiot-backend/internal/service/user.go:209.107,211.16 2 0
aiot-backend/internal/service/user.go:211.16,213.3 1 0
aiot-backend/internal/service/user.go:214.2,214.15 1 0
aiot-backend/internal/service/user.go:214.15,216.3 1 0
aiot-backend/internal/service/user.go:218.2,219.79 2 0
aiot-backend/internal/service/user.go:219.79,221.3 1 0
aiot-backend/internal/service/user.go:223.2,224.16 2 0
aiot-backend/internal/service/user.go:224.16,226.3 1 0
aiot-backend/internal/service/user.go:227.2,227.19 1 0
aiot-backend/internal/service/user.go:230.106,232.16 2 1
aiot-backend/internal/service/user.go:232.16,234.3 1 0
aiot-backend/internal/service/user.go:236.2,240.8 1 1
aiot-backend/internal/service/user.go:243.109,245.16 2 1
aiot-backend/internal/service/user.go:245.16,247.3 1 1
aiot-backend/internal/service/user.go:249.2,252.52 3 1
aiot-backend/internal/service/user.go:252.52,254.3 1 0
aiot-backend/internal/service/user.go:256.2,256.12 1 1
