mode: set
aiot-backend/internal/handler/category.go:16.92,18.2 1 0
aiot-backend/internal/handler/category.go:19.60,21.38 2 0
aiot-backend/internal/handler/category.go:21.38,23.3 1 0
aiot-backend/internal/handler/category.go:24.2,24.12 1 0
aiot-backend/internal/handler/category.go:34.48,36.16 2 0
aiot-backend/internal/handler/category.go:36.16,39.3 2 0
aiot-backend/internal/handler/category.go:40.2,41.23 2 0
aiot-backend/internal/handler/category.go:41.23,43.3 1 0
aiot-backend/internal/handler/category.go:44.2,44.26 1 0
aiot-backend/internal/handler/device.go:26.107,28.2 1 1
aiot-backend/internal/handler/device.go:30.54,47.2 1 1
aiot-backend/internal/handler/device.go:49.60,54.2 1 1
aiot-backend/internal/handler/device.go:56.66,58.27 2 1
aiot-backend/internal/handler/device.go:58.27,60.3 1 1
aiot-backend/internal/handler/device.go:61.2,61.14 1 1
aiot-backend/internal/handler/device.go:64.88,72.2 4 1
aiot-backend/internal/handler/device.go:74.72,80.2 1 1
aiot-backend/internal/handler/device.go:93.54,95.43 2 1
aiot-backend/internal/handler/device.go:95.43,98.3 2 1
aiot-backend/internal/handler/device.go:99.2,100.14 2 1
aiot-backend/internal/handler/device.go:100.14,103.3 2 1
aiot-backend/internal/handler/device.go:104.2,104.76 1 1
aiot-backend/internal/handler/device.go:118.51,120.14 2 1
aiot-backend/internal/handler/device.go:120.14,123.3 2 1
aiot-backend/internal/handler/device.go:124.2,124.73 1 1
aiot-backend/internal/handler/device.go:128.56,130.2 1 1
aiot-backend/internal/handler/device.go:148.53,152.40 4 1
aiot-backend/internal/handler/device.go:152.40,155.3 2 1
aiot-backend/internal/handler/device.go:156.2,157.14 2 1
aiot-backend/internal/handler/device.go:157.14,160.3 2 1
aiot-backend/internal/handler/device.go:161.2,162.22 2 1
aiot-backend/internal/handler/device.go:162.22,164.3 1 1
aiot-backend/internal/handler/device.go:165.2,165.97 1 1
aiot-backend/internal/handler/device.go:180.54,182.43 2 1
aiot-backend/internal/handler/device.go:182.43,185.3 2 1
aiot-backend/internal/handler/device.go:186.2,187.14 2 1
aiot-backend/internal/handler/device.go:187.14,190.3 2 1
aiot-backend/internal/handler/device.go:191.2,191.76 1 1
aiot-backend/internal/handler/device.go:205.54,207.14 2 1
aiot-backend/internal/handler/device.go:207.14,210.3 2 1
aiot-backend/internal/handler/device.go:211.2,211.62 1 1
aiot-backend/internal/handler/device.go:225.50,227.14 2 1
aiot-backend/internal/handler/device.go:227.14,230.3 2 1
aiot-backend/internal/handler/device.go:231.2,231.78 1 1
aiot-backend/internal/handler/device.go:246.49,249.14 3 1
aiot-backend/internal/handler/device.go:249.14,252.3 2 1
aiot-backend/internal/handler/device.go:253.2,254.14 2 1
aiot-backend/internal/handler/device.go:254.14,257.3 2 1
aiot-backend/internal/handler/device.go:258.2,258.80 1 1
aiot-backend/internal/handler/device.go:271.47,273.14 2 1
aiot-backend/internal/handler/device.go:273.14,276.3 2 1
aiot-backend/internal/handler/device.go:277.2,280.4 1 1
aiot-backend/internal/handler/device.go:294.51,296.14 2 1
aiot-backend/internal/handler/device.go:296.14,299.3 2 1
aiot-backend/internal/handler/device.go:300.2,300.63 1 1
aiot-backend/internal/handler/device.go:304.49,306.16 2 1
aiot-backend/internal/handler/device.go:306.16,309.3 2 1
aiot-backend/internal/handler/device.go:310.2,310.77 1 1
aiot-backend/internal/handler/device.go:324.49,326.14 2 1
aiot-backend/internal/handler/device.go:326.14,329.3 2 1
aiot-backend/internal/handler/device.go:330.2,330.79 1 1
aiot-backend/internal/handler/device.go:345.49,349.14 4 1
aiot-backend/internal/handler/device.go:349.14,351.3 1 1
aiot-backend/internal/handler/device.go:352.2,352.14 1 1
aiot-backend/internal/handler/device.go:352.14,355.3 2 1
aiot-backend/internal/handler/device.go:356.2,356.79 1 1
aiot-backend/internal/handler/device.go:371.50,375.14 4 1
aiot-backend/internal/handler/device.go:375.14,377.3 1 1
aiot-backend/internal/handler/device.go:378.2,378.14 1 1
aiot-backend/internal/handler/device.go:378.14,381.3 2 1
aiot-backend/internal/handler/device.go:382.2,382.79 1 1
aiot-backend/internal/handler/device.go:397.52,400.14 3 1
aiot-backend/internal/handler/device.go:400.14,402.3 1 1
aiot-backend/internal/handler/device.go:403.2,403.14 1 1
aiot-backend/internal/handler/device.go:403.14,406.3 2 1
aiot-backend/internal/handler/device.go:407.2,407.62 1 1
aiot-backend/internal/handler/device.go:409.56,415.38 6 1
aiot-backend/internal/handler/device.go:415.38,417.24 2 1
aiot-backend/internal/handler/device.go:417.24,418.42 1 1
aiot-backend/internal/handler/device.go:418.42,420.5 1 1
aiot-backend/internal/handler/device.go:423.2,423.117 1 1
aiot-backend/internal/handler/device.go:437.51,439.14 2 1
aiot-backend/internal/handler/device.go:439.14,442.3 2 1
aiot-backend/internal/handler/device.go:443.2,443.36 1 1
aiot-backend/internal/handler/device.go:458.49,462.14 4 1
aiot-backend/internal/handler/device.go:462.14,464.3 1 1
aiot-backend/internal/handler/device.go:465.2,465.14 1 1
aiot-backend/internal/handler/device.go:465.14,468.3 2 1
aiot-backend/internal/handler/device.go:469.2,469.36 1 1
aiot-backend/internal/handler/device.go:484.50,488.14 4 1
aiot-backend/internal/handler/device.go:488.14,490.3 1 1
aiot-backend/internal/handler/device.go:491.2,491.14 1 1
aiot-backend/internal/handler/device.go:491.14,494.3 2 1
aiot-backend/internal/handler/device.go:495.2,495.36 1 1
aiot-backend/internal/handler/device.go:510.54,514.14 4 1
aiot-backend/internal/handler/device.go:514.14,517.3 2 1
aiot-backend/internal/handler/device.go:518.2,518.36 1 1
aiot-backend/internal/handler/device.go:532.49,534.14 2 1
aiot-backend/internal/handler/device.go:534.14,537.3 2 1
aiot-backend/internal/handler/device.go:538.2,539.28 2 1
aiot-backend/internal/handler/device.go:539.28,541.3 1 1
aiot-backend/internal/handler/device.go:542.2,542.79 1 1
aiot-backend/internal/handler/device.go:557.54,559.47 2 1
aiot-backend/internal/handler/device.go:559.47,562.3 2 1
aiot-backend/internal/handler/device.go:563.2,564.16 2 1
aiot-backend/internal/handler/device.go:564.16,567.3 2 1
aiot-backend/internal/handler/device.go:568.2,568.184 1 1
aiot-backend/internal/handler/device.go:586.53,589.16 3 1
aiot-backend/internal/handler/device.go:589.16,592.3 2 1
aiot-backend/internal/handler/device.go:593.2,594.33 2 1
aiot-backend/internal/handler/device.go:594.33,596.3 1 1
aiot-backend/internal/handler/device.go:597.2,597.107 1 1
aiot-backend/internal/handler/device.go:611.52,613.16 2 1
aiot-backend/internal/handler/device.go:613.16,616.3 2 1
aiot-backend/internal/handler/device.go:617.2,618.16 2 1
aiot-backend/internal/handler/device.go:618.16,621.3 2 1
aiot-backend/internal/handler/device.go:622.2,622.86 1 1
aiot-backend/internal/handler/device.go:637.58,639.46 2 1
aiot-backend/internal/handler/device.go:639.46,640.71 1 1
aiot-backend/internal/handler/device.go:640.71,643.4 2 1
aiot-backend/internal/handler/device.go:645.2,646.16 2 1
aiot-backend/internal/handler/device.go:646.16,649.3 2 1
aiot-backend/internal/handler/device.go:650.2,650.99 1 1
aiot-backend/internal/handler/device.go:662.55,664.14 2 1
aiot-backend/internal/handler/device.go:664.14,667.3 2 1
aiot-backend/internal/handler/device.go:668.2,669.85 2 1
aiot-backend/internal/handler/device.go:683.53,685.14 2 1
aiot-backend/internal/handler/device.go:685.14,688.3 2 1
aiot-backend/internal/handler/device.go:689.2,691.14 3 1
aiot-backend/internal/handler/device.go:691.14,694.3 2 0
aiot-backend/internal/handler/device.go:695.2,696.14 2 1
aiot-backend/internal/handler/device.go:696.14,699.3 2 1
aiot-backend/internal/handler/device.go:700.2,701.28 2 1
aiot-backend/internal/handler/device.go:701.28,703.3 1 1
aiot-backend/internal/handler/device.go:704.2,704.116 1 1
aiot-backend/internal/handler/device_event.go:16.101,16.153 1 1
aiot-backend/internal/handler/device_event.go:18.71,20.2 1 1
aiot-backend/internal/handler/device_event.go:37.63,40.16 3 1
aiot-backend/internal/handler/device_event.go:40.16,43.3 2 1
aiot-backend/internal/handler/device_event.go:44.2,45.16 2 1
aiot-backend/internal/handler/device_event.go:45.16,48.3 2 1
aiot-backend/internal/handler/device_event.go:49.2,50.16 2 1
aiot-backend/internal/handler/device_event.go:50.16,50.47 2 1
aiot-backend/internal/handler/device_event.go:51.2,52.31 2 1
aiot-backend/internal/handler/device_event.go:52.31,52.80 1 1
aiot-backend/internal/handler/device_event.go:53.2,53.120 1 1
aiot-backend/internal/handler/device_event.go:56.50,57.17 1 1
aiot-backend/internal/handler/device_event.go:57.17,57.36 1 1
aiot-backend/internal/handler/device_event.go:58.2,59.16 2 1
aiot-backend/internal/handler/device_event.go:59.16,59.35 1 1
aiot-backend/internal/handler/device_event.go:60.2,60.21 1 1
aiot-backend/internal/handler/device_group.go:20.101,22.2 1 0
aiot-backend/internal/handler/device_group.go:24.73,35.2 1 0
aiot-backend/internal/handler/device_group.go:45.53,47.47 2 0
aiot-backend/internal/handler/device_group.go:47.47,50.3 2 0
aiot-backend/internal/handler/device_group.go:51.2,52.16 2 0
aiot-backend/internal/handler/device_group.go:52.16,55.3 2 0
aiot-backend/internal/handler/device_group.go:56.2,56.46 1 0
aiot-backend/internal/handler/device_group.go:69.51,72.16 3 0
aiot-backend/internal/handler/device_group.go:72.16,75.3 2 0
aiot-backend/internal/handler/device_group.go:76.2,77.24 2 0
aiot-backend/internal/handler/device_group.go:77.24,79.3 1 0
aiot-backend/internal/handler/device_group.go:80.2,80.111 1 0
aiot-backend/internal/handler/device_group.go:90.50,92.16 2 0
aiot-backend/internal/handler/device_group.go:92.16,95.3 2 0
aiot-backend/internal/handler/device_group.go:96.2,96.46 1 0
aiot-backend/internal/handler/device_group.go:107.53,109.47 2 0
aiot-backend/internal/handler/device_group.go:109.47,112.3 2 0
aiot-backend/internal/handler/device_group.go:113.2,114.16 2 0
aiot-backend/internal/handler/device_group.go:114.16,117.3 2 0
aiot-backend/internal/handler/device_group.go:118.2,118.46 1 0
aiot-backend/internal/handler/device_group.go:127.53,128.62 1 0
aiot-backend/internal/handler/device_group.go:128.62,131.3 2 0
aiot-backend/internal/handler/device_group.go:132.2,132.45 1 0
aiot-backend/internal/handler/device_group.go:143.57,145.47 2 0
aiot-backend/internal/handler/device_group.go:145.47,148.3 2 0
aiot-backend/internal/handler/device_group.go:149.2,149.82 1 0
aiot-backend/internal/handler/device_group.go:149.82,152.3 2 0
aiot-backend/internal/handler/device_group.go:153.2,153.45 1 0
aiot-backend/internal/handler/device_group.go:164.60,166.47 2 0
aiot-backend/internal/handler/device_group.go:166.47,169.3 2 0
aiot-backend/internal/handler/device_group.go:170.2,170.85 1 0
aiot-backend/internal/handler/device_group.go:170.85,173.3 2 0
aiot-backend/internal/handler/device_group.go:174.2,174.45 1 0
aiot-backend/internal/handler/device_group.go:188.58,191.16 3 0
aiot-backend/internal/handler/device_group.go:191.16,194.3 2 0
aiot-backend/internal/handler/device_group.go:195.2,196.33 2 0
aiot-backend/internal/handler/device_group.go:196.33,198.3 1 0
aiot-backend/internal/handler/device_group.go:199.2,199.115 1 0
aiot-backend/internal/handler/device_group.go:209.54,209.70 1 0
aiot-backend/internal/handler/device_group.go:219.59,221.16 2 0
aiot-backend/internal/handler/device_group.go:221.16,224.3 2 0
aiot-backend/internal/handler/device_group.go:225.2,225.29 1 0
aiot-backend/internal/handler/device_group.go:225.29,228.3 2 0
aiot-backend/internal/handler/device_group.go:229.2,229.30 1 0
aiot-backend/internal/handler/device_group.go:232.54,234.47 2 0
aiot-backend/internal/handler/device_group.go:234.47,237.3 2 0
aiot-backend/internal/handler/device_group.go:238.2,238.28 1 0
aiot-backend/internal/handler/device_group.go:241.71,243.16 2 0
aiot-backend/internal/handler/device_group.go:243.16,246.3 2 0
aiot-backend/internal/handler/device_group.go:247.2,248.33 2 0
aiot-backend/internal/handler/device_group.go:248.33,257.3 1 0
aiot-backend/internal/handler/device_group.go:258.2,258.82 1 0
aiot-backend/internal/handler/file.go:35.80,37.2 1 0
aiot-backend/internal/handler/file.go:49.53,52.16 3 0
aiot-backend/internal/handler/file.go:52.16,55.3 2 0
aiot-backend/internal/handler/file.go:56.2,56.80 1 0
aiot-backend/internal/handler/file.go:56.80,59.3 2 0
aiot-backend/internal/handler/file.go:61.2,62.16 2 0
aiot-backend/internal/handler/file.go:62.16,65.3 2 0
aiot-backend/internal/handler/file.go:66.2,69.64 3 0
aiot-backend/internal/handler/file.go:69.64,72.3 2 0
aiot-backend/internal/handler/file.go:74.2,75.16 2 0
aiot-backend/internal/handler/file.go:75.16,76.93 1 0
aiot-backend/internal/handler/file.go:76.93,79.4 2 0
aiot-backend/internal/handler/file.go:80.3,81.9 2 0
aiot-backend/internal/handler/file.go:84.2,88.4 1 0
aiot-backend/internal/handler/file.go:91.45,93.53 2 0
aiot-backend/internal/handler/file.go:93.53,94.45 1 0
aiot-backend/internal/handler/file.go:94.45,96.4 1 0
aiot-backend/internal/handler/file.go:98.2,98.14 1 0
aiot-backend/internal/handler/handler.go:15.12,19.2 1 1
aiot-backend/internal/handler/handler.go:20.48,22.13 2 1
aiot-backend/internal/handler/handler.go:22.13,24.3 1 1
aiot-backend/internal/handler/handler.go:25.2,25.39 1 1
aiot-backend/internal/handler/ota.go:17.36,18.44 1 1
aiot-backend/internal/handler/ota.go:18.44,20.3 1 1
aiot-backend/internal/handler/ota.go:21.2,21.39 1 1
aiot-backend/internal/handler/ota.go:29.77,31.2 1 1
aiot-backend/internal/handler/ota.go:33.60,37.29 4 1
aiot-backend/internal/handler/ota.go:37.29,39.3 1 0
aiot-backend/internal/handler/ota.go:40.2,40.29 1 1
aiot-backend/internal/handler/ota.go:40.29,42.3 1 0
aiot-backend/internal/handler/ota.go:43.2,43.55 1 1
aiot-backend/internal/handler/ota.go:43.55,46.3 2 0
aiot-backend/internal/handler/ota.go:47.2,53.3 1 1
aiot-backend/internal/handler/ota.go:56.64,58.31 2 1
aiot-backend/internal/handler/ota.go:58.31,60.3 1 0
aiot-backend/internal/handler/ota.go:61.2,64.3 1 1
aiot-backend/internal/handler/ota.go:67.82,69.42 2 1
aiot-backend/internal/handler/ota.go:69.42,73.3 1 0
aiot-backend/internal/handler/ota.go:74.2,81.3 1 1
aiot-backend/internal/handler/ota.go:96.46,99.16 3 1
aiot-backend/internal/handler/ota.go:99.16,102.3 2 1
aiot-backend/internal/handler/ota.go:103.2,104.31 2 1
aiot-backend/internal/handler/ota.go:104.31,106.3 1 1
aiot-backend/internal/handler/ota.go:107.2,107.124 1 1
aiot-backend/internal/handler/ota.go:121.45,124.16 3 1
aiot-backend/internal/handler/ota.go:124.16,127.3 2 1
aiot-backend/internal/handler/ota.go:128.2,128.43 1 1
aiot-backend/internal/handler/ota.go:142.48,144.47 2 1
aiot-backend/internal/handler/ota.go:144.47,147.3 2 1
aiot-backend/internal/handler/ota.go:148.2,149.22 2 1
aiot-backend/internal/handler/ota.go:149.22,151.3 1 1
aiot-backend/internal/handler/ota.go:152.2,152.61 1 1
aiot-backend/internal/handler/ota.go:152.61,155.3 2 1
aiot-backend/internal/handler/ota.go:156.2,156.43 1 1
aiot-backend/internal/handler/ota.go:171.48,174.47 3 1
aiot-backend/internal/handler/ota.go:174.47,177.3 2 1
aiot-backend/internal/handler/ota.go:178.2,179.16 2 1
aiot-backend/internal/handler/ota.go:179.16,182.3 2 1
aiot-backend/internal/handler/ota.go:183.2,183.27 1 1
aiot-backend/internal/handler/ota.go:183.27,185.3 1 1
aiot-backend/internal/handler/ota.go:186.2,186.23 1 1
aiot-backend/internal/handler/ota.go:186.23,188.3 1 1
aiot-backend/internal/handler/ota.go:189.2,189.24 1 1
aiot-backend/internal/handler/ota.go:189.24,191.3 1 0
aiot-backend/internal/handler/ota.go:192.2,192.27 1 1
aiot-backend/internal/handler/ota.go:192.27,194.3 1 0
aiot-backend/internal/handler/ota.go:195.2,195.22 1 1
aiot-backend/internal/handler/ota.go:195.22,197.3 1 0
aiot-backend/internal/handler/ota.go:198.2,198.26 1 1
aiot-backend/internal/handler/ota.go:198.26,200.3 1 0
aiot-backend/internal/handler/ota.go:201.2,201.23 1 1
aiot-backend/internal/handler/ota.go:201.23,203.3 1 0
aiot-backend/internal/handler/ota.go:204.2,204.23 1 1
aiot-backend/internal/handler/ota.go:204.23,206.3 1 0
aiot-backend/internal/handler/ota.go:207.2,207.24 1 1
aiot-backend/internal/handler/ota.go:207.24,209.3 1 0
aiot-backend/internal/handler/ota.go:210.2,210.27 1 1
aiot-backend/internal/handler/ota.go:210.27,212.3 1 0
aiot-backend/internal/handler/ota.go:213.2,213.45 1 1
aiot-backend/internal/handler/ota.go:213.45,216.3 2 1
aiot-backend/internal/handler/ota.go:217.2,217.43 1 1
aiot-backend/internal/handler/ota.go:231.48,233.46 2 1
aiot-backend/internal/handler/ota.go:233.46,236.3 2 1
aiot-backend/internal/handler/ota.go:237.2,237.59 1 1
aiot-backend/internal/handler/ota.go:252.54,254.16 2 1
aiot-backend/internal/handler/ota.go:254.16,257.3 2 0
aiot-backend/internal/handler/ota.go:258.2,259.47 2 1
aiot-backend/internal/handler/ota.go:259.47,262.3 2 0
aiot-backend/internal/handler/ota.go:263.2,263.30 1 1
aiot-backend/internal/handler/ota.go:263.30,266.3 2 0
aiot-backend/internal/handler/ota.go:267.2,268.16 2 1
aiot-backend/internal/handler/ota.go:268.16,271.3 2 0
aiot-backend/internal/handler/ota.go:272.2,272.43 1 1
aiot-backend/internal/handler/ota.go:275.50,276.82 1 0
aiot-backend/internal/handler/ota.go:276.82,279.3 2 0
aiot-backend/internal/handler/ota.go:280.2,280.59 1 0
aiot-backend/internal/handler/ota.go:283.49,284.81 1 0
aiot-backend/internal/handler/ota.go:284.81,287.3 2 0
aiot-backend/internal/handler/ota.go:288.2,288.59 1 0
aiot-backend/internal/handler/ota.go:303.54,306.47 3 0
aiot-backend/internal/handler/ota.go:306.47,309.3 2 0
aiot-backend/internal/handler/ota.go:310.2,311.23 2 0
aiot-backend/internal/handler/ota.go:311.23,314.22 2 0
aiot-backend/internal/handler/ota.go:314.22,317.4 2 0
aiot-backend/internal/handler/ota.go:318.3,319.33 2 0
aiot-backend/internal/handler/ota.go:319.33,320.36 1 0
aiot-backend/internal/handler/ota.go:320.36,322.10 2 0
aiot-backend/internal/handler/ota.go:325.3,325.18 1 0
aiot-backend/internal/handler/ota.go:325.18,328.4 2 0
aiot-backend/internal/handler/ota.go:329.3,329.102 1 0
aiot-backend/internal/handler/ota.go:330.8,332.3 1 0
aiot-backend/internal/handler/ota.go:333.2,333.16 1 0
aiot-backend/internal/handler/ota.go:333.16,336.3 2 0
aiot-backend/internal/handler/ota.go:337.2,337.59 1 0
aiot-backend/internal/handler/ota.go:352.47,355.50 3 1
aiot-backend/internal/handler/ota.go:355.50,357.3 1 0
aiot-backend/internal/handler/ota.go:357.8,359.3 1 1
aiot-backend/internal/handler/ota.go:360.2,360.16 1 1
aiot-backend/internal/handler/ota.go:360.16,363.3 2 1
aiot-backend/internal/handler/ota.go:364.2,369.5 1 1
aiot-backend/internal/handler/ota.go:383.49,385.16 2 1
aiot-backend/internal/handler/ota.go:385.16,388.3 2 1
aiot-backend/internal/handler/ota.go:389.2,390.32 2 1
aiot-backend/internal/handler/ota.go:390.32,392.3 1 1
aiot-backend/internal/handler/ota.go:393.2,393.69 1 1
aiot-backend/internal/handler/ota.go:410.53,416.50 5 1
aiot-backend/internal/handler/ota.go:416.50,418.3 1 0
aiot-backend/internal/handler/ota.go:418.8,420.3 1 1
aiot-backend/internal/handler/ota.go:421.2,421.16 1 1
aiot-backend/internal/handler/ota.go:421.16,424.3 2 1
aiot-backend/internal/handler/ota.go:425.2,426.41 2 1
aiot-backend/internal/handler/ota.go:426.41,428.3 1 1
aiot-backend/internal/handler/ota.go:429.2,429.124 1 1
aiot-backend/internal/handler/product.go:12.72,24.54 1 1
aiot-backend/internal/handler/product.go:24.54,26.47 2 1
aiot-backend/internal/handler/product.go:26.47,28.5 1 0
aiot-backend/internal/handler/product.go:29.4,29.16 1 1
aiot-backend/internal/handler/product.go:43.89,45.2 1 1
aiot-backend/internal/handler/product.go:58.49,60.47 2 1
aiot-backend/internal/handler/product.go:60.47,63.3 2 1
aiot-backend/internal/handler/product.go:64.2,65.37 2 1
aiot-backend/internal/handler/product.go:65.37,67.3 1 0
aiot-backend/internal/handler/product.go:68.2,68.37 1 1
aiot-backend/internal/handler/product.go:68.37,74.3 1 0
aiot-backend/internal/handler/product.go:75.2,76.16 2 1
aiot-backend/internal/handler/product.go:76.16,79.3 2 1
aiot-backend/internal/handler/product.go:80.2,80.89 1 1
aiot-backend/internal/handler/product.go:94.46,96.16 2 1
aiot-backend/internal/handler/product.go:96.16,99.3 2 1
aiot-backend/internal/handler/product.go:100.2,100.86 1 1
aiot-backend/internal/handler/product.go:118.47,121.16 3 1
aiot-backend/internal/handler/product.go:121.16,124.3 2 1
aiot-backend/internal/handler/product.go:125.2,126.35 2 1
aiot-backend/internal/handler/product.go:126.35,129.3 2 1
aiot-backend/internal/handler/product.go:130.2,130.122 1 1
aiot-backend/internal/handler/product.go:145.49,147.16 2 1
aiot-backend/internal/handler/product.go:147.16,150.3 2 1
aiot-backend/internal/handler/product.go:151.2,152.46 2 1
aiot-backend/internal/handler/product.go:152.46,155.3 2 1
aiot-backend/internal/handler/product.go:156.2,156.20 1 1
aiot-backend/internal/handler/product.go:156.20,158.3 1 1
aiot-backend/internal/handler/product.go:159.2,159.27 1 1
aiot-backend/internal/handler/product.go:159.27,161.3 1 1
aiot-backend/internal/handler/product.go:162.2,162.27 1 1
aiot-backend/internal/handler/product.go:162.27,164.3 1 0
aiot-backend/internal/handler/product.go:165.2,165.22 1 1
aiot-backend/internal/handler/product.go:165.22,167.3 1 1
aiot-backend/internal/handler/product.go:168.2,168.24 1 1
aiot-backend/internal/handler/product.go:168.24,170.3 1 0
aiot-backend/internal/handler/product.go:171.2,171.34 1 1
aiot-backend/internal/handler/product.go:171.34,173.3 1 0
aiot-backend/internal/handler/product.go:174.2,174.30 1 1
aiot-backend/internal/handler/product.go:174.30,176.3 1 0
aiot-backend/internal/handler/product.go:177.2,177.26 1 1
aiot-backend/internal/handler/product.go:177.26,179.38 2 0
aiot-backend/internal/handler/product.go:179.38,181.4 1 0
aiot-backend/internal/handler/product.go:183.2,183.37 1 1
aiot-backend/internal/handler/product.go:183.37,189.3 1 0
aiot-backend/internal/handler/product.go:190.2,190.46 1 1
aiot-backend/internal/handler/product.go:190.46,193.3 2 1
aiot-backend/internal/handler/product.go:194.2,194.89 1 1
aiot-backend/internal/handler/product.go:208.49,210.16 2 1
aiot-backend/internal/handler/product.go:210.16,213.3 2 1
aiot-backend/internal/handler/product.go:214.2,214.63 1 1
aiot-backend/internal/handler/product.go:218.50,220.16 2 1
aiot-backend/internal/handler/product.go:220.16,223.3 2 1
aiot-backend/internal/handler/product.go:224.2,224.90 1 1
aiot-backend/internal/handler/product_message_parser.go:19.128,21.2 1 0
aiot-backend/internal/handler/product_message_parser.go:33.59,35.16 2 0
aiot-backend/internal/handler/product_message_parser.go:35.16,38.3 2 0
aiot-backend/internal/handler/product_message_parser.go:39.2,39.95 1 0
aiot-backend/internal/handler/product_message_parser.go:53.59,55.47 2 0
aiot-backend/internal/handler/product_message_parser.go:55.47,58.3 2 0
aiot-backend/internal/handler/product_message_parser.go:59.2,60.16 2 0
aiot-backend/internal/handler/product_message_parser.go:60.16,63.3 2 0
aiot-backend/internal/handler/product_message_parser.go:64.2,64.91 1 0
aiot-backend/internal/handler/product_message_parser.go:78.63,80.47 2 0
aiot-backend/internal/handler/product_message_parser.go:80.47,83.3 2 0
aiot-backend/internal/handler/product_message_parser.go:84.2,85.16 2 0
aiot-backend/internal/handler/product_message_parser.go:85.16,88.3 2 0
aiot-backend/internal/handler/product_message_parser.go:89.2,89.29 1 0
aiot-backend/internal/handler/product_message_parser.go:92.145,99.2 1 0
aiot-backend/internal/handler/product_tsl.go:15.98,17.2 1 1
aiot-backend/internal/handler/product_tsl.go:30.49,32.16 2 1
aiot-backend/internal/handler/product_tsl.go:32.16,35.3 2 1
aiot-backend/internal/handler/product_tsl.go:36.2,37.26 2 1
aiot-backend/internal/handler/product_tsl.go:37.26,39.3 1 1
aiot-backend/internal/handler/product_tsl.go:40.2,40.194 1 1
aiot-backend/internal/handler/product_tsl.go:56.49,58.47 2 1
aiot-backend/internal/handler/product_tsl.go:58.47,61.3 2 1
aiot-backend/internal/handler/product_tsl.go:62.2,62.72 1 1
aiot-backend/internal/handler/product_tsl.go:62.72,65.3 2 1
aiot-backend/internal/handler/product_tsl.go:66.2,66.66 1 1
aiot-backend/internal/handler/product_tsl.go:80.52,81.63 1 1
aiot-backend/internal/handler/product_tsl.go:81.63,84.3 2 1
aiot-backend/internal/handler/product_tsl.go:85.2,85.66 1 1
aiot-backend/internal/handler/protocol.go:18.92,20.2 1 0
aiot-backend/internal/handler/protocol.go:29.63,31.16 2 0
aiot-backend/internal/handler/protocol.go:31.16,34.3 2 0
aiot-backend/internal/handler/protocol.go:35.2,35.28 1 0
aiot-backend/internal/handler/response.go:15.45,17.86 2 1
aiot-backend/internal/handler/response.go:17.86,19.3 1 1
aiot-backend/internal/handler/response.go:19.8,19.58 1 1
aiot-backend/internal/handler/response.go:19.58,21.3 1 1
aiot-backend/internal/handler/response.go:21.8,28.62 1 1
aiot-backend/internal/handler/response.go:28.62,30.3 1 1
aiot-backend/internal/handler/response.go:32.2,32.63 1 1
aiot-backend/internal/handler/response.go:35.40,37.2 1 0
aiot-backend/internal/handler/response.go:39.55,42.20 3 1
aiot-backend/internal/handler/response.go:42.20,44.3 1 1
aiot-backend/internal/handler/response.go:45.2,45.18 1 1
aiot-backend/internal/handler/response.go:45.18,47.3 1 1
aiot-backend/internal/handler/response.go:48.2,48.20 1 1
aiot-backend/internal/handler/response.go:48.20,50.3 1 1
aiot-backend/internal/handler/response.go:51.2,51.29 1 1
aiot-backend/internal/handler/response.go:54.28,55.21 1 1
aiot-backend/internal/handler/response.go:55.21,57.3 1 1
aiot-backend/internal/handler/response.go:59.2,60.57 2 0
aiot-backend/internal/handler/response.go:60.57,62.3 1 0
aiot-backend/internal/handler/response.go:63.2,63.14 1 0
aiot-backend/internal/handler/response.go:66.49,67.17 1 1
aiot-backend/internal/handler/response.go:67.17,69.3 1 1
aiot-backend/internal/handler/response.go:70.2,70.12 1 1
aiot-backend/internal/handler/scene_linkage.go:16.104,18.2 1 0
aiot-backend/internal/handler/scene_linkage.go:20.77,30.2 1 0
aiot-backend/internal/handler/scene_linkage.go:32.38,33.27 1 0
aiot-backend/internal/handler/scene_linkage.go:34.11,35.11 1 0
aiot-backend/internal/handler/scene_linkage.go:36.11,37.11 1 0
aiot-backend/internal/handler/scene_linkage.go:38.10,39.12 1 0
aiot-backend/internal/handler/scene_linkage.go:57.65,60.16 3 0
aiot-backend/internal/handler/scene_linkage.go:60.16,63.3 2 0
aiot-backend/internal/handler/scene_linkage.go:64.2,65.31 2 0
aiot-backend/internal/handler/scene_linkage.go:65.31,67.3 1 0
aiot-backend/internal/handler/scene_linkage.go:68.2,68.129 1 0
aiot-backend/internal/handler/scene_linkage.go:82.63,84.16 2 0
aiot-backend/internal/handler/scene_linkage.go:84.16,87.3 2 0
aiot-backend/internal/handler/scene_linkage.go:88.2,89.16 2 0
aiot-backend/internal/handler/scene_linkage.go:89.16,92.3 2 0
aiot-backend/internal/handler/scene_linkage.go:93.2,93.101 1 0
aiot-backend/internal/handler/scene_linkage.go:107.66,109.47 2 0
aiot-backend/internal/handler/scene_linkage.go:109.47,112.3 2 0
aiot-backend/internal/handler/scene_linkage.go:113.2,114.44 2 0
aiot-backend/internal/handler/scene_linkage.go:114.44,116.3 1 0
aiot-backend/internal/handler/scene_linkage.go:117.2,117.47 1 0
aiot-backend/internal/handler/scene_linkage.go:117.47,120.3 2 0
aiot-backend/internal/handler/scene_linkage.go:121.2,121.104 1 0
aiot-backend/internal/handler/scene_linkage.go:136.66,138.16 2 0
aiot-backend/internal/handler/scene_linkage.go:138.16,141.3 2 0
aiot-backend/internal/handler/scene_linkage.go:142.2,143.47 2 0
aiot-backend/internal/handler/scene_linkage.go:143.47,146.3 2 0
aiot-backend/internal/handler/scene_linkage.go:147.2,148.16 2 0
aiot-backend/internal/handler/scene_linkage.go:148.16,151.3 2 0
aiot-backend/internal/handler/scene_linkage.go:152.2,153.44 2 0
aiot-backend/internal/handler/scene_linkage.go:153.44,155.3 1 0
aiot-backend/internal/handler/scene_linkage.go:156.2,156.47 1 0
aiot-backend/internal/handler/scene_linkage.go:156.47,159.3 2 0
aiot-backend/internal/handler/scene_linkage.go:160.2,160.104 1 0
aiot-backend/internal/handler/scene_linkage.go:174.66,176.16 2 0
aiot-backend/internal/handler/scene_linkage.go:176.16,178.3 1 0
aiot-backend/internal/handler/scene_linkage.go:179.2,179.16 1 0
aiot-backend/internal/handler/scene_linkage.go:179.16,182.3 2 0
aiot-backend/internal/handler/scene_linkage.go:183.2,183.68 1 0
aiot-backend/internal/handler/scene_linkage_detail.go:18.122,20.2 1 0
aiot-backend/internal/handler/scene_linkage_detail.go:22.96,28.2 1 0
aiot-backend/internal/handler/scene_linkage_detail.go:41.75,43.16 2 0
aiot-backend/internal/handler/scene_linkage_detail.go:43.16,46.3 2 0
aiot-backend/internal/handler/scene_linkage_detail.go:47.2,48.16 2 0
aiot-backend/internal/handler/scene_linkage_detail.go:48.16,51.3 2 0
aiot-backend/internal/handler/scene_linkage_detail.go:52.2,52.108 1 0
aiot-backend/internal/handler/scene_linkage_detail.go:67.78,69.16 2 0
aiot-backend/internal/handler/scene_linkage_detail.go:69.16,72.3 2 0
aiot-backend/internal/handler/scene_linkage_detail.go:73.2,74.47 2 0
aiot-backend/internal/handler/scene_linkage_detail.go:74.47,77.3 2 0
aiot-backend/internal/handler/scene_linkage_detail.go:78.2,83.36 2 0
aiot-backend/internal/handler/scene_linkage_detail.go:83.36,85.3 1 0
aiot-backend/internal/handler/scene_linkage_detail.go:86.2,86.35 1 0
aiot-backend/internal/handler/scene_linkage_detail.go:86.35,88.3 1 0
aiot-backend/internal/handler/scene_linkage_detail.go:89.2,89.48 1 0
aiot-backend/internal/handler/scene_linkage_detail.go:89.48,92.3 2 0
aiot-backend/internal/handler/scene_linkage_detail.go:93.2,93.111 1 0
aiot-backend/internal/handler/scene_linkage_detail.go:108.78,110.16 2 0
aiot-backend/internal/handler/scene_linkage_detail.go:110.16,113.3 2 0
aiot-backend/internal/handler/scene_linkage_detail.go:114.2,115.47 2 0
aiot-backend/internal/handler/scene_linkage_detail.go:115.47,118.3 2 0
aiot-backend/internal/handler/scene_linkage_detail.go:119.2,120.16 2 0
aiot-backend/internal/handler/scene_linkage_detail.go:120.16,123.3 2 0
aiot-backend/internal/handler/scene_linkage_detail.go:124.2,126.36 3 0
aiot-backend/internal/handler/scene_linkage_detail.go:126.36,128.3 1 0
aiot-backend/internal/handler/scene_linkage_detail.go:129.2,129.35 1 0
aiot-backend/internal/handler/scene_linkage_detail.go:129.35,131.3 1 0
aiot-backend/internal/handler/scene_linkage_detail.go:132.2,132.48 1 0
aiot-backend/internal/handler/scene_linkage_detail.go:132.48,135.3 2 0
aiot-backend/internal/handler/scene_linkage_detail.go:136.2,136.111 1 0
aiot-backend/internal/handler/user.go:16.85,21.2 1 1
aiot-backend/internal/handler/user.go:33.50,35.48 2 1
aiot-backend/internal/handler/user.go:35.48,38.3 2 1
aiot-backend/internal/handler/user.go:40.2,40.57 1 1
aiot-backend/internal/handler/user.go:40.57,44.3 3 1
aiot-backend/internal/handler/user.go:46.2,46.28 1 1
aiot-backend/internal/handler/user.go:59.47,61.49 2 1
aiot-backend/internal/handler/user.go:61.49,64.3 2 1
aiot-backend/internal/handler/user.go:66.2,67.16 2 1
aiot-backend/internal/handler/user.go:67.16,70.3 2 1
aiot-backend/internal/handler/user.go:71.2,73.4 1 1
aiot-backend/internal/handler/user.go:86.52,88.18 2 1
aiot-backend/internal/handler/user.go:88.18,91.3 2 1
aiot-backend/internal/handler/user.go:93.2,94.16 2 1
aiot-backend/internal/handler/user.go:94.16,97.3 2 1
aiot-backend/internal/handler/user.go:99.2,99.29 1 1
aiot-backend/internal/handler/user.go:113.55,117.49 3 1
aiot-backend/internal/handler/user.go:117.49,120.3 2 1
aiot-backend/internal/handler/user.go:122.2,122.71 1 1
aiot-backend/internal/handler/user.go:122.71,125.3 2 1
aiot-backend/internal/handler/user.go:127.2,127.28 1 1
aiot-backend/internal/handler/user.go:140.61,142.18 2 1
aiot-backend/internal/handler/user.go:142.18,145.3 2 0
aiot-backend/internal/handler/user.go:147.2,148.16 2 1
aiot-backend/internal/handler/user.go:148.16,151.3 2 0
aiot-backend/internal/handler/user.go:153.2,153.30 1 1
aiot-backend/internal/handler/user.go:167.60,169.18 2 1
aiot-backend/internal/handler/user.go:169.18,172.3 2 0
aiot-backend/internal/handler/user.go:174.2,175.49 2 1
aiot-backend/internal/handler/user.go:175.49,178.3 2 0
aiot-backend/internal/handler/user.go:180.2,181.16 2 1
aiot-backend/internal/handler/user.go:181.16,182.29 1 0
aiot-backend/internal/handler/user.go:182.29,185.4 2 0
aiot-backend/internal/handler/user.go:186.3,187.9 2 0
aiot-backend/internal/handler/user.go:190.2,192.4 1 1
aiot-backend/internal/repository/category.go:10.59,10.97 1 0
aiot-backend/internal/repository/category.go:12.82,16.2 3 0
aiot-backend/internal/repository/device.go:34.72,36.2 1 0
aiot-backend/internal/repository/device.go:38.61,40.2 1 0
aiot-backend/internal/repository/device.go:42.87,45.16 3 0
aiot-backend/internal/repository/device.go:45.16,46.45 1 0
aiot-backend/internal/repository/device.go:46.45,48.4 1 0
aiot-backend/internal/repository/device.go:49.3,49.18 1 0
aiot-backend/internal/repository/device.go:51.2,51.18 1 0
aiot-backend/internal/repository/device.go:54.94,57.16 3 0
aiot-backend/internal/repository/device.go:57.16,58.45 1 0
aiot-backend/internal/repository/device.go:58.45,60.4 1 0
aiot-backend/internal/repository/device.go:61.3,61.18 1 0
aiot-backend/internal/repository/device.go:63.2,63.18 1 0
aiot-backend/internal/repository/device.go:67.100,68.20 1 0
aiot-backend/internal/repository/device.go:68.20,70.3 1 0
aiot-backend/internal/repository/device.go:71.2,75.16 3 0
aiot-backend/internal/repository/device.go:75.16,77.3 1 0
aiot-backend/internal/repository/device.go:78.2,78.21 1 0
aiot-backend/internal/repository/device.go:83.102,86.16 3 0
aiot-backend/internal/repository/device.go:86.16,87.45 1 0
aiot-backend/internal/repository/device.go:87.45,89.4 1 0
aiot-backend/internal/repository/device.go:90.3,90.18 1 0
aiot-backend/internal/repository/device.go:92.2,92.18 1 0
aiot-backend/internal/repository/device.go:95.84,96.64 1 0
aiot-backend/internal/repository/device.go:96.64,97.67 1 0
aiot-backend/internal/repository/device.go:97.67,99.4 1 0
aiot-backend/internal/repository/device.go:100.3,100.132 1 0
aiot-backend/internal/repository/device.go:100.132,102.4 1 0
aiot-backend/internal/repository/device.go:103.3,103.13 1 0
aiot-backend/internal/repository/device.go:107.165,110.19 3 0
aiot-backend/internal/repository/device.go:110.19,112.3 1 0
aiot-backend/internal/repository/device.go:113.2,113.21 1 0
aiot-backend/internal/repository/device.go:113.21,115.3 1 0
aiot-backend/internal/repository/device.go:116.2,116.20 1 0
aiot-backend/internal/repository/device.go:116.20,118.3 1 0
aiot-backend/internal/repository/device.go:119.2,119.18 1 0
aiot-backend/internal/repository/device.go:119.18,121.3 1 0
aiot-backend/internal/repository/device.go:122.2,123.16 2 0
aiot-backend/internal/repository/device.go:123.16,125.3 1 0
aiot-backend/internal/repository/device.go:126.2,127.23 2 0
aiot-backend/internal/repository/device.go:127.23,129.3 1 0
aiot-backend/internal/repository/device.go:130.2,130.27 1 0
aiot-backend/internal/repository/device.go:133.82,134.64 1 0
aiot-backend/internal/repository/device.go:134.64,135.65 1 0
aiot-backend/internal/repository/device.go:135.65,137.4 1 0
aiot-backend/internal/repository/device.go:138.3,138.61 1 0
aiot-backend/internal/repository/device.go:142.89,144.2 1 0
aiot-backend/internal/repository/device.go:146.86,150.129 4 0
aiot-backend/internal/repository/device.go:150.129,152.3 1 0
aiot-backend/internal/repository/device.go:153.2,153.110 1 0
aiot-backend/internal/repository/device.go:153.110,156.17 3 0
aiot-backend/internal/repository/device.go:156.17,158.4 1 0
aiot-backend/internal/repository/device.go:160.2,163.8 1 0
aiot-backend/internal/repository/device.go:166.84,170.2 3 0
aiot-backend/internal/repository/device.go:172.73,176.2 3 0
aiot-backend/internal/repository/device.go:178.87,179.20 1 0
aiot-backend/internal/repository/device.go:179.20,181.3 1 0
aiot-backend/internal/repository/device.go:182.2,183.31 2 0
aiot-backend/internal/repository/device.go:183.31,185.3 1 0
aiot-backend/internal/repository/device.go:186.2,186.15 1 0
aiot-backend/internal/repository/device_event.go:15.65,17.2 1 0
aiot-backend/internal/repository/device_event.go:18.93,20.2 1 0
aiot-backend/internal/repository/device_event.go:22.176,25.19 3 0
aiot-backend/internal/repository/device_event.go:25.19,28.3 2 0
aiot-backend/internal/repository/device_event.go:29.2,29.21 1 0
aiot-backend/internal/repository/device_event.go:29.21,31.3 1 0
aiot-backend/internal/repository/device_event.go:32.2,32.21 1 0
aiot-backend/internal/repository/device_event.go:32.21,34.3 1 0
aiot-backend/internal/repository/device_event.go:35.2,35.20 1 0
aiot-backend/internal/repository/device_event.go:35.20,37.3 1 0
aiot-backend/internal/repository/device_event.go:38.2,38.18 1 0
aiot-backend/internal/repository/device_event.go:38.18,40.3 1 0
aiot-backend/internal/repository/device_event.go:41.2,42.16 2 0
aiot-backend/internal/repository/device_event.go:42.16,44.3 1 0
aiot-backend/internal/repository/device_event.go:45.2,47.27 3 0
aiot-backend/internal/repository/device_group.go:18.65,20.2 1 0
aiot-backend/internal/repository/device_group.go:22.93,24.2 1 0
aiot-backend/internal/repository/device_group.go:26.111,29.44 3 0
aiot-backend/internal/repository/device_group.go:29.44,31.3 1 0
aiot-backend/internal/repository/device_group.go:32.2,32.20 1 0
aiot-backend/internal/repository/device_group.go:35.137,37.37 2 0
aiot-backend/internal/repository/device_group.go:37.37,39.3 1 0
aiot-backend/internal/repository/device_group.go:40.2,40.40 1 0
aiot-backend/internal/repository/device_group.go:40.40,42.3 1 0
aiot-backend/internal/repository/device_group.go:43.2,44.78 2 0
aiot-backend/internal/repository/device_group.go:44.78,46.3 1 0
aiot-backend/internal/repository/device_group.go:47.2,49.27 3 0
aiot-backend/internal/repository/device_group.go:52.91,54.2 1 0
aiot-backend/internal/repository/device_group.go:56.93,58.2 1 0
aiot-backend/internal/repository/device_group.go:60.105,62.23 2 0
aiot-backend/internal/repository/device_group.go:62.23,64.3 1 0
aiot-backend/internal/repository/device_group.go:65.2,67.23 3 0
aiot-backend/internal/repository/device_group.go:70.105,71.37 1 0
aiot-backend/internal/repository/device_group.go:71.37,72.190 1 0
aiot-backend/internal/repository/device_group.go:72.190,74.4 1 0
aiot-backend/internal/repository/device_group.go:76.2,76.12 1 0
aiot-backend/internal/repository/device_group.go:79.108,81.2 1 0
aiot-backend/internal/repository/device_group.go:83.96,87.2 3 0
aiot-backend/internal/repository/device_group.go:89.66,89.98 1 0
aiot-backend/internal/repository/device_group.go:103.68,106.53 3 0
aiot-backend/internal/repository/device_group.go:106.53,109.54 3 0
aiot-backend/internal/repository/device_group.go:109.54,111.20 2 0
aiot-backend/internal/repository/device_group.go:111.20,113.5 1 0
aiot-backend/internal/repository/device_group.go:114.4,116.55 3 0
aiot-backend/internal/repository/device_group.go:116.55,118.5 1 0
aiot-backend/internal/repository/device_group.go:119.4,119.23 1 0
aiot-backend/internal/repository/device_group.go:119.23,121.5 1 0
aiot-backend/internal/repository/device_group.go:122.4,126.40 5 0
aiot-backend/internal/repository/device_group.go:126.40,129.5 2 0
aiot-backend/internal/repository/device_group.go:130.4,130.24 1 0
aiot-backend/internal/repository/device_group.go:130.24,132.27 2 0
aiot-backend/internal/repository/device_group.go:132.27,134.6 1 0
aiot-backend/internal/repository/device_group.go:135.5,135.41 1 0
aiot-backend/internal/repository/device_group.go:135.41,137.6 1 0
aiot-backend/internal/repository/device_group.go:137.11,139.6 1 0
aiot-backend/internal/repository/device_group.go:141.4,142.44 2 0
aiot-backend/internal/repository/device_group.go:144.3,145.43 2 0
aiot-backend/internal/repository/device_group.go:147.2,147.69 1 0
aiot-backend/internal/repository/device_group.go:150.119,152.2 1 0
aiot-backend/internal/repository/device_group.go:154.166,156.2 1 0
aiot-backend/internal/repository/device_group.go:160.162,168.41 2 0
aiot-backend/internal/repository/device_group.go:168.41,170.3 1 0
aiot-backend/internal/repository/device_group.go:171.2,171.37 1 0
aiot-backend/internal/repository/device_group.go:171.37,174.3 2 0
aiot-backend/internal/repository/device_group.go:176.2,177.47 2 0
aiot-backend/internal/repository/device_group.go:177.47,179.17 2 0
aiot-backend/internal/repository/device_group.go:179.17,181.4 1 0
aiot-backend/internal/repository/device_group.go:182.3,182.20 1 0
aiot-backend/internal/repository/device_group.go:182.20,184.4 1 0
aiot-backend/internal/repository/device_group.go:185.3,185.45 1 0
aiot-backend/internal/repository/device_group.go:186.8,189.17 3 0
aiot-backend/internal/repository/device_group.go:189.17,191.4 1 0
aiot-backend/internal/repository/device_group.go:194.2,198.108 3 0
aiot-backend/internal/repository/device_group.go:198.108,200.3 1 0
aiot-backend/internal/repository/device_group.go:201.2,205.26 4 0
aiot-backend/internal/repository/device_group.go:205.26,207.3 1 0
aiot-backend/internal/repository/device_group.go:208.2,209.28 2 0
aiot-backend/internal/repository/device_shadow.go:17.67,19.2 1 0
aiot-backend/internal/repository/device_shadow.go:21.67,23.2 1 0
aiot-backend/internal/repository/device_shadow.go:25.110,27.88 2 0
aiot-backend/internal/repository/device_shadow.go:27.88,28.45 1 0
aiot-backend/internal/repository/device_shadow.go:28.45,31.70 2 0
aiot-backend/internal/repository/device_shadow.go:31.70,33.5 1 0
aiot-backend/internal/repository/device_shadow.go:34.4,34.23 1 0
aiot-backend/internal/repository/device_shadow.go:36.3,36.18 1 0
aiot-backend/internal/repository/device_shadow.go:38.2,38.21 1 0
aiot-backend/internal/repository/device_shadow.go:43.192,45.55 2 0
aiot-backend/internal/repository/device_shadow.go:45.55,48.45 3 0
aiot-backend/internal/repository/device_shadow.go:48.45,49.21 1 0
aiot-backend/internal/repository/device_shadow.go:49.21,51.5 1 0
aiot-backend/internal/repository/device_shadow.go:52.4,53.52 2 0
aiot-backend/internal/repository/device_shadow.go:53.52,55.5 1 0
aiot-backend/internal/repository/device_shadow.go:56.9,56.24 1 0
aiot-backend/internal/repository/device_shadow.go:56.24,58.4 1 0
aiot-backend/internal/repository/device_shadow.go:59.3,59.34 1 0
aiot-backend/internal/repository/device_shadow.go:59.34,61.4 1 0
aiot-backend/internal/repository/device_shadow.go:62.3,62.21 1 0
aiot-backend/internal/repository/device_shadow.go:62.21,65.4 2 0
aiot-backend/internal/repository/device_shadow.go:66.3,66.22 1 0
aiot-backend/internal/repository/device_shadow.go:66.22,69.4 2 0
aiot-backend/internal/repository/device_shadow.go:70.3,70.19 1 0
aiot-backend/internal/repository/device_shadow.go:70.19,72.4 1 0
aiot-backend/internal/repository/device_shadow.go:73.3,76.24 2 0
aiot-backend/internal/repository/device_shadow.go:76.24,78.4 1 0
aiot-backend/internal/repository/device_shadow.go:79.3,79.208 1 0
aiot-backend/internal/repository/device_shadow.go:79.208,81.4 1 0
aiot-backend/internal/repository/device_shadow.go:82.3,83.13 2 0
aiot-backend/internal/repository/device_shadow.go:85.2,85.18 1 0
aiot-backend/internal/repository/device_shadow.go:88.126,92.2 3 0
aiot-backend/internal/repository/device_tag.go:15.61,17.2 1 0
aiot-backend/internal/repository/device_tag.go:19.64,21.2 1 0
aiot-backend/internal/repository/device_tag.go:23.104,27.2 3 0
aiot-backend/internal/repository/device_tag.go:29.120,30.55 1 0
aiot-backend/internal/repository/device_tag.go:30.55,31.14 1 0
aiot-backend/internal/repository/device_tag.go:31.14,32.95 1 0
aiot-backend/internal/repository/device_tag.go:32.95,34.5 1 0
aiot-backend/internal/repository/device_tag.go:36.3,36.32 1 0
aiot-backend/internal/repository/device_tag.go:36.32,39.46 3 0
aiot-backend/internal/repository/device_tag.go:39.46,40.123 1 0
aiot-backend/internal/repository/device_tag.go:40.123,42.6 1 0
aiot-backend/internal/repository/device_tag.go:43.5,43.13 1 0
aiot-backend/internal/repository/device_tag.go:45.4,45.18 1 0
aiot-backend/internal/repository/device_tag.go:45.18,47.5 1 0
aiot-backend/internal/repository/device_tag.go:48.4,48.137 1 0
aiot-backend/internal/repository/device_tag.go:48.137,50.5 1 0
aiot-backend/internal/repository/device_tag.go:52.3,52.13 1 0
aiot-backend/internal/repository/device_tag.go:56.100,58.2 1 0
aiot-backend/internal/repository/organization.go:18.70,22.2 1 1
aiot-backend/internal/repository/organization.go:28.93,30.2 1 1
aiot-backend/internal/repository/organization.go:32.102,34.72 2 0
aiot-backend/internal/repository/organization.go:34.72,35.45 1 0
aiot-backend/internal/repository/organization.go:35.45,37.4 1 0
aiot-backend/internal/repository/organization.go:38.3,38.18 1 0
aiot-backend/internal/repository/organization.go:40.2,40.18 1 0
aiot-backend/internal/repository/organization.go:43.109,44.19 1 1
aiot-backend/internal/repository/organization.go:44.19,46.3 1 0
aiot-backend/internal/repository/organization.go:47.2,48.74 2 1
aiot-backend/internal/repository/organization.go:48.74,50.3 1 0
aiot-backend/internal/repository/organization.go:51.2,51.18 1 1
aiot-backend/internal/repository/organization_user.go:21.78,25.2 1 1
aiot-backend/internal/repository/organization_user.go:31.105,33.2 1 1
aiot-backend/internal/repository/organization_user.go:35.120,37.82 2 1
aiot-backend/internal/repository/organization_user.go:37.82,39.3 1 0
aiot-backend/internal/repository/organization_user.go:40.2,40.19 1 1
aiot-backend/internal/repository/organization_user.go:43.108,47.55 2 0
aiot-backend/internal/repository/organization_user.go:47.55,49.3 1 0
aiot-backend/internal/repository/organization_user.go:50.2,50.20 1 0
aiot-backend/internal/repository/organization_user.go:53.110,57.35 2 1
aiot-backend/internal/repository/organization_user.go:57.35,59.3 1 0
aiot-backend/internal/repository/organization_user.go:60.2,60.23 1 1
aiot-backend/internal/repository/organization_user.go:63.136,65.113 2 0
aiot-backend/internal/repository/organization_user.go:65.113,66.45 1 0
aiot-backend/internal/repository/organization_user.go:66.45,68.4 1 0
aiot-backend/internal/repository/organization_user.go:69.3,69.18 1 0
aiot-backend/internal/repository/organization_user.go:71.2,71.19 1 0
aiot-backend/internal/repository/organization_user.go:74.130,78.2 1 1
aiot-backend/internal/repository/ota.go:27.58,27.91 1 0
aiot-backend/internal/repository/ota.go:28.58,28.90 1 0
aiot-backend/internal/repository/ota.go:30.89,34.2 1 0
aiot-backend/internal/repository/ota.go:36.88,38.109 2 0
aiot-backend/internal/repository/ota.go:38.109,39.45 1 0
aiot-backend/internal/repository/ota.go:39.45,41.4 1 0
aiot-backend/internal/repository/ota.go:42.3,42.18 1 0
aiot-backend/internal/repository/ota.go:44.2,44.18 1 0
aiot-backend/internal/repository/ota.go:46.97,48.150 2 0
aiot-backend/internal/repository/ota.go:48.150,49.45 1 0
aiot-backend/internal/repository/ota.go:49.45,51.4 1 0
aiot-backend/internal/repository/ota.go:52.3,52.18 1 0
aiot-backend/internal/repository/ota.go:54.2,54.18 1 0
aiot-backend/internal/repository/ota.go:57.97,59.142 2 0
aiot-backend/internal/repository/ota.go:59.142,60.45 1 0
aiot-backend/internal/repository/ota.go:60.45,62.4 1 0
aiot-backend/internal/repository/ota.go:63.3,63.18 1 0
aiot-backend/internal/repository/ota.go:65.2,65.18 1 0
aiot-backend/internal/repository/ota.go:68.102,71.49 3 0
aiot-backend/internal/repository/ota.go:71.49,73.3 1 0
aiot-backend/internal/repository/ota.go:74.2,76.128 3 0
aiot-backend/internal/repository/ota.go:76.128,78.3 1 0
aiot-backend/internal/repository/ota.go:79.2,79.29 1 0
aiot-backend/internal/repository/ota.go:82.82,84.2 1 0
aiot-backend/internal/repository/ota.go:86.80,88.2 1 0
aiot-backend/internal/repository/ota.go:90.69,92.16 2 0
aiot-backend/internal/repository/ota.go:92.16,94.3 1 0
aiot-backend/internal/repository/ota.go:95.2,95.36 1 0
aiot-backend/internal/repository/ota.go:98.120,100.42 2 0
aiot-backend/internal/repository/ota.go:100.42,103.3 1 0
aiot-backend/internal/repository/ota.go:104.2,105.54 2 0
aiot-backend/internal/repository/ota.go:105.54,107.3 1 0
aiot-backend/internal/repository/ota.go:108.2,109.52 2 0
aiot-backend/internal/repository/ota.go:109.52,113.37 3 0
aiot-backend/internal/repository/ota.go:113.37,115.4 1 0
aiot-backend/internal/repository/ota.go:115.9,115.45 1 0
aiot-backend/internal/repository/ota.go:115.45,117.4 1 0
aiot-backend/internal/repository/ota.go:117.9,119.4 1 0
aiot-backend/internal/repository/ota.go:120.3,120.43 1 0
aiot-backend/internal/repository/ota.go:120.43,122.4 1 0
aiot-backend/internal/repository/ota.go:123.3,124.36 1 0
aiot-backend/internal/repository/ota.go:124.36,126.4 1 0
aiot-backend/internal/repository/ota.go:127.3,127.20 1 0
aiot-backend/internal/repository/ota.go:129.2,130.74 2 0
aiot-backend/internal/repository/ota.go:130.74,132.3 1 0
aiot-backend/internal/repository/ota.go:133.2,133.72 1 0
aiot-backend/internal/repository/ota.go:133.72,135.3 1 0
aiot-backend/internal/repository/ota.go:136.2,136.78 1 0
aiot-backend/internal/repository/ota.go:136.78,138.3 1 0
aiot-backend/internal/repository/ota.go:139.2,139.74 1 0
aiot-backend/internal/repository/ota.go:139.74,141.3 1 0
aiot-backend/internal/repository/ota.go:142.2,142.80 1 0
aiot-backend/internal/repository/ota.go:142.80,144.3 1 0
aiot-backend/internal/repository/ota.go:145.2,145.20 1 0
aiot-backend/internal/repository/ota.go:148.101,152.2 3 0
aiot-backend/internal/repository/ota.go:155.118,159.2 3 0
aiot-backend/internal/repository/ota.go:162.105,166.2 3 0
aiot-backend/internal/repository/ota.go:169.112,175.2 3 0
aiot-backend/internal/repository/ota.go:178.94,180.2 1 0
aiot-backend/internal/repository/ota.go:183.140,187.2 1 0
aiot-backend/internal/repository/ota.go:190.130,194.2 3 0
aiot-backend/internal/repository/ota.go:197.111,208.2 2 0
aiot-backend/internal/repository/ota.go:211.112,215.2 1 0
aiot-backend/internal/repository/ota.go:218.91,220.2 1 0
aiot-backend/internal/repository/ota.go:222.164,223.55 1 0
aiot-backend/internal/repository/ota.go:223.55,224.48 1 0
aiot-backend/internal/repository/ota.go:224.48,226.4 1 0
aiot-backend/internal/repository/ota.go:227.3,229.38 3 0
aiot-backend/internal/repository/ota.go:229.38,230.35 1 0
aiot-backend/internal/repository/ota.go:230.35,231.13 1 0
aiot-backend/internal/repository/ota.go:233.4,238.6 3 0
aiot-backend/internal/repository/ota.go:240.3,240.20 1 0
aiot-backend/internal/repository/ota.go:240.20,241.49 1 0
aiot-backend/internal/repository/ota.go:241.49,243.5 1 0
aiot-backend/internal/repository/ota.go:245.3,245.13 1 0
aiot-backend/internal/repository/ota.go:251.134,252.25 1 0
aiot-backend/internal/repository/ota.go:252.25,254.3 1 0
aiot-backend/internal/repository/ota.go:255.2,260.31 5 0
aiot-backend/internal/repository/ota.go:260.31,261.28 1 0
aiot-backend/internal/repository/ota.go:261.28,262.12 1 0
aiot-backend/internal/repository/ota.go:264.3,265.26 2 0
aiot-backend/internal/repository/ota.go:267.2,270.37 3 0
aiot-backend/internal/repository/ota.go:270.37,280.3 2 0
aiot-backend/internal/repository/ota.go:282.2,282.51 1 0
aiot-backend/internal/repository/ota.go:282.51,284.3 1 0
aiot-backend/internal/repository/ota.go:285.2,285.28 1 0
aiot-backend/internal/repository/ota.go:288.137,298.2 2 0
aiot-backend/internal/repository/ota.go:301.115,305.2 1 0
aiot-backend/internal/repository/ota.go:307.166,313.18 2 0
aiot-backend/internal/repository/ota.go:313.18,315.3 1 0
aiot-backend/internal/repository/ota.go:316.2,316.42 1 0
aiot-backend/internal/repository/ota.go:316.42,318.3 1 0
aiot-backend/internal/repository/ota.go:319.2,320.50 2 0
aiot-backend/internal/repository/ota.go:320.50,322.3 1 0
aiot-backend/internal/repository/ota.go:323.2,325.78 2 0
aiot-backend/internal/repository/ota.go:325.78,327.3 1 0
aiot-backend/internal/repository/ota.go:328.2,328.32 1 0
aiot-backend/internal/repository/ota.go:332.129,336.57 2 0
aiot-backend/internal/repository/ota.go:336.57,338.3 1 0
aiot-backend/internal/repository/ota.go:339.2,343.26 2 0
aiot-backend/internal/repository/ota.go:343.26,345.3 1 0
aiot-backend/internal/repository/ota.go:346.2,348.25 1 0
aiot-backend/internal/repository/ota.go:351.176,360.26 3 0
aiot-backend/internal/repository/ota.go:360.26,362.3 1 0
aiot-backend/internal/repository/ota.go:363.2,363.46 1 0
aiot-backend/internal/repository/ota.go:363.46,365.3 1 0
aiot-backend/internal/repository/ota.go:366.2,368.25 1 0
aiot-backend/internal/repository/ota.go:373.81,378.51 2 0
aiot-backend/internal/repository/ota.go:378.51,380.3 1 0
aiot-backend/internal/repository/ota.go:381.2,382.24 2 0
aiot-backend/internal/repository/ota.go:382.24,384.17 2 0
aiot-backend/internal/repository/ota.go:384.17,385.12 1 0
aiot-backend/internal/repository/ota.go:387.3,387.30 1 0
aiot-backend/internal/repository/ota.go:389.2,389.20 1 0
aiot-backend/internal/repository/product.go:19.57,21.2 1 0
aiot-backend/internal/repository/product.go:23.62,25.2 1 0
aiot-backend/internal/repository/product.go:27.89,30.16 3 0
aiot-backend/internal/repository/product.go:30.16,31.45 1 0
aiot-backend/internal/repository/product.go:31.45,33.4 1 0
aiot-backend/internal/repository/product.go:34.3,34.18 1 0
aiot-backend/internal/repository/product.go:36.2,36.54 1 0
aiot-backend/internal/repository/product.go:36.54,38.3 1 0
aiot-backend/internal/repository/product.go:39.2,39.21 1 0
aiot-backend/internal/repository/product.go:42.96,45.16 3 0
aiot-backend/internal/repository/product.go:45.16,46.45 1 0
aiot-backend/internal/repository/product.go:46.45,48.4 1 0
aiot-backend/internal/repository/product.go:49.3,49.18 1 0
aiot-backend/internal/repository/product.go:51.2,51.54 1 0
aiot-backend/internal/repository/product.go:51.54,53.3 1 0
aiot-backend/internal/repository/product.go:54.2,54.21 1 0
aiot-backend/internal/repository/product.go:58.94,60.2 1 0
aiot-backend/internal/repository/product.go:62.87,63.67 1 0
aiot-backend/internal/repository/product.go:63.67,64.50 1 0
aiot-backend/internal/repository/product.go:64.50,66.4 1 0
aiot-backend/internal/repository/product.go:67.3,67.36 1 0
aiot-backend/internal/repository/product.go:67.36,69.65 2 0
aiot-backend/internal/repository/product.go:69.65,71.5 1 0
aiot-backend/internal/repository/product.go:73.3,73.13 1 0
aiot-backend/internal/repository/product.go:77.85,78.67 1 0
aiot-backend/internal/repository/product.go:78.67,79.48 1 0
aiot-backend/internal/repository/product.go:79.48,81.4 1 0
aiot-backend/internal/repository/product.go:82.3,82.31 1 0
aiot-backend/internal/repository/product.go:82.31,84.4 1 0
aiot-backend/internal/repository/product.go:85.3,85.103 1 0
aiot-backend/internal/repository/product.go:85.103,87.4 1 0
aiot-backend/internal/repository/product.go:88.3,88.36 1 0
aiot-backend/internal/repository/product.go:88.36,90.65 2 0
aiot-backend/internal/repository/product.go:90.65,92.5 1 0
aiot-backend/internal/repository/product.go:94.3,94.13 1 0
aiot-backend/internal/repository/product.go:98.95,101.2 2 0
aiot-backend/internal/repository/product.go:103.87,106.2 2 0
aiot-backend/internal/repository/product.go:108.142,113.20 2 0
aiot-backend/internal/repository/product.go:113.20,114.67 1 0
aiot-backend/internal/repository/product.go:114.67,116.4 1 0
aiot-backend/internal/repository/product.go:118.2,118.18 1 0
aiot-backend/internal/repository/product.go:118.18,120.3 1 0
aiot-backend/internal/repository/product.go:121.2,121.18 1 0
aiot-backend/internal/repository/product.go:121.18,124.3 2 0
aiot-backend/internal/repository/product.go:125.2,126.75 2 0
aiot-backend/internal/repository/product.go:126.75,128.3 1 0
aiot-backend/internal/repository/product.go:129.2,130.114 2 0
aiot-backend/internal/repository/product.go:130.114,132.3 1 0
aiot-backend/internal/repository/product.go:133.2,133.27 1 0
aiot-backend/internal/repository/product.go:136.74,140.2 3 0
aiot-backend/internal/repository/product_message_parser.go:16.83,18.2 1 0
aiot-backend/internal/repository/product_message_parser.go:20.133,26.16 3 0
aiot-backend/internal/repository/product_message_parser.go:26.16,27.45 1 0
aiot-backend/internal/repository/product_message_parser.go:27.45,29.4 1 0
aiot-backend/internal/repository/product_message_parser.go:30.3,30.18 1 0
aiot-backend/internal/repository/product_message_parser.go:32.2,32.20 1 0
aiot-backend/internal/repository/product_message_parser.go:35.110,37.75 2 0
aiot-backend/internal/repository/product_message_parser.go:37.75,40.3 2 0
aiot-backend/internal/repository/product_message_parser.go:40.8,40.41 1 0
aiot-backend/internal/repository/product_message_parser.go:40.41,42.3 1 0
aiot-backend/internal/repository/product_message_parser.go:43.2,43.79 1 0
aiot-backend/internal/repository/product_tsl.go:15.63,17.2 1 0
aiot-backend/internal/repository/product_tsl.go:19.113,21.108 2 0
aiot-backend/internal/repository/product_tsl.go:21.108,22.45 1 0
aiot-backend/internal/repository/product_tsl.go:22.45,24.4 1 0
aiot-backend/internal/repository/product_tsl.go:25.3,25.18 1 0
aiot-backend/internal/repository/product_tsl.go:27.2,27.18 1 0
aiot-backend/internal/repository/product_tsl.go:30.87,32.2 1 0
aiot-backend/internal/repository/product_tsl.go:34.89,36.2 1 0
aiot-backend/internal/repository/product_tsl.go:38.89,40.2 1 0
aiot-backend/internal/repository/protocol.go:15.104,17.176 2 0
aiot-backend/internal/repository/protocol.go:17.176,18.45 1 0
aiot-backend/internal/repository/protocol.go:18.45,20.4 1 0
aiot-backend/internal/repository/protocol.go:21.3,21.18 1 0
aiot-backend/internal/repository/protocol.go:23.2,23.21 1 0
aiot-backend/internal/repository/protocol.go:34.129,41.2 1 0
aiot-backend/internal/repository/protocol.go:44.101,48.2 1 0
aiot-backend/internal/repository/protocol.go:50.59,50.97 1 0
aiot-backend/internal/repository/protocol.go:52.118,54.150 2 0
aiot-backend/internal/repository/protocol.go:54.150,55.45 1 0
aiot-backend/internal/repository/protocol.go:55.45,57.4 1 0
aiot-backend/internal/repository/protocol.go:58.3,58.18 1 0
aiot-backend/internal/repository/protocol.go:60.2,62.20 3 0
aiot-backend/internal/repository/protocol.go:65.115,67.148 2 0
aiot-backend/internal/repository/protocol.go:67.148,68.45 1 0
aiot-backend/internal/repository/protocol.go:68.45,70.4 1 0
aiot-backend/internal/repository/protocol.go:71.3,71.18 1 0
aiot-backend/internal/repository/protocol.go:74.2,75.111 2 0
aiot-backend/internal/repository/protocol.go:75.111,77.3 1 0
aiot-backend/internal/repository/protocol.go:78.2,78.37 1 0
aiot-backend/internal/repository/protocol.go:78.37,81.110 2 0
aiot-backend/internal/repository/protocol.go:81.110,83.4 1 0
aiot-backend/internal/repository/protocol.go:84.3,84.17 1 0
aiot-backend/internal/repository/protocol.go:84.17,85.171 1 0
aiot-backend/internal/repository/protocol.go:85.171,87.5 1 0
aiot-backend/internal/repository/protocol.go:90.2,92.20 3 0
aiot-backend/internal/repository/protocol.go:97.118,105.44 3 0
aiot-backend/internal/repository/protocol.go:105.44,107.3 1 0
aiot-backend/internal/repository/protocol.go:108.2,108.16 1 0
aiot-backend/internal/repository/protocol.go:108.16,110.3 1 0
aiot-backend/internal/repository/protocol.go:111.2,111.21 1 0
aiot-backend/internal/repository/protocol.go:114.104,116.153 2 0
aiot-backend/internal/repository/protocol.go:116.153,118.3 1 0
aiot-backend/internal/repository/protocol.go:119.2,120.146 2 0
aiot-backend/internal/repository/protocol.go:120.146,122.3 1 0
aiot-backend/internal/repository/protocol.go:123.2,123.44 1 0
aiot-backend/internal/repository/protocol.go:123.44,125.150 2 0
aiot-backend/internal/repository/protocol.go:125.150,127.4 1 0
aiot-backend/internal/repository/protocol.go:128.3,128.42 1 0
aiot-backend/internal/repository/protocol.go:130.2,130.47 1 0
aiot-backend/internal/repository/protocol.go:133.88,137.2 1 0
aiot-backend/internal/repository/push_record.go:16.63,18.2 1 0
aiot-backend/internal/repository/push_record.go:20.65,22.2 1 0
aiot-backend/internal/repository/push_record.go:24.108,26.2 1 0
aiot-backend/internal/repository/push_record.go:28.172,30.25 2 0
aiot-backend/internal/repository/push_record.go:30.25,32.3 1 0
aiot-backend/internal/repository/push_record.go:33.2,33.18 1 0
aiot-backend/internal/repository/push_record.go:33.18,35.3 1 0
aiot-backend/internal/repository/push_record.go:36.2,37.50 2 0
aiot-backend/internal/repository/push_record.go:37.50,39.3 1 0
aiot-backend/internal/repository/push_record.go:40.2,41.114 2 0
aiot-backend/internal/repository/push_record.go:41.114,43.3 1 0
aiot-backend/internal/repository/push_record.go:44.2,44.28 1 0
aiot-backend/internal/repository/push_record.go:47.111,49.59 2 0
aiot-backend/internal/repository/push_record.go:49.59,50.45 1 0
aiot-backend/internal/repository/push_record.go:50.45,52.4 1 0
aiot-backend/internal/repository/push_record.go:53.3,53.18 1 0
aiot-backend/internal/repository/push_record.go:55.2,55.21 1 0
aiot-backend/internal/repository/push_record.go:58.121,60.19 2 0
aiot-backend/internal/repository/push_record.go:60.19,62.3 1 0
aiot-backend/internal/repository/push_record.go:63.2,64.42 2 0
aiot-backend/internal/repository/query.go:8.42,10.2 1 0
aiot-backend/internal/repository/query.go:12.41,14.2 1 0
aiot-backend/internal/repository/repository.go:35.15,42.2 1 1
aiot-backend/internal/repository/repository.go:48.48,50.2 1 1
aiot-backend/internal/repository/repository.go:54.55,56.14 2 1
aiot-backend/internal/repository/repository.go:56.14,57.33 1 1
aiot-backend/internal/repository/repository.go:57.33,59.4 1 1
aiot-backend/internal/repository/repository.go:61.2,61.30 1 1
aiot-backend/internal/repository/repository.go:64.97,65.55 1 1
aiot-backend/internal/repository/repository.go:65.55,68.3 2 1
aiot-backend/internal/repository/repository.go:71.55,73.2 1 0
aiot-backend/internal/repository/repository.go:79.56,81.2 1 0
aiot-backend/internal/repository/repository.go:83.67,92.31 5 0
aiot-backend/internal/repository/repository.go:92.31,93.56 1 0
aiot-backend/internal/repository/repository.go:97.2,97.16 1 0
aiot-backend/internal/repository/repository.go:98.15,101.5 1 0
aiot-backend/internal/repository/repository.go:102.18,106.22 1 0
aiot-backend/internal/repository/repository.go:107.16,108.56 1 0
aiot-backend/internal/repository/repository.go:109.10,110.29 1 0
aiot-backend/internal/repository/repository.go:112.2,112.16 1 0
aiot-backend/internal/repository/repository.go:112.16,113.13 1 0
aiot-backend/internal/repository/repository.go:115.2,119.16 3 0
aiot-backend/internal/repository/repository.go:119.16,120.13 1 0
aiot-backend/internal/repository/repository.go:122.2,125.11 4 0
aiot-backend/internal/repository/repository.go:127.48,138.16 5 0
aiot-backend/internal/repository/repository.go:138.16,139.53 1 0
aiot-backend/internal/repository/repository.go:142.2,142.12 1 0
aiot-backend/internal/repository/repository.go:149.47,151.16 2 0
aiot-backend/internal/repository/repository.go:151.16,153.3 1 0
aiot-backend/internal/repository/repository.go:154.2,156.5 1 0
aiot-backend/internal/repository/repository.go:158.65,163.16 3 0
aiot-backend/internal/repository/repository.go:163.16,164.60 1 0
aiot-backend/internal/repository/repository.go:167.2,171.16 4 0
aiot-backend/internal/repository/repository.go:171.16,172.58 1 0
aiot-backend/internal/repository/repository.go:175.2,175.24 1 0
aiot-backend/internal/repository/repository.go:175.24,177.17 2 0
aiot-backend/internal/repository/repository.go:177.17,178.65 1 0
aiot-backend/internal/repository/scene_linkage.go:16.67,18.2 1 0
aiot-backend/internal/repository/scene_linkage.go:20.67,22.2 1 0
aiot-backend/internal/repository/scene_linkage.go:24.99,27.16 3 0
aiot-backend/internal/repository/scene_linkage.go:27.16,28.45 1 0
aiot-backend/internal/repository/scene_linkage.go:28.45,30.4 1 0
aiot-backend/internal/repository/scene_linkage.go:31.3,31.18 1 0
aiot-backend/internal/repository/scene_linkage.go:33.2,33.19 1 0
aiot-backend/internal/repository/scene_linkage.go:36.140,39.18 3 0
aiot-backend/internal/repository/scene_linkage.go:39.18,41.3 1 0
aiot-backend/internal/repository/scene_linkage.go:42.2,42.32 1 0
aiot-backend/internal/repository/scene_linkage.go:42.32,44.3 1 0
aiot-backend/internal/repository/scene_linkage.go:45.2,46.16 2 0
aiot-backend/internal/repository/scene_linkage.go:46.16,48.3 1 0
aiot-backend/internal/repository/scene_linkage.go:49.2,50.23 2 0
aiot-backend/internal/repository/scene_linkage.go:50.23,52.3 1 0
aiot-backend/internal/repository/scene_linkage.go:53.2,53.27 1 0
aiot-backend/internal/repository/scene_linkage.go:56.95,59.2 2 0
aiot-backend/internal/repository/scene_linkage.go:61.93,62.49 1 0
aiot-backend/internal/repository/scene_linkage.go:62.49,64.3 1 0
aiot-backend/internal/repository/scene_linkage.go:65.2,65.68 1 0
aiot-backend/internal/repository/scene_linkage.go:68.78,70.16 2 0
aiot-backend/internal/repository/scene_linkage.go:70.16,72.3 1 0
aiot-backend/internal/repository/scene_linkage.go:73.2,74.12 2 0
aiot-backend/internal/repository/scene_linkage_detail.go:15.79,17.2 1 0
aiot-backend/internal/repository/scene_linkage_detail.go:19.125,22.16 3 0
aiot-backend/internal/repository/scene_linkage_detail.go:22.16,23.45 1 0
aiot-backend/internal/repository/scene_linkage_detail.go:23.45,25.4 1 0
aiot-backend/internal/repository/scene_linkage_detail.go:26.3,26.18 1 0
aiot-backend/internal/repository/scene_linkage_detail.go:28.2,28.20 1 0
aiot-backend/internal/repository/scene_linkage_detail.go:31.108,33.2 1 0
aiot-backend/internal/repository/scene_linkage_detail.go:35.106,37.2 1 0
aiot-backend/internal/repository/user.go:20.18,24.2 1 1
aiot-backend/internal/repository/user.go:30.78,31.53 1 1
aiot-backend/internal/repository/user.go:31.53,33.3 1 0
aiot-backend/internal/repository/user.go:34.2,34.12 1 1
aiot-backend/internal/repository/user.go:37.78,38.51 1 0
aiot-backend/internal/repository/user.go:38.51,40.3 1 0
aiot-backend/internal/repository/user.go:41.2,41.12 1 0
aiot-backend/internal/repository/user.go:44.91,46.82 2 0
aiot-backend/internal/repository/user.go:46.82,47.45 1 0
aiot-backend/internal/repository/user.go:47.45,49.4 1 0
aiot-backend/internal/repository/user.go:50.3,50.18 1 0
aiot-backend/internal/repository/user.go:52.2,52.19 1 0
aiot-backend/internal/repository/user.go:55.93,57.79 2 1
aiot-backend/internal/repository/user.go:57.79,58.45 1 1
aiot-backend/internal/repository/user.go:58.45,60.4 1 1
aiot-backend/internal/repository/user.go:61.3,61.18 1 0
aiot-backend/internal/repository/user.go:63.2,63.19 1 1
aiot-backend/internal/service/category.go:16.79,18.2 1 0
aiot-backend/internal/service/category.go:20.79,22.16 2 0
aiot-backend/internal/service/category.go:22.16,24.3 1 0
aiot-backend/internal/service/category.go:25.2,27.29 3 0
aiot-backend/internal/service/category.go:27.29,28.27 1 0
aiot-backend/internal/service/category.go:28.27,30.4 1 0
aiot-backend/internal/service/category.go:30.9,32.4 1 0
aiot-backend/internal/service/category.go:34.2,35.57 2 0
aiot-backend/internal/service/category.go:35.57,36.24 1 0
aiot-backend/internal/service/category.go:36.24,38.4 1 0
aiot-backend/internal/service/category.go:39.3,39.15 1 0
aiot-backend/internal/service/category.go:41.2,41.27 1 0
aiot-backend/internal/service/device.go:82.18,90.2 1 0
aiot-backend/internal/service/device.go:92.60,93.21 1 0
aiot-backend/internal/service/device.go:93.21,95.3 1 0
aiot-backend/internal/service/device.go:97.2,98.57 2 0
aiot-backend/internal/service/device.go:98.57,99.40 1 0
aiot-backend/internal/service/device.go:99.40,101.4 1 0
aiot-backend/internal/service/device.go:102.3,102.27 1 0
aiot-backend/internal/service/device.go:104.2,104.32 1 0
aiot-backend/internal/service/device.go:104.32,106.3 1 0
aiot-backend/internal/service/device.go:107.2,107.19 1 0
aiot-backend/internal/service/device.go:110.25,114.2 3 0
aiot-backend/internal/service/device.go:116.99,118.71 2 0
aiot-backend/internal/service/device.go:118.71,120.3 1 0
aiot-backend/internal/service/device.go:121.2,121.61 1 0
aiot-backend/internal/service/device.go:121.61,123.3 1 0
aiot-backend/internal/service/device.go:124.2,124.23 1 0
aiot-backend/internal/service/device.go:124.23,126.3 1 0
aiot-backend/internal/service/device.go:127.2,128.46 2 0
aiot-backend/internal/service/device.go:128.46,130.3 1 0
aiot-backend/internal/service/device.go:131.2,131.31 1 0
aiot-backend/internal/service/device.go:133.86,135.2 1 0
aiot-backend/internal/service/device.go:136.93,138.2 1 0
aiot-backend/internal/service/device.go:139.169,141.2 1 0
aiot-backend/internal/service/device.go:142.129,144.16 2 0
aiot-backend/internal/service/device.go:144.16,146.3 1 0
aiot-backend/internal/service/device.go:147.2,147.16 1 0
aiot-backend/internal/service/device.go:147.16,149.3 1 0
aiot-backend/internal/service/device.go:150.2,150.23 1 0
aiot-backend/internal/service/device.go:150.23,152.3 1 0
aiot-backend/internal/service/device.go:153.2,153.43 1 0
aiot-backend/internal/service/device.go:153.43,156.42 3 0
aiot-backend/internal/service/device.go:156.42,157.18 1 0
aiot-backend/internal/service/device.go:157.18,159.5 1 0
aiot-backend/internal/service/device.go:161.3,161.10 1 0
aiot-backend/internal/service/device.go:161.10,163.4 1 0
aiot-backend/internal/service/device.go:164.3,164.24 1 0
aiot-backend/internal/service/device.go:166.2,167.16 2 0
aiot-backend/internal/service/device.go:167.16,169.3 1 0
aiot-backend/internal/service/device.go:170.2,170.26 1 0
aiot-backend/internal/service/device.go:172.142,174.16 2 0
aiot-backend/internal/service/device.go:174.16,176.3 1 0
aiot-backend/internal/service/device.go:177.2,177.57 1 0
aiot-backend/internal/service/device.go:179.88,181.16 2 0
aiot-backend/internal/service/device.go:181.16,183.3 1 0
aiot-backend/internal/service/device.go:184.2,184.33 1 0
aiot-backend/internal/service/device.go:184.33,186.3 1 0
aiot-backend/internal/service/device.go:187.2,187.51 1 0
aiot-backend/internal/service/device.go:189.101,191.16 2 0
aiot-backend/internal/service/device.go:191.16,193.3 1 0
aiot-backend/internal/service/device.go:194.2,194.30 1 0
aiot-backend/internal/service/device.go:196.98,198.16 2 0
aiot-backend/internal/service/device.go:198.16,200.3 1 0
aiot-backend/internal/service/device.go:201.2,203.15 3 0
aiot-backend/internal/service/device.go:205.111,207.16 2 0
aiot-backend/internal/service/device.go:207.16,209.3 1 0
aiot-backend/internal/service/device.go:210.2,210.35 1 0
aiot-backend/internal/service/device.go:213.90,215.16 2 0
aiot-backend/internal/service/device.go:215.16,217.3 1 0
aiot-backend/internal/service/device.go:218.2,218.35 1 0
aiot-backend/internal/service/device.go:220.131,222.16 2 0
aiot-backend/internal/service/device.go:222.16,224.3 1 0
aiot-backend/internal/service/device.go:225.2,225.22 1 0
aiot-backend/internal/service/device.go:225.22,226.30 1 0
aiot-backend/internal/service/device.go:226.30,228.4 1 0
aiot-backend/internal/service/device.go:229.3,229.22 1 0
aiot-backend/internal/service/device.go:229.22,231.4 1 0
aiot-backend/internal/service/device.go:233.2,234.16 2 0
aiot-backend/internal/service/device.go:234.16,236.3 1 0
aiot-backend/internal/service/device.go:237.2,237.25 1 0
aiot-backend/internal/service/device.go:239.90,241.16 2 0
aiot-backend/internal/service/device.go:241.16,243.3 1 0
aiot-backend/internal/service/device.go:244.2,244.43 1 0
aiot-backend/internal/service/device.go:246.34,247.13 1 0
aiot-backend/internal/service/device.go:247.13,249.3 1 0
aiot-backend/internal/service/device.go:250.2,250.22 1 0
aiot-backend/internal/service/device.go:250.22,251.25 1 0
aiot-backend/internal/service/device.go:251.25,253.4 1 0
aiot-backend/internal/service/device.go:255.2,255.13 1 0
aiot-backend/internal/service/device.go:257.94,259.16 2 0
aiot-backend/internal/service/device.go:259.16,261.3 1 0
aiot-backend/internal/service/device.go:262.2,262.39 1 0
aiot-backend/internal/service/device.go:264.177,266.16 2 0
aiot-backend/internal/service/device.go:266.16,268.3 1 0
aiot-backend/internal/service/device.go:269.2,269.85 1 0
aiot-backend/internal/service/device.go:271.109,273.16 2 0
aiot-backend/internal/service/device.go:273.16,275.3 1 0
aiot-backend/internal/service/device.go:276.2,276.47 1 0
aiot-backend/internal/service/device.go:278.84,280.2 1 0
aiot-backend/internal/service/device.go:281.78,283.16 2 0
aiot-backend/internal/service/device.go:283.16,285.3 1 0
aiot-backend/internal/service/device.go:286.2,289.8 1 0
aiot-backend/internal/service/device.go:291.75,293.16 2 0
aiot-backend/internal/service/device.go:293.16,295.3 1 0
aiot-backend/internal/service/device.go:296.2,296.30 1 0
aiot-backend/internal/service/device.go:298.88,300.16 2 0
aiot-backend/internal/service/device.go:300.16,302.3 1 0
aiot-backend/internal/service/device.go:303.2,303.34 1 0
aiot-backend/internal/service/device.go:306.130,308.16 2 0
aiot-backend/internal/service/device.go:308.16,310.3 1 0
aiot-backend/internal/service/device.go:311.2,311.21 1 0
aiot-backend/internal/service/device.go:311.21,313.3 1 0
aiot-backend/internal/service/device.go:314.2,322.68 2 0
aiot-backend/internal/service/device.go:322.68,324.3 1 0
aiot-backend/internal/service/device.go:325.2,325.20 1 0
aiot-backend/internal/service/device.go:328.167,330.16 2 0
aiot-backend/internal/service/device.go:330.16,332.3 1 0
aiot-backend/internal/service/device.go:333.2,333.89 1 0
aiot-backend/internal/service/device.go:336.100,338.2 1 0
aiot-backend/internal/service/device.go:340.115,342.16 2 0
aiot-backend/internal/service/device.go:342.16,344.3 1 0
aiot-backend/internal/service/device.go:345.2,345.64 1 0
aiot-backend/internal/service/device.go:347.57,359.2 11 0
aiot-backend/internal/service/device.go:360.107,362.16 2 0
aiot-backend/internal/service/device.go:362.16,364.3 1 0
aiot-backend/internal/service/device.go:365.2,367.16 3 0
aiot-backend/internal/service/device.go:367.16,369.3 1 0
aiot-backend/internal/service/device.go:370.2,370.19 1 0
aiot-backend/internal/service/device.go:370.19,372.3 1 0
aiot-backend/internal/service/device.go:373.2,374.28 2 0
aiot-backend/internal/service/device.go:374.28,376.3 1 0
aiot-backend/internal/service/device.go:377.2,379.18 3 0
aiot-backend/internal/service/device.go:379.18,381.3 1 0
aiot-backend/internal/service/device.go:382.2,384.31 3 0
aiot-backend/internal/service/device.go:384.31,385.29 1 0
aiot-backend/internal/service/device.go:385.29,386.20 1 0
aiot-backend/internal/service/device.go:386.20,388.5 1 0
aiot-backend/internal/service/device.go:389.4,389.13 1 0
aiot-backend/internal/service/device.go:391.3,392.30 2 0
aiot-backend/internal/service/device.go:392.30,393.12 1 0
aiot-backend/internal/service/device.go:395.3,396.15 2 0
aiot-backend/internal/service/device.go:396.15,398.4 1 0
aiot-backend/internal/service/device.go:399.3,399.15 1 0
aiot-backend/internal/service/device.go:399.15,401.4 1 0
aiot-backend/internal/service/device.go:401.9,403.4 1 0
aiot-backend/internal/service/device.go:405.2,405.27 1 0
aiot-backend/internal/service/device.go:409.93,410.48 1 0
aiot-backend/internal/service/device.go:410.48,412.3 1 0
aiot-backend/internal/service/device.go:413.2,413.26 1 0
aiot-backend/internal/service/device.go:417.106,419.16 2 0
aiot-backend/internal/service/device.go:419.16,421.3 1 0
aiot-backend/internal/service/device.go:422.2,422.35 1 0
aiot-backend/internal/service/device_event.go:26.126,28.2 1 0
aiot-backend/internal/service/device_event.go:30.143,31.60 1 0
aiot-backend/internal/service/device_event.go:31.60,33.3 1 0
aiot-backend/internal/service/device_event.go:34.2,35.16 2 0
aiot-backend/internal/service/device_event.go:35.16,37.3 1 0
aiot-backend/internal/service/device_event.go:38.2,38.45 1 0
aiot-backend/internal/service/device_event.go:38.45,40.3 1 0
aiot-backend/internal/service/device_event.go:41.2,42.16 2 0
aiot-backend/internal/service/device_event.go:42.16,44.3 1 0
aiot-backend/internal/service/device_event.go:45.2,46.19 2 0
aiot-backend/internal/service/device_event.go:46.19,48.3 1 0
aiot-backend/internal/service/device_event.go:49.2,49.131 1 0
aiot-backend/internal/service/device_event.go:52.173,54.2 1 0
aiot-backend/internal/service/device_group.go:35.126,37.2 1 0
aiot-backend/internal/service/device_group.go:39.131,40.89 1 0
aiot-backend/internal/service/device_group.go:40.89,42.3 1 0
aiot-backend/internal/service/device_group.go:43.2,43.83 1 0
aiot-backend/internal/service/device_group.go:43.83,45.3 1 0
aiot-backend/internal/service/device_group.go:46.2,46.46 1 0
aiot-backend/internal/service/device_group.go:46.46,47.56 1 0
aiot-backend/internal/service/device_group.go:47.56,49.4 1 0
aiot-backend/internal/service/device_group.go:51.2,51.45 1 0
aiot-backend/internal/service/device_group.go:51.45,53.3 1 0
aiot-backend/internal/service/device_group.go:54.2,55.26 2 0
aiot-backend/internal/service/device_group.go:55.26,56.13 1 0
aiot-backend/internal/service/device_group.go:56.13,58.4 1 0
aiot-backend/internal/service/device_group.go:59.3,59.18 1 0
aiot-backend/internal/service/device_group.go:61.2,62.50 2 0
aiot-backend/internal/service/device_group.go:62.50,64.3 1 0
aiot-backend/internal/service/device_group.go:65.2,65.19 1 0
aiot-backend/internal/service/device_group.go:68.134,70.2 1 0
aiot-backend/internal/service/device_group.go:72.101,74.2 1 0
aiot-backend/internal/service/device_group.go:76.149,78.16 2 0
aiot-backend/internal/service/device_group.go:78.16,80.3 1 0
aiot-backend/internal/service/device_group.go:81.2,81.28 1 0
aiot-backend/internal/service/device_group.go:81.28,83.27 2 0
aiot-backend/internal/service/device_group.go:83.27,84.14 1 0
aiot-backend/internal/service/device_group.go:84.14,86.5 1 0
aiot-backend/internal/service/device_group.go:87.4,87.19 1 0
aiot-backend/internal/service/device_group.go:90.2,90.85 1 0
aiot-backend/internal/service/device_group.go:90.85,92.3 1 0
aiot-backend/internal/service/device_group.go:93.2,93.48 1 0
aiot-backend/internal/service/device_group.go:93.48,94.56 1 0
aiot-backend/internal/service/device_group.go:94.56,96.4 1 0
aiot-backend/internal/service/device_group.go:98.2,99.47 2 0
aiot-backend/internal/service/device_group.go:99.47,101.3 1 0
aiot-backend/internal/service/device_group.go:102.2,102.48 1 0
aiot-backend/internal/service/device_group.go:102.48,104.3 1 0
aiot-backend/internal/service/device_group.go:105.2,105.19 1 0
aiot-backend/internal/service/device_group.go:108.82,110.16 2 0
aiot-backend/internal/service/device_group.go:110.16,112.3 1 0
aiot-backend/internal/service/device_group.go:113.2,113.34 1 0
aiot-backend/internal/service/device_group.go:116.101,118.16 2 0
aiot-backend/internal/service/device_group.go:118.16,120.3 1 0
aiot-backend/internal/service/device_group.go:121.2,121.47 1 0
aiot-backend/internal/service/device_group.go:121.47,123.3 1 0
aiot-backend/internal/service/device_group.go:124.2,125.16 2 0
aiot-backend/internal/service/device_group.go:125.16,127.3 1 0
aiot-backend/internal/service/device_group.go:128.2,128.31 1 0
aiot-backend/internal/service/device_group.go:128.31,130.3 1 0
aiot-backend/internal/service/device_group.go:131.2,132.33 2 0
aiot-backend/internal/service/device_group.go:132.33,134.3 1 0
aiot-backend/internal/service/device_group.go:135.2,135.46 1 0
aiot-backend/internal/service/device_group.go:138.104,140.16 2 0
aiot-backend/internal/service/device_group.go:140.16,142.3 1 0
aiot-backend/internal/service/device_group.go:143.2,143.47 1 0
aiot-backend/internal/service/device_group.go:143.47,145.3 1 0
aiot-backend/internal/service/device_group.go:146.2,147.16 2 0
aiot-backend/internal/service/device_group.go:147.16,149.3 1 0
aiot-backend/internal/service/device_group.go:150.2,151.33 2 0
aiot-backend/internal/service/device_group.go:151.33,153.3 1 0
aiot-backend/internal/service/device_group.go:154.2,154.49 1 0
aiot-backend/internal/service/device_group.go:157.151,159.16 2 0
aiot-backend/internal/service/device_group.go:159.16,161.3 1 0
aiot-backend/internal/service/device_group.go:162.2,162.71 1 0
aiot-backend/internal/service/device_group.go:165.103,167.2 1 0
aiot-backend/internal/service/file.go:38.55,40.2 1 0
aiot-backend/internal/service/file.go:42.111,43.25 1 0
aiot-backend/internal/service/file.go:43.25,45.3 1 0
aiot-backend/internal/service/file.go:47.2,48.52 2 0
aiot-backend/internal/service/file.go:48.52,50.3 1 0
aiot-backend/internal/service/file.go:52.2,57.8 2 0
aiot-backend/internal/service/file.go:60.45,61.21 1 0
[...]
aiot-backend/internal/service/ota.go:302.2,302.118 1 0
aiot-backend/internal/service/ota.go:302.118,304.3 1 0
aiot-backend/internal/service/ota.go:305.2,306.16 2 0
aiot-backend/internal/service/ota.go:306.16,308.3 1 0
aiot-backend/internal/service/ota.go:309.2,309.70 1 0
aiot-backend/internal/service/ota.go:309.70,311.3 1 0
aiot-backend/internal/service/ota.go:312.2,312.61 1 0
aiot-backend/internal/service/ota.go:316.103,318.16 2 0
aiot-backend/internal/service/ota.go:318.16,320.3 1 0
aiot-backend/internal/service/ota.go:321.2,322.49 2 0
aiot-backend/internal/service/ota.go:322.49,324.3 1 0
aiot-backend/internal/service/ota.go:324.8,324.52 1 0
aiot-backend/internal/service/ota.go:324.52,326.3 1 0
aiot-backend/internal/service/ota.go:326.8,326.30 1 0
aiot-backend/internal/service/ota.go:326.30,328.3 1 0
aiot-backend/internal/service/ota.go:329.2,329.55 1 0
aiot-backend/internal/service/ota.go:335.108,337.2 1 0
aiot-backend/internal/service/ota.go:340.109,342.2 1 0
aiot-backend/internal/service/ota.go:347.89,349.16 2 0
aiot-backend/internal/service/ota.go:349.16,351.3 1 0
aiot-backend/internal/service/ota.go:352.2,352.49 1 0
aiot-backend/internal/service/ota.go:352.49,354.3 1 0
aiot-backend/internal/service/ota.go:355.2,356.16 2 0
aiot-backend/internal/service/ota.go:356.16,358.3 1 0
aiot-backend/internal/service/ota.go:359.2,359.9 1 0
aiot-backend/internal/service/ota.go:360.26,361.37 1 0
aiot-backend/internal/service/ota.go:362.27,363.36 1 0
aiot-backend/internal/service/ota.go:364.10,365.38 1 0
aiot-backend/internal/service/ota.go:367.2,367.30 1 0
aiot-backend/internal/service/ota.go:370.113,372.16 2 1
aiot-backend/internal/service/ota.go:372.16,374.3 1 1
aiot-backend/internal/service/ota.go:375.2,376.16 2 1
aiot-backend/internal/service/ota.go:376.16,378.3 1 0
aiot-backend/internal/service/ota.go:379.2,384.8 1 1
aiot-backend/internal/service/ota.go:387.94,389.16 2 1
aiot-backend/internal/service/ota.go:389.16,391.3 1 0
aiot-backend/internal/service/ota.go:392.2,392.36 1 1
aiot-backend/internal/service/ota.go:395.159,397.16 2 1
aiot-backend/internal/service/ota.go:397.16,399.3 1 0
aiot-backend/internal/service/ota.go:400.2,400.72 1 1
aiot-backend/internal/service/product.go:39.76,41.2 1 1
aiot-backend/internal/service/product.go:43.26,47.2 3 1
aiot-backend/internal/service/product.go:49.61,50.21 1 1
aiot-backend/internal/service/product.go:50.21,52.3 1 1
aiot-backend/internal/service/product.go:54.2,55.57 2 1
aiot-backend/internal/service/product.go:55.57,56.40 1 1
aiot-backend/internal/service/product.go:56.40,58.4 1 1
aiot-backend/internal/service/product.go:59.3,59.27 1 0
aiot-backend/internal/service/product.go:61.2,61.32 1 1
aiot-backend/internal/service/product.go:61.32,63.3 1 1
aiot-backend/internal/service/product.go:64.2,64.19 1 0
aiot-backend/internal/service/product.go:67.102,68.24 1 1
aiot-backend/internal/service/product.go:68.24,70.3 1 0
aiot-backend/internal/service/product.go:71.2,72.84 2 1
aiot-backend/internal/service/product.go:72.84,74.3 1 1
aiot-backend/internal/service/product.go:75.2,75.30 1 1
aiot-backend/internal/service/product.go:75.30,77.3 1 1
aiot-backend/internal/service/product.go:78.2,78.26 1 1
aiot-backend/internal/service/product.go:78.26,80.3 1 1
aiot-backend/internal/service/product.go:81.2,81.168 1 1
aiot-backend/internal/service/product.go:81.168,83.3 1 0
aiot-backend/internal/service/product.go:84.2,84.28 1 1
aiot-backend/internal/service/product.go:84.28,86.3 1 1
aiot-backend/internal/service/product.go:87.2,88.52 2 1
aiot-backend/internal/service/product.go:88.52,90.3 1 0
aiot-backend/internal/service/product.go:91.2,91.21 1 1
aiot-backend/internal/service/product.go:94.85,96.2 1 1
aiot-backend/internal/service/product.go:98.92,100.2 1 1
aiot-backend/internal/service/product.go:102.82,103.26 1 1
aiot-backend/internal/service/product.go:103.26,105.3 1 1
aiot-backend/internal/service/product.go:106.2,106.168 1 1
aiot-backend/internal/service/product.go:106.168,108.3 1 0
aiot-backend/internal/service/product.go:109.2,110.84 2 1
aiot-backend/internal/service/product.go:110.84,112.3 1 1
aiot-backend/internal/service/product.go:113.2,113.34 1 1
aiot-backend/internal/service/product.go:116.77,118.16 2 0
aiot-backend/internal/service/product.go:118.16,120.3 1 0
aiot-backend/internal/service/product.go:121.2,122.16 2 0
aiot-backend/internal/service/product.go:122.16,124.3 1 0
aiot-backend/internal/service/product.go:125.2,125.15 1 0
aiot-backend/internal/service/product.go:125.15,127.3 1 0
aiot-backend/internal/service/product.go:128.2,128.36 1 0
aiot-backend/internal/service/product.go:132.70,134.16 2 1
aiot-backend/internal/service/product.go:134.16,136.3 1 1
aiot-backend/internal/service/product.go:137.2,138.16 2 1
aiot-backend/internal/service/product.go:138.16,140.3 1 0
aiot-backend/internal/service/product.go:141.2,141.15 1 1
aiot-backend/internal/service/product.go:141.15,143.3 1 1
aiot-backend/internal/service/product.go:144.2,144.36 1 1
aiot-backend/internal/service/product.go:147.139,149.2 1 1
aiot-backend/internal/service/product.go:152.89,153.48 1 1
aiot-backend/internal/service/product.go:153.48,155.3 1 0
aiot-backend/internal/service/product.go:156.2,156.23 1 1
aiot-backend/internal/service/product.go:160.96,162.16 2 0
aiot-backend/internal/service/product.go:162.16,164.3 1 0
aiot-backend/internal/service/product.go:165.2,165.35 1 0
aiot-backend/internal/service/product_message_parser.go:69.158,71.2 1 0
aiot-backend/internal/service/product_message_parser.go:73.126,75.16 2 0
aiot-backend/internal/service/product_message_parser.go:75.16,77.3 1 0
aiot-backend/internal/service/product_message_parser.go:78.2,79.44 2 0
aiot-backend/internal/service/product_message_parser.go:79.44,81.3 1 0
aiot-backend/internal/service/product_message_parser.go:82.2,82.16 1 0
aiot-backend/internal/service/product_message_parser.go:82.16,84.3 1 0
aiot-backend/internal/service/product_message_parser.go:85.2,85.27 1 0
aiot-backend/internal/service/product_message_parser.go:88.139,89.55 1 0
aiot-backend/internal/service/product_message_parser.go:89.55,91.3 1 0
aiot-backend/internal/service/product_message_parser.go:92.2,92.60 1 0
aiot-backend/internal/service/product_message_parser.go:92.60,94.3 1 0
aiot-backend/internal/service/product_message_parser.go:95.2,96.16 2 0
aiot-backend/internal/service/product_message_parser.go:96.16,98.3 1 0
aiot-backend/internal/service/product_message_parser.go:99.2,100.52 2 0
aiot-backend/internal/service/product_message_parser.go:100.52,102.3 1 0
aiot-backend/internal/service/product_message_parser.go:103.2,103.20 1 0
aiot-backend/internal/service/product_message_parser.go:106.209,108.16 2 0
aiot-backend/internal/service/product_message_parser.go:108.16,110.3 1 0
aiot-backend/internal/service/product_message_parser.go:111.2,111.62 1 0
aiot-backend/internal/service/product_message_parser.go:111.62,113.3 1 0
aiot-backend/internal/service/product_message_parser.go:114.2,114.53 1 0
aiot-backend/internal/service/product_message_parser.go:117.55,118.67 1 0
aiot-backend/internal/service/product_message_parser.go:118.67,120.3 1 0
aiot-backend/internal/service/product_message_parser.go:121.2,123.78 3 0
aiot-backend/internal/service/product_message_parser.go:123.78,123.103 1 0
aiot-backend/internal/service/product_message_parser.go:123.117,125.3 1 0
aiot-backend/internal/service/product_message_parser.go:126.2,126.94 1 0
aiot-backend/internal/service/product_message_parser.go:126.94,128.40 2 0
aiot-backend/internal/service/product_message_parser.go:128.40,130.4 1 0
aiot-backend/internal/service/product_message_parser.go:132.2,132.12 1 0
aiot-backend/internal/service/product_message_parser.go:135.164,136.60 1 0
aiot-backend/internal/service/product_message_parser.go:136.60,138.3 1 0
aiot-backend/internal/service/product_message_parser.go:139.2,141.78 3 0
aiot-backend/internal/service/product_message_parser.go:141.78,141.103 1 0
aiot-backend/internal/service/product_message_parser.go:141.117,143.3 1 0
aiot-backend/internal/service/product_message_parser.go:145.2,147.22 3 0
aiot-backend/internal/service/product_message_parser.go:148.23,150.17 2 0
aiot-backend/internal/service/product_message_parser.go:150.17,152.4 1 0
aiot-backend/internal/service/product_message_parser.go:153.3,154.28 2 0
aiot-backend/internal/service/product_message_parser.go:155.24,157.17 2 0
aiot-backend/internal/service/product_message_parser.go:157.17,159.4 1 0
aiot-backend/internal/service/product_message_parser.go:160.3,161.28 2 0
aiot-backend/internal/service/product_message_parser.go:162.16,163.26 1 0
aiot-backend/internal/service/product_message_parser.go:163.26,165.4 1 0
aiot-backend/internal/service/product_message_parser.go:166.3,167.17 2 0
aiot-backend/internal/service/product_message_parser.go:167.17,169.4 1 0
aiot-backend/internal/service/product_message_parser.go:170.3,171.43 2 0
aiot-backend/internal/service/product_message_parser.go:172.10,173.52 1 0
aiot-backend/internal/service/product_message_parser.go:176.2,176.79 1 0
aiot-backend/internal/service/product_message_parser.go:176.79,178.3 1 0
aiot-backend/internal/service/product_message_parser.go:179.2,179.16 1 0
aiot-backend/internal/service/product_message_parser.go:179.16,181.3 1 0
aiot-backend/internal/service/product_message_parser.go:182.2,182.38 1 0
aiot-backend/internal/service/product_message_parser.go:182.38,184.17 2 0
aiot-backend/internal/service/product_message_parser.go:184.17,186.4 1 0
aiot-backend/internal/service/product_message_parser.go:187.3,187.119 1 0
aiot-backend/internal/service/product_message_parser.go:189.2,190.16 2 0
aiot-backend/internal/service/product_message_parser.go:190.16,192.3 1 0
aiot-backend/internal/service/product_message_parser.go:193.2,193.118 1 0
aiot-backend/internal/service/product_message_parser.go:196.67,200.55 4 0
aiot-backend/internal/service/product_message_parser.go:200.55,202.26 2 0
aiot-backend/internal/service/product_message_parser.go:202.26,202.71 1 0
aiot-backend/internal/service/product_message_parser.go:204.2,204.30 1 0
aiot-backend/internal/service/product_message_parser.go:204.30,204.46 1 0
aiot-backend/internal/service/product_message_parser.go:207.123,208.15 1 0
aiot-backend/internal/service/product_message_parser.go:208.15,209.47 1 0
aiot-backend/internal/service/product_message_parser.go:209.47,210.23 1 0
aiot-backend/internal/service/product_message_parser.go:210.23,213.5 2 0
aiot-backend/internal/service/product_message_parser.go:214.4,214.20 1 0
aiot-backend/internal/service/product_message_parser.go:217.2,217.20 1 0
aiot-backend/internal/service/product_message_parser.go:220.51,223.87 3 0
aiot-backend/internal/service/product_message_parser.go:223.87,225.3 1 0
aiot-backend/internal/service/product_message_parser.go:226.2,227.16 2 0
aiot-backend/internal/service/product_message_parser.go:227.16,229.3 1 0
aiot-backend/internal/service/product_message_parser.go:230.2,231.27 2 0
aiot-backend/internal/service/product_message_parser.go:231.27,233.3 1 0
aiot-backend/internal/service/product_message_parser.go:234.2,234.20 1 0
aiot-backend/internal/service/product_message_parser.go:237.57,239.49 2 0
aiot-backend/internal/service/product_message_parser.go:239.49,241.3 1 0
aiot-backend/internal/service/product_message_parser.go:242.2,242.28 1 0
aiot-backend/internal/service/product_message_parser.go:245.56,247.48 2 0
aiot-backend/internal/service/product_message_parser.go:247.48,249.3 1 0
aiot-backend/internal/service/product_message_parser.go:250.2,251.16 2 0
aiot-backend/internal/service/product_message_parser.go:251.16,253.3 1 0
aiot-backend/internal/service/product_message_parser.go:254.2,255.69 2 0
aiot-backend/internal/service/product_message_parser.go:255.69,257.3 1 0
aiot-backend/internal/service/product_message_parser.go:258.2,259.37 2 0
aiot-backend/internal/service/product_message_parser.go:259.37,261.17 2 0
aiot-backend/internal/service/product_message_parser.go:261.17,263.4 1 0
aiot-backend/internal/service/product_message_parser.go:264.3,265.67 2 0
aiot-backend/internal/service/product_message_parser.go:265.67,267.4 1 0
aiot-backend/internal/service/product_message_parser.go:268.3,268.27 1 0
aiot-backend/internal/service/product_message_parser.go:270.2,270.20 1 0
aiot-backend/internal/service/product_tsl.go:21.125,23.2 1 1
aiot-backend/internal/service/product_tsl.go:25.100,27.16 2 1
aiot-backend/internal/service/product_tsl.go:27.16,29.3 1 1
aiot-backend/internal/service/product_tsl.go:30.2,30.48 1 1
aiot-backend/internal/service/product_tsl.go:33.91,35.16 2 1
aiot-backend/internal/service/product_tsl.go:35.16,37.3 1 1
aiot-backend/internal/service/product_tsl.go:38.2,39.35 2 1
aiot-backend/internal/service/product_tsl.go:39.35,42.3 2 1
aiot-backend/internal/service/product_tsl.go:43.2,43.16 1 1
aiot-backend/internal/service/product_tsl.go:43.16,45.3 1 0
aiot-backend/internal/service/product_tsl.go:46.2,47.30 2 1
aiot-backend/internal/service/product_tsl.go:50.82,52.16 2 1
aiot-backend/internal/service/product_tsl.go:52.16,54.3 1 1
aiot-backend/internal/service/product_tsl.go:55.2,55.32 1 1
aiot-backend/internal/service/protocol.go:24.104,25.66 1 0
aiot-backend/internal/service/protocol.go:25.66,26.23 1 0
aiot-backend/internal/service/protocol.go:26.23,28.4 1 0
aiot-backend/internal/service/protocol.go:29.3,29.21 1 0
aiot-backend/internal/service/protocol.go:34.123,36.16 2 0
aiot-backend/internal/service/protocol.go:36.16,38.3 1 0
aiot-backend/internal/service/protocol.go:39.2,40.16 2 0
aiot-backend/internal/service/protocol.go:40.16,42.3 1 0
aiot-backend/internal/service/protocol.go:43.2,44.37 2 0
aiot-backend/internal/service/protocol.go:44.37,45.37 1 0
aiot-backend/internal/service/protocol.go:46.35,48.20 2 0
aiot-backend/internal/service/protocol.go:48.20,50.5 1 0
aiot-backend/internal/service/protocol.go:51.4,54.18 4 0
aiot-backend/internal/service/protocol.go:54.18,56.5 1 0
aiot-backend/internal/service/protocol.go:57.4,57.18 1 0
aiot-backend/internal/service/protocol.go:57.18,59.5 1 0
aiot-backend/internal/service/protocol.go:60.4,66.5 1 0
aiot-backend/internal/service/protocol.go:67.35,69.18 2 0
aiot-backend/internal/service/protocol.go:69.18,71.5 1 0
aiot-backend/internal/service/protocol.go:72.4,72.36 1 0
aiot-backend/internal/service/protocol.go:72.36,74.5 1 0
aiot-backend/internal/service/protocol.go:75.4,79.5 2 0
aiot-backend/internal/service/protocol.go:80.35,82.18 2 0
aiot-backend/internal/service/protocol.go:82.18,84.5 1 0
aiot-backend/internal/service/protocol.go:85.4,85.36 1 0
aiot-backend/internal/service/protocol.go:85.36,87.5 1 0
aiot-backend/internal/service/protocol.go:88.4,93.5 2 0
aiot-backend/internal/service/protocol.go:94.11,95.12 1 0
aiot-backend/internal/service/protocol.go:98.2,98.20 1 0
aiot-backend/internal/service/protocol.go:101.60,102.15 1 0
aiot-backend/internal/service/protocol.go:103.149,104.14 1 0
aiot-backend/internal/service/protocol.go:105.10,106.15 1 0
aiot-backend/internal/service/protocol.go:110.64,111.15 1 0
aiot-backend/internal/service/protocol.go:112.174,113.14 1 0
aiot-backend/internal/service/protocol.go:114.10,115.15 1 0
aiot-backend/internal/service/scene_linkage.go:22.91,24.2 1 0
aiot-backend/internal/service/scene_linkage.go:26.137,28.2 1 0
aiot-backend/internal/service/scene_linkage.go:30.95,32.2 1 0
aiot-backend/internal/service/scene_linkage.go:34.92,36.2 1 0
aiot-backend/internal/service/scene_linkage.go:38.92,40.2 1 0
aiot-backend/internal/service/scene_linkage.go:42.75,44.2 1 0
aiot-backend/internal/service/scene_linkage_detail.go:20.109,22.2 1 0
aiot-backend/internal/service/scene_linkage_detail.go:24.121,26.2 1 0
aiot-backend/internal/service/scene_linkage_detail.go:28.105,30.2 1 0
aiot-backend/internal/service/scene_linkage_detail.go:32.105,34.2 1 0
aiot-backend/internal/service/service.go:22.12,29.2 1 1
aiot-backend/internal/service/user.go:30.15,37.2 1 1
aiot-backend/internal/service/user.go:46.42,47.47 1 1
aiot-backend/internal/service/user.go:47.47,49.3 1 1
aiot-backend/internal/service/user.go:50.2,50.14 1 0
aiot-backend/internal/service/user.go:53.84,56.16 2 1
aiot-backend/internal/service/user.go:56.16,58.3 1 0
aiot-backend/internal/service/user.go:59.2,59.31 1 1
aiot-backend/internal/service/user.go:59.31,61.3 1 1
aiot-backend/internal/service/user.go:63.2,64.16 2 1
aiot-backend/internal/service/user.go:64.16,66.3 1 0
aiot-backend/internal/service/user.go:68.2,69.16 2 1
aiot-backend/internal/service/user.go:69.16,71.3 1 0
aiot-backend/internal/service/user.go:72.2,83.63 3 1
aiot-backend/internal/service/user.go:83.63,84.53 1 1
aiot-backend/internal/service/user.go:84.53,86.4 1 0
aiot-backend/internal/service/user.go:87.3,87.51 1 1
aiot-backend/internal/service/user.go:87.51,89.4 1 0
aiot-backend/internal/service/user.go:90.3,94.59 2 1
aiot-backend/internal/service/user.go:94.59,96.4 1 0
aiot-backend/internal/service/user.go:97.3,97.13 1 1
aiot-backend/internal/service/user.go:101.88,103.31 2 1
aiot-backend/internal/service/user.go:103.31,105.3 1 1
aiot-backend/internal/service/user.go:107.2,108.16 2 1
aiot-backend/internal/service/user.go:108.16,110.3 1 0
aiot-backend/internal/service/user.go:112.2,113.16 2 1
aiot-backend/internal/service/user.go:113.16,115.3 1 0
aiot-backend/internal/service/user.go:117.2,120.24 3 1
aiot-backend/internal/service/user.go:120.24,126.63 2 0
aiot-backend/internal/service/user.go:126.63,127.53 1 0
aiot-backend/internal/service/user.go:127.53,129.5 1 0
aiot-backend/internal/service/user.go:130.4,135.45 2 0
aiot-backend/internal/service/user.go:137.3,137.17 1 0
aiot-backend/internal/service/user.go:137.17,139.4 1 0
aiot-backend/internal/service/user.go:140.3,140.25 1 0
aiot-backend/internal/service/user.go:141.8,147.31 4 1
aiot-backend/internal/service/user.go:147.31,148.36 1 1
aiot-backend/internal/service/user.go:148.36,150.5 1 0
aiot-backend/internal/service/user.go:151.4,151.29 1 1
aiot-backend/internal/service/user.go:151.29,152.63 1 1
aiot-backend/internal/service/user.go:152.63,155.6 2 1
aiot-backend/internal/service/user.go:159.3,159.27 1 1
aiot-backend/internal/service/user.go:159.27,161.4 1 1
aiot-backend/internal/service/user.go:161.9,163.4 1 0
aiot-backend/internal/service/user.go:165.3,165.93 1 1
aiot-backend/internal/service/user.go:165.93,167.4 1 0
aiot-backend/internal/service/user.go:170.2,171.16 2 1
aiot-backend/internal/service/user.go:171.16,173.3 1 0
aiot-backend/internal/service/user.go:175.2,175.19 1 1
aiot-backend/internal/service/user.go:178.111,180.16 2 0
aiot-backend/internal/service/user.go:180.16,182.3 1 0
aiot-backend/internal/service/user.go:183.2,183.24 1 0
aiot-backend/internal/service/user.go:183.24,185.3 1 0
aiot-backend/internal/service/user.go:187.2,188.30 2 0
aiot-backend/internal/service/user.go:188.30,190.3 1 0
aiot-backend/internal/service/user.go:192.2,193.16 2 0
aiot-backend/internal/service/user.go:193.16,195.3 1 0
aiot-backend/internal/service/user.go:197.2,199.27 3 0
aiot-backend/internal/service/user.go:199.27,205.3 1 0
aiot-backend/internal/service/user.go:206.2,206.19 1 0
aiot-backend/internal/service/user.go:209.107,211.16 2 0
aiot-backend/internal/service/user.go:211.16,213.3 1 0
aiot-backend/internal/service/user.go:214.2,214.15 1 0
aiot-backend/internal/service/user.go:214.15,216.3 1 0
aiot-backend/internal/service/user.go:218.2,219.79 2 0
aiot-backend/internal/service/user.go:219.79,221.3 1 0
aiot-backend/internal/service/user.go:223.2,224.16 2 0
aiot-backend/internal/service/user.go:224.16,226.3 1 0
aiot-backend/internal/service/user.go:227.2,227.19 1 0
aiot-backend/internal/service/user.go:230.106,232.16 2 1
aiot-backend/internal/service/user.go:232.16,234.3 1 0
aiot-backend/internal/service/user.go:236.2,240.8 1 1
aiot-backend/internal/service/user.go:243.109,245.16 2 1
aiot-backend/internal/service/user.go:245.16,247.3 1 1
aiot-backend/internal/service/user.go:249.2,252.52 3 1
aiot-backend/internal/service/user.go:252.52,254.3 1 0
aiot-backend/internal/service/user.go:256.2,256.12 1 1
