mode: set
0things-backend/internal/repository/alert.go:17.53,17.88 1 1
0things-backend/internal/repository/alert.go:18.85,21.16 3 1
0things-backend/internal/repository/alert.go:21.16,22.45 1 1
0things-backend/internal/repository/alert.go:22.45,24.4 1 1
0things-backend/internal/repository/alert.go:25.3,25.18 1 0
0things-backend/internal/repository/alert.go:27.2,27.19 1 1
0things-backend/internal/repository/alert.go:30.135,33.18 3 1
0things-backend/internal/repository/alert.go:33.18,35.3 1 1
0things-backend/internal/repository/alert.go:36.2,36.20 1 1
0things-backend/internal/repository/alert.go:36.20,38.3 1 1
0things-backend/internal/repository/alert.go:39.2,39.21 1 1
0things-backend/internal/repository/alert.go:39.21,41.3 1 1
0things-backend/internal/repository/alert.go:42.2,43.16 2 1
0things-backend/internal/repository/alert.go:43.16,45.3 1 0
0things-backend/internal/repository/alert.go:46.2,47.23 2 1
0things-backend/internal/repository/alert.go:47.23,49.3 1 0
0things-backend/internal/repository/alert.go:50.2,50.27 1 1
0things-backend/internal/repository/alert.go:53.116,55.30 2 1
0things-backend/internal/repository/alert.go:55.30,58.3 2 1
0things-backend/internal/repository/alert.go:59.2,60.12 2 1
0things-backend/internal/repository/device.go:34.72,36.2 1 1
0things-backend/internal/repository/device.go:38.61,40.2 1 0
0things-backend/internal/repository/device.go:42.87,45.16 3 1
0things-backend/internal/repository/device.go:45.16,46.45 1 1
0things-backend/internal/repository/device.go:46.45,48.4 1 1
0things-backend/internal/repository/device.go:49.3,49.18 1 0
0things-backend/internal/repository/device.go:51.2,51.18 1 1
0things-backend/internal/repository/device.go:54.94,57.16 3 1
0things-backend/internal/repository/device.go:57.16,58.45 1 1
0things-backend/internal/repository/device.go:58.45,60.4 1 1
0things-backend/internal/repository/device.go:61.3,61.18 1 0
0things-backend/internal/repository/device.go:63.2,63.18 1 1
0things-backend/internal/repository/device.go:68.102,71.16 3 1
0things-backend/internal/repository/device.go:71.16,72.45 1 1
0things-backend/internal/repository/device.go:72.45,74.4 1 1
0things-backend/internal/repository/device.go:75.3,75.18 1 0
0things-backend/internal/repository/device.go:77.2,77.18 1 1
0things-backend/internal/repository/device.go:80.84,81.64 1 1
0things-backend/internal/repository/device.go:81.64,82.67 1 1
0things-backend/internal/repository/device.go:82.67,84.4 1 0
0things-backend/internal/repository/device.go:85.3,85.108 1 1
0things-backend/internal/repository/device.go:89.165,92.19 3 1
0things-backend/internal/repository/device.go:92.19,94.3 1 1
0things-backend/internal/repository/device.go:95.2,95.21 1 1
0things-backend/internal/repository/device.go:95.21,97.3 1 1
0things-backend/internal/repository/device.go:98.2,98.20 1 1
0things-backend/internal/repository/device.go:98.20,100.3 1 1
0things-backend/internal/repository/device.go:101.2,101.18 1 1
0things-backend/internal/repository/device.go:101.18,103.3 1 1
0things-backend/internal/repository/device.go:104.2,105.16 2 1
0things-backend/internal/repository/device.go:105.16,107.3 1 0
0things-backend/internal/repository/device.go:108.2,109.23 2 1
0things-backend/internal/repository/device.go:109.23,111.3 1 1
0things-backend/internal/repository/device.go:112.2,112.27 1 1
0things-backend/internal/repository/device.go:115.82,116.64 1 1
0things-backend/internal/repository/device.go:116.64,117.65 1 1
0things-backend/internal/repository/device.go:117.65,119.4 1 0
0things-backend/internal/repository/device.go:120.3,120.61 1 1
0things-backend/internal/repository/device.go:124.89,126.2 1 1
0things-backend/internal/repository/device.go:128.86,132.117 4 1
0things-backend/internal/repository/device.go:132.117,134.3 1 0
0things-backend/internal/repository/device.go:135.2,135.110 1 1
0things-backend/internal/repository/device.go:135.110,138.17 3 1
0things-backend/internal/repository/device.go:138.17,140.4 1 0
0things-backend/internal/repository/device.go:142.2,145.8 1 1
0things-backend/internal/repository/device.go:148.84,152.2 3 1
0things-backend/internal/repository/device.go:154.73,158.2 3 1
0things-backend/internal/repository/device.go:160.87,161.20 1 1
0things-backend/internal/repository/device.go:161.20,163.3 1 1
0things-backend/internal/repository/device.go:164.2,165.31 2 0
0things-backend/internal/repository/device.go:165.31,167.3 1 0
0things-backend/internal/repository/device.go:168.2,168.15 1 0
0things-backend/internal/repository/device_event.go:15.65,17.2 1 1
0things-backend/internal/repository/device_event.go:18.93,20.2 1 1
0things-backend/internal/repository/device_event.go:22.176,25.19 3 1
0things-backend/internal/repository/device_event.go:25.19,28.3 2 1
0things-backend/internal/repository/device_event.go:29.2,29.21 1 1
0things-backend/internal/repository/device_event.go:29.21,31.3 1 1
0things-backend/internal/repository/device_event.go:32.2,32.21 1 1
0things-backend/internal/repository/device_event.go:32.21,34.3 1 1
0things-backend/internal/repository/device_event.go:35.2,35.20 1 1
0things-backend/internal/repository/device_event.go:35.20,37.3 1 0
0things-backend/internal/repository/device_event.go:38.2,38.18 1 1
0things-backend/internal/repository/device_event.go:38.18,40.3 1 0
0things-backend/internal/repository/device_event.go:41.2,42.16 2 1
0things-backend/internal/repository/device_event.go:42.16,44.3 1 0
0things-backend/internal/repository/device_event.go:45.2,47.27 3 1
0things-backend/internal/repository/device_shadow.go:17.67,19.2 1 1
0things-backend/internal/repository/device_shadow.go:21.67,23.2 1 1
0things-backend/internal/repository/device_shadow.go:25.110,27.88 2 1
0things-backend/internal/repository/device_shadow.go:27.88,28.45 1 0
0things-backend/internal/repository/device_shadow.go:28.45,30.4 1 0
0things-backend/internal/repository/device_shadow.go:31.3,31.18 1 0
0things-backend/internal/repository/device_shadow.go:33.2,33.21 1 1
0things-backend/internal/repository/device_shadow.go:38.192,40.55 2 1
0things-backend/internal/repository/device_shadow.go:40.55,43.45 3 1
0things-backend/internal/repository/device_shadow.go:43.45,44.21 1 1
0things-backend/internal/repository/device_shadow.go:44.21,46.5 1 0
0things-backend/internal/repository/device_shadow.go:47.4,48.52 2 1
0things-backend/internal/repository/device_shadow.go:48.52,50.5 1 0
0things-backend/internal/repository/device_shadow.go:51.9,51.24 1 1
0things-backend/internal/repository/device_shadow.go:51.24,53.4 1 0
0things-backend/internal/repository/device_shadow.go:54.3,54.34 1 1
0things-backend/internal/repository/device_shadow.go:54.34,56.4 1 0
0things-backend/internal/repository/device_shadow.go:57.3,57.21 1 1
0things-backend/internal/repository/device_shadow.go:57.21,60.4 2 1
0things-backend/internal/repository/device_shadow.go:61.3,61.22 1 1
0things-backend/internal/repository/device_shadow.go:61.22,64.4 2 1
0things-backend/internal/repository/device_shadow.go:65.3,65.19 1 1
0things-backend/internal/repository/device_shadow.go:65.19,67.4 1 1
0things-backend/internal/repository/device_shadow.go:68.3,71.24 2 1
0things-backend/internal/repository/device_shadow.go:71.24,73.4 1 0
0things-backend/internal/repository/device_shadow.go:74.3,74.208 1 1
0things-backend/internal/repository/device_shadow.go:74.208,76.4 1 0
0things-backend/internal/repository/device_shadow.go:77.3,78.13 2 1
0things-backend/internal/repository/device_shadow.go:80.2,80.18 1 1
0things-backend/internal/repository/device_shadow.go:83.126,87.2 3 1
0things-backend/internal/repository/device_tag.go:15.61,17.2 1 1
0things-backend/internal/repository/device_tag.go:19.64,21.2 1 1
0things-backend/internal/repository/device_tag.go:23.104,27.2 3 1
0things-backend/internal/repository/device_tag.go:29.120,30.55 1 1
0things-backend/internal/repository/device_tag.go:30.55,31.14 1 1
0things-backend/internal/repository/device_tag.go:31.14,32.95 1 1
0things-backend/internal/repository/device_tag.go:32.95,34.5 1 0
0things-backend/internal/repository/device_tag.go:36.3,36.32 1 1
0things-backend/internal/repository/device_tag.go:36.32,39.46 3 1
0things-backend/internal/repository/device_tag.go:39.46,40.123 1 1
0things-backend/internal/repository/device_tag.go:40.123,42.6 1 0
0things-backend/internal/repository/device_tag.go:43.5,43.13 1 1
0things-backend/internal/repository/device_tag.go:45.4,45.18 1 0
0things-backend/internal/repository/device_tag.go:45.18,47.5 1 0
0things-backend/internal/repository/device_tag.go:48.4,48.137 1 0
0things-backend/internal/repository/device_tag.go:48.137,50.5 1 0
0things-backend/internal/repository/device_tag.go:52.3,52.13 1 1
0things-backend/internal/repository/device_tag.go:56.100,58.2 1 1
0things-backend/internal/repository/ota.go:24.58,24.91 1 1
0things-backend/internal/repository/ota.go:25.58,25.90 1 1
0things-backend/internal/repository/ota.go:27.89,32.2 1 1
0things-backend/internal/repository/ota.go:34.88,36.109 2 1
0things-backend/internal/repository/ota.go:36.109,37.45 1 1
0things-backend/internal/repository/ota.go:37.45,39.4 1 1
0things-backend/internal/repository/ota.go:40.3,40.18 1 0
0things-backend/internal/repository/ota.go:42.2,42.18 1 1
0things-backend/internal/repository/ota.go:44.97,46.150 2 1
0things-backend/internal/repository/ota.go:46.150,47.45 1 1
0things-backend/internal/repository/ota.go:47.45,49.4 1 1
0things-backend/internal/repository/ota.go:50.3,50.18 1 0
0things-backend/internal/repository/ota.go:52.2,52.18 1 1
0things-backend/internal/repository/ota.go:55.102,58.49 3 1
0things-backend/internal/repository/ota.go:58.49,60.3 1 0
0things-backend/internal/repository/ota.go:61.2,63.128 3 1
0things-backend/internal/repository/ota.go:63.128,65.3 1 0
0things-backend/internal/repository/ota.go:66.2,66.29 1 1
0things-backend/internal/repository/ota.go:69.82,71.2 1 1
0things-backend/internal/repository/ota.go:73.80,75.2 1 1
0things-backend/internal/repository/ota.go:77.69,79.16 2 1
0things-backend/internal/repository/ota.go:79.16,81.3 1 1
0things-backend/internal/repository/ota.go:82.2,82.36 1 1
0things-backend/internal/repository/ota.go:85.101,88.54 3 1
0things-backend/internal/repository/ota.go:88.54,90.3 1 0
0things-backend/internal/repository/ota.go:91.2,92.52 2 1
0things-backend/internal/repository/ota.go:92.52,96.36 2 1
0things-backend/internal/repository/ota.go:96.36,98.4 1 0
0things-backend/internal/repository/ota.go:99.3,99.20 1 1
0things-backend/internal/repository/ota.go:101.2,102.62 2 1
0things-backend/internal/repository/ota.go:102.62,104.3 1 0
0things-backend/internal/repository/ota.go:105.2,105.60 1 1
0things-backend/internal/repository/ota.go:105.60,107.3 1 0
0things-backend/internal/repository/ota.go:108.2,108.66 1 1
0things-backend/internal/repository/ota.go:108.66,110.3 1 0
0things-backend/internal/repository/ota.go:111.2,111.62 1 1
0things-backend/internal/repository/ota.go:111.62,113.3 1 0
0things-backend/internal/repository/ota.go:114.2,114.69 1 1
0things-backend/internal/repository/ota.go:114.69,116.3 1 0
0things-backend/internal/repository/ota.go:117.2,117.20 1 1
0things-backend/internal/repository/ota.go:120.101,124.2 3 1
0things-backend/internal/repository/ota.go:126.147,132.18 2 1
0things-backend/internal/repository/ota.go:132.18,134.3 1 0
0things-backend/internal/repository/ota.go:135.2,136.50 2 1
0things-backend/internal/repository/ota.go:136.50,138.3 1 0
0things-backend/internal/repository/ota.go:139.2,140.93 2 1
0things-backend/internal/repository/ota.go:140.93,142.3 1 0
0things-backend/internal/repository/ota.go:143.2,143.32 1 1
0things-backend/internal/repository/product.go:17.57,19.2 1 1
0things-backend/internal/repository/product.go:21.62,23.2 1 0
0things-backend/internal/repository/product.go:25.89,28.16 3 1
0things-backend/internal/repository/product.go:28.16,29.45 1 1
0things-backend/internal/repository/product.go:29.45,31.4 1 1
0things-backend/internal/repository/product.go:32.3,32.18 1 0
0things-backend/internal/repository/product.go:34.2,34.21 1 1
0things-backend/internal/repository/product.go:37.96,40.16 3 1
0things-backend/internal/repository/product.go:40.16,41.45 1 1
0things-backend/internal/repository/product.go:41.45,43.4 1 1
0things-backend/internal/repository/product.go:44.3,44.18 1 0
0things-backend/internal/repository/product.go:46.2,46.21 1 1
0things-backend/internal/repository/product.go:49.87,51.2 1 1
0things-backend/internal/repository/product.go:53.85,55.2 1 1
0things-backend/internal/repository/product.go:57.95,60.2 2 1
0things-backend/internal/repository/product.go:62.87,65.2 2 1
0things-backend/internal/repository/product.go:67.136,70.20 3 1
0things-backend/internal/repository/product.go:70.20,72.3 1 0
0things-backend/internal/repository/product.go:73.2,73.18 1 1
0things-backend/internal/repository/product.go:73.18,75.3 1 0
0things-backend/internal/repository/product.go:76.2,76.18 1 1
0things-backend/internal/repository/product.go:76.18,78.3 1 0
0things-backend/internal/repository/product.go:79.2,80.16 2 1
0things-backend/internal/repository/product.go:80.16,82.3 1 0
0things-backend/internal/repository/product.go:83.2,84.23 2 1
0things-backend/internal/repository/product.go:84.23,86.3 1 1
0things-backend/internal/repository/product.go:87.2,87.27 1 1
0things-backend/internal/repository/product.go:90.74,94.2 3 1
0things-backend/internal/repository/product_tsl.go:15.63,17.2 1 1
0things-backend/internal/repository/product_tsl.go:19.113,21.108 2 1
0things-backend/internal/repository/product_tsl.go:21.108,22.45 1 1
0things-backend/internal/repository/product_tsl.go:22.45,24.4 1 1
0things-backend/internal/repository/product_tsl.go:25.3,25.18 1 0
0things-backend/internal/repository/product_tsl.go:27.2,27.18 1 1
0things-backend/internal/repository/product_tsl.go:30.87,32.2 1 1
0things-backend/internal/repository/product_tsl.go:34.89,36.2 1 1
0things-backend/internal/repository/product_tsl.go:38.89,40.2 1 1
0things-backend/internal/repository/push_record.go:16.63,18.2 1 1
0things-backend/internal/repository/push_record.go:20.65,22.2 1 1
0things-backend/internal/repository/push_record.go:24.108,26.2 1 1
0things-backend/internal/repository/push_record.go:28.172,30.25 2 1
0things-backend/internal/repository/push_record.go:30.25,32.3 1 1
0things-backend/internal/repository/push_record.go:33.2,33.18 1 1
0things-backend/internal/repository/push_record.go:33.18,35.3 1 1
0things-backend/internal/repository/push_record.go:36.2,37.50 2 1
0things-backend/internal/repository/push_record.go:37.50,39.3 1 0
0things-backend/internal/repository/push_record.go:40.2,41.114 2 1
0things-backend/internal/repository/push_record.go:41.114,43.3 1 0
0things-backend/internal/repository/push_record.go:44.2,44.28 1 1
0things-backend/internal/repository/push_record.go:47.111,49.59 2 1
0things-backend/internal/repository/push_record.go:49.59,50.45 1 1
0things-backend/internal/repository/push_record.go:50.45,52.4 1 1
0things-backend/internal/repository/push_record.go:53.3,53.18 1 0
0things-backend/internal/repository/push_record.go:55.2,55.21 1 0
0things-backend/internal/repository/push_record.go:58.121,60.19 2 1
0things-backend/internal/repository/push_record.go:60.19,62.3 1 1
0things-backend/internal/repository/push_record.go:63.2,64.42 2 1
0things-backend/internal/repository/query.go:8.42,10.2 1 1
0things-backend/internal/repository/query.go:12.41,14.2 1 1
0things-backend/internal/repository/repository.go:35.15,42.2 1 0
0things-backend/internal/repository/repository.go:48.48,50.2 1 0
0things-backend/internal/repository/repository.go:54.55,56.14 2 0
0things-backend/internal/repository/repository.go:56.14,57.33 1 0
0things-backend/internal/repository/repository.go:57.33,59.4 1 0
0things-backend/internal/repository/repository.go:61.2,61.30 1 0
0things-backend/internal/repository/repository.go:64.97,65.55 1 0
0things-backend/internal/repository/repository.go:65.55,68.3 2 0
0things-backend/internal/repository/repository.go:71.55,73.2 1 0
0things-backend/internal/repository/repository.go:79.56,81.2 1 0
0things-backend/internal/repository/repository.go:83.67,92.31 5 0
0things-backend/internal/repository/repository.go:92.31,93.56 1 0
0things-backend/internal/repository/repository.go:97.2,97.16 1 0
0things-backend/internal/repository/repository.go:98.15,101.5 1 0
0things-backend/internal/repository/repository.go:102.18,106.22 1 0
0things-backend/internal/repository/repository.go:107.16,108.56 1 0
0things-backend/internal/repository/repository.go:109.10,110.29 1 0
0things-backend/internal/repository/repository.go:112.2,112.16 1 0
0things-backend/internal/repository/repository.go:112.16,113.13 1 0
0things-backend/internal/repository/repository.go:115.2,119.16 3 0
0things-backend/internal/repository/repository.go:119.16,120.13 1 0
0things-backend/internal/repository/repository.go:122.2,125.11 4 0
0things-backend/internal/repository/repository.go:127.48,138.16 5 0
0things-backend/internal/repository/repository.go:138.16,139.53 1 0
0things-backend/internal/repository/repository.go:142.2,142.12 1 0
0things-backend/internal/repository/repository.go:149.47,151.16 2 0
0things-backend/internal/repository/repository.go:151.16,153.3 1 0
0things-backend/internal/repository/repository.go:154.2,156.5 1 0
0things-backend/internal/repository/repository.go:158.65,163.16 3 0
0things-backend/internal/repository/repository.go:163.16,164.60 1 0
0things-backend/internal/repository/repository.go:167.2,171.16 4 0
0things-backend/internal/repository/repository.go:171.16,172.58 1 0
0things-backend/internal/repository/repository.go:175.2,175.24 1 0
0things-backend/internal/repository/repository.go:175.24,177.17 2 0
0things-backend/internal/repository/repository.go:177.17,178.65 1 0
0things-backend/internal/repository/rule.go:17.51,19.2 1 1
0things-backend/internal/repository/rule.go:21.59,23.2 1 0
0things-backend/internal/repository/rule.go:25.83,28.16 3 1
0things-backend/internal/repository/rule.go:28.16,29.45 1 1
0things-backend/internal/repository/rule.go:29.45,31.4 1 1
0things-backend/internal/repository/rule.go:32.3,32.18 1 0
0things-backend/internal/repository/rule.go:34.2,34.18 1 1
0things-backend/internal/repository/rule.go:37.130,40.20 3 1
0things-backend/internal/repository/rule.go:40.20,42.3 1 1
0things-backend/internal/repository/rule.go:43.2,43.18 1 1
0things-backend/internal/repository/rule.go:43.18,45.3 1 1
0things-backend/internal/repository/rule.go:46.2,46.18 1 1
0things-backend/internal/repository/rule.go:46.18,48.3 1 1
0things-backend/internal/repository/rule.go:49.2,50.16 2 1
0things-backend/internal/repository/rule.go:50.16,52.3 1 0
0things-backend/internal/repository/rule.go:53.2,54.23 2 1
0things-backend/internal/repository/rule.go:54.23,56.3 1 1
0things-backend/internal/repository/rule.go:57.2,57.27 1 1
0things-backend/internal/repository/rule.go:60.78,62.149 2 1
0things-backend/internal/repository/rule.go:62.149,64.3 1 0
0things-backend/internal/repository/rule.go:65.2,65.45 1 1
0things-backend/internal/repository/rule.go:68.76,69.48 1 1
0things-backend/internal/repository/rule.go:69.48,71.3 1 0
0things-backend/internal/repository/rule.go:72.2,72.59 1 1
0things-backend/internal/repository/rule.go:75.70,77.16 2 1
0things-backend/internal/repository/rule.go:77.16,79.3 1 1
0things-backend/internal/repository/rule.go:80.2,81.12 2 1
0things-backend/internal/repository/rule.go:84.99,87.2 2 1
0things-backend/internal/repository/rule.go:89.130,93.16 4 1
0things-backend/internal/repository/rule.go:93.16,95.3 1 0
0things-backend/internal/repository/rule.go:96.2,97.23 2 1
0things-backend/internal/repository/rule.go:97.23,99.3 1 1
0things-backend/internal/repository/rule.go:100.2,100.27 1 1
0things-backend/internal/repository/rule.go:103.101,104.57 1 1
0things-backend/internal/repository/rule.go:104.57,106.3 1 0
0things-backend/internal/repository/rule.go:107.2,107.75 1 1
0things-backend/internal/repository/rule.go:110.114,114.2 3 1
0things-backend/internal/repository/user.go:20.18,24.2 1 0
0things-backend/internal/repository/user.go:30.78,31.53 1 0
0things-backend/internal/repository/user.go:31.53,33.3 1 0
0things-backend/internal/repository/user.go:34.2,34.12 1 0
0things-backend/internal/repository/user.go:37.78,38.51 1 0
0things-backend/internal/repository/user.go:38.51,40.3 1 0
0things-backend/internal/repository/user.go:41.2,41.12 1 0
0things-backend/internal/repository/user.go:44.91,46.82 2 0
0things-backend/internal/repository/user.go:46.82,47.45 1 0
0things-backend/internal/repository/user.go:47.45,49.4 1 0
0things-backend/internal/repository/user.go:50.3,50.18 1 0
0things-backend/internal/repository/user.go:52.2,52.19 1 0
0things-backend/internal/repository/user.go:55.93,57.79 2 0
0things-backend/internal/repository/user.go:57.79,58.45 1 0
0things-backend/internal/repository/user.go:58.45,60.4 1 0
0things-backend/internal/repository/user.go:61.3,61.18 1 0
0things-backend/internal/repository/user.go:63.2,63.19 1 0
0things-backend/internal/service/alert.go:19.70,21.2 1 1
0things-backend/internal/service/alert.go:22.132,24.2 1 1
0things-backend/internal/service/alert.go:26.81,28.2 1 1
0things-backend/internal/service/alert.go:29.102,31.16 2 1
0things-backend/internal/service/alert.go:31.16,33.3 1 1
0things-backend/internal/service/alert.go:34.2,35.68 2 1
0things-backend/internal/service/alert.go:35.68,37.3 1 0
0things-backend/internal/service/alert.go:38.2,39.30 2 1
0things-backend/internal/service/alert.go:39.30,41.3 1 1
0things-backend/internal/service/alert.go:41.8,43.3 1 1
0things-backend/internal/service/alert.go:44.2,44.19 1 1
0things-backend/internal/service/device.go:85.18,87.2 1 1
0things-backend/internal/service/device.go:89.78,90.21 1 1
0things-backend/internal/service/device.go:90.21,92.3 1 1
0things-backend/internal/service/device.go:94.2,95.49 2 1
0things-backend/internal/service/device.go:95.49,96.40 1 1
0things-backend/internal/service/device.go:96.40,98.4 1 1
0things-backend/internal/service/device.go:99.3,99.44 1 1
0things-backend/internal/service/device.go:101.2,101.24 1 1
0things-backend/internal/service/device.go:101.24,103.3 1 1
0things-backend/internal/service/device.go:104.2,104.19 1 1
0things-backend/internal/service/device.go:107.25,111.2 3 1
0things-backend/internal/service/device.go:113.99,115.71 2 1
0things-backend/internal/service/device.go:115.71,117.3 1 1
0things-backend/internal/service/device.go:118.2,118.61 1 1
0things-backend/internal/service/device.go:118.61,120.3 1 1
0things-backend/internal/service/device.go:121.2,121.23 1 1
0things-backend/internal/service/device.go:121.23,123.3 1 1
0things-backend/internal/service/device.go:124.2,125.46 2 1
0things-backend/internal/service/device.go:125.46,127.3 1 0
0things-backend/internal/service/device.go:128.2,128.31 1 1
0things-backend/internal/service/device.go:130.86,132.2 1 1
0things-backend/internal/service/device.go:133.93,135.2 1 1
0things-backend/internal/service/device.go:136.169,138.2 1 1
0things-backend/internal/service/device.go:139.138,141.16 2 1
0things-backend/internal/service/device.go:141.16,143.3 1 0
0things-backend/internal/service/device.go:144.2,144.16 1 1
0things-backend/internal/service/device.go:144.16,146.3 1 1
0things-backend/internal/service/device.go:147.2,147.23 1 1
0things-backend/internal/service/device.go:147.23,149.3 1 1
0things-backend/internal/service/device.go:150.2,150.43 1 1
0things-backend/internal/service/device.go:150.43,153.42 3 1
0things-backend/internal/service/device.go:153.42,154.18 1 1
0things-backend/internal/service/device.go:154.18,156.5 1 1
0things-backend/internal/service/device.go:158.3,158.10 1 1
0things-backend/internal/service/device.go:158.10,160.4 1 1
0things-backend/internal/service/device.go:161.3,161.24 1 1
0things-backend/internal/service/device.go:163.2,164.16 2 1
0things-backend/internal/service/device.go:164.16,166.3 1 0
0things-backend/internal/service/device.go:167.2,167.26 1 1
0things-backend/internal/service/device.go:169.88,171.16 2 1
0things-backend/internal/service/device.go:171.16,173.3 1 1
0things-backend/internal/service/device.go:174.2,174.33 1 1
0things-backend/internal/service/device.go:174.33,176.3 1 0
0things-backend/internal/service/device.go:177.2,177.52 1 1
0things-backend/internal/service/device.go:179.98,181.16 2 1
0things-backend/internal/service/device.go:181.16,183.3 1 1
0things-backend/internal/service/device.go:184.2,186.15 3 1
0things-backend/internal/service/device.go:189.90,191.16 2 1
0things-backend/internal/service/device.go:191.16,193.3 1 1
0things-backend/internal/service/device.go:194.2,194.35 1 1
0things-backend/internal/service/device.go:196.131,198.16 2 1
0things-backend/internal/service/device.go:198.16,200.3 1 0
0things-backend/internal/service/device.go:201.2,201.22 1 1
0things-backend/internal/service/device.go:201.22,202.30 1 1
0things-backend/internal/service/device.go:202.30,204.4 1 1
0things-backend/internal/service/device.go:206.2,207.16 2 1
0things-backend/internal/service/device.go:207.16,209.3 1 0
0things-backend/internal/service/device.go:210.2,210.25 1 1
0things-backend/internal/service/device.go:212.90,214.16 2 1
0things-backend/internal/service/device.go:214.16,216.3 1 1
0things-backend/internal/service/device.go:217.2,217.43 1 1
0things-backend/internal/service/device.go:219.94,221.16 2 1
0things-backend/internal/service/device.go:221.16,223.3 1 1
0things-backend/internal/service/device.go:224.2,224.39 1 1
0things-backend/internal/service/device.go:226.177,228.16 2 1
0things-backend/internal/service/device.go:228.16,230.3 1 1
0things-backend/internal/service/device.go:231.2,231.85 1 1
0things-backend/internal/service/device.go:233.109,235.16 2 1
0things-backend/internal/service/device.go:235.16,237.3 1 1
0things-backend/internal/service/device.go:238.2,238.47 1 1
0things-backend/internal/service/device.go:240.84,242.2 1 1
0things-backend/internal/service/device.go:243.78,245.16 2 1
0things-backend/internal/service/device.go:245.16,247.3 1 0
0things-backend/internal/service/device.go:248.2,251.8 1 1
0things-backend/internal/service/device.go:253.87,255.16 2 1
0things-backend/internal/service/device.go:255.16,257.3 1 1
0things-backend/internal/service/device.go:258.2,260.8 1 1
0things-backend/internal/service/device.go:262.75,264.16 2 1
0things-backend/internal/service/device.go:264.16,266.3 1 1
0things-backend/internal/service/device.go:267.2,267.30 1 1
0things-backend/internal/service/device.go:270.130,272.16 2 1
0things-backend/internal/service/device.go:272.16,274.3 1 1
0things-backend/internal/service/device.go:275.2,275.21 1 1
0things-backend/internal/service/device.go:275.21,277.3 1 0
0things-backend/internal/service/device.go:278.2,286.68 2 1
0things-backend/internal/service/device.go:286.68,288.3 1 0
0things-backend/internal/service/device.go:289.2,289.20 1 1
0things-backend/internal/service/device.go:292.167,294.16 2 1
0things-backend/internal/service/device.go:294.16,296.3 1 0
0things-backend/internal/service/device.go:297.2,297.89 1 1
0things-backend/internal/service/device.go:300.100,302.2 1 1
0things-backend/internal/service/device.go:304.115,306.16 2 1
0things-backend/internal/service/device.go:306.16,308.3 1 0
0things-backend/internal/service/device.go:309.2,309.64 1 1
0things-backend/internal/service/device.go:311.57,323.2 11 1
0things-backend/internal/service/device.go:324.107,326.16 2 1
0things-backend/internal/service/device.go:326.16,328.3 1 1
0things-backend/internal/service/device.go:329.2,331.16 3 1
0things-backend/internal/service/device.go:331.16,333.3 1 0
0things-backend/internal/service/device.go:334.2,334.19 1 1
0things-backend/internal/service/device.go:334.19,336.3 1 1
0things-backend/internal/service/device.go:337.2,338.28 2 1
0things-backend/internal/service/device.go:338.28,340.3 1 1
0things-backend/internal/service/device.go:341.2,343.18 3 1
0things-backend/internal/service/device.go:343.18,345.3 1 1
0things-backend/internal/service/device.go:346.2,348.31 3 1
0things-backend/internal/service/device.go:348.31,349.29 1 1
0things-backend/internal/service/device.go:349.29,350.20 1 1
0things-backend/internal/service/device.go:350.20,352.5 1 1
0things-backend/internal/service/device.go:353.4,353.13 1 1
0things-backend/internal/service/device.go:355.3,356.30 2 1
0things-backend/internal/service/device.go:356.30,357.12 1 1
0things-backend/internal/service/device.go:359.3,360.15 2 1
0things-backend/internal/service/device.go:360.15,362.4 1 1
0things-backend/internal/service/device.go:363.3,363.15 1 1
0things-backend/internal/service/device.go:363.15,365.4 1 1
0things-backend/internal/service/device.go:365.9,367.4 1 1
0things-backend/internal/service/device.go:369.2,369.27 1 1
0things-backend/internal/service/device.go:371.100,372.23 1 1
0things-backend/internal/service/device.go:372.23,374.3 1 1
0things-backend/internal/service/device.go:375.2,376.16 2 0
0things-backend/internal/service/device.go:376.16,378.3 1 0
0things-backend/internal/service/device.go:379.2,380.86 2 0
0things-backend/internal/service/device.go:382.93,383.48 1 1
0things-backend/internal/service/device.go:383.48,385.3 1 0
0things-backend/internal/service/device.go:386.2,386.26 1 1
0things-backend/internal/service/device_event.go:26.126,28.2 1 1
0things-backend/internal/service/device_event.go:30.143,31.60 1 1
0things-backend/internal/service/device_event.go:31.60,33.3 1 1
0things-backend/internal/service/device_event.go:34.2,35.16 2 1
0things-backend/internal/service/device_event.go:35.16,37.3 1 1
0things-backend/internal/service/device_event.go:38.2,38.45 1 1
0things-backend/internal/service/device_event.go:38.45,40.3 1 1
0things-backend/internal/service/device_event.go:41.2,42.16 2 1
0things-backend/internal/service/device_event.go:42.16,44.3 1 0
0things-backend/internal/service/device_event.go:45.2,46.19 2 1
0things-backend/internal/service/device_event.go:46.19,48.3 1 1
0things-backend/internal/service/device_event.go:49.2,49.123 1 1
0things-backend/internal/service/device_event.go:52.173,54.2 1 1
0things-backend/internal/service/ota.go:37.107,39.2 1 1
0things-backend/internal/service/ota.go:41.99,43.2 1 1
0things-backend/internal/service/ota.go:45.84,47.2 1 1
0things-backend/internal/service/ota.go:49.98,51.16 2 1
0things-backend/internal/service/ota.go:51.16,53.3 1 1
0things-backend/internal/service/ota.go:54.2,55.32 2 1
0things-backend/internal/service/ota.go:58.79,59.66 1 1
0things-backend/internal/service/ota.go:59.66,61.3 1 1
0things-backend/internal/service/ota.go:62.2,62.30 1 1
0things-backend/internal/service/ota.go:65.66,67.2 1 1
0things-backend/internal/service/ota.go:69.101,71.16 2 1
0things-backend/internal/service/ota.go:71.16,73.3 1 1
0things-backend/internal/service/ota.go:74.2,75.16 2 1
0things-backend/internal/service/ota.go:75.16,77.3 1 0
0things-backend/internal/service/ota.go:78.2,83.8 1 1
0things-backend/internal/service/ota.go:86.101,88.16 2 1
0things-backend/internal/service/ota.go:88.16,90.3 1 0
0things-backend/internal/service/ota.go:91.2,91.36 1 1
0things-backend/internal/service/ota.go:94.147,96.16 2 1
0things-backend/internal/service/ota.go:96.16,98.3 1 0
0things-backend/internal/service/ota.go:99.2,99.60 1 1
0things-backend/internal/service/product.go:30.76,32.2 1 1
0things-backend/internal/service/product.go:34.26,38.2 3 1
0things-backend/internal/service/product.go:40.79,41.21 1 1
0things-backend/internal/service/product.go:41.21,43.3 1 1
0things-backend/internal/service/product.go:45.2,46.49 2 1
0things-backend/internal/service/product.go:46.49,47.40 1 1
0things-backend/internal/service/product.go:47.40,49.4 1 1
0things-backend/internal/service/product.go:50.3,50.44 1 0
0things-backend/internal/service/product.go:52.2,52.24 1 1
0things-backend/internal/service/product.go:52.24,54.3 1 1
0things-backend/internal/service/product.go:55.2,55.19 1 0
0things-backend/internal/service/product.go:58.102,59.24 1 1
0things-backend/internal/service/product.go:59.24,61.3 1 0
0things-backend/internal/service/product.go:62.2,63.84 2 1
0things-backend/internal/service/product.go:63.84,65.3 1 1
0things-backend/internal/service/product.go:66.2,66.30 1 1
0things-backend/internal/service/product.go:66.30,68.3 1 1
0things-backend/internal/service/product.go:69.2,69.26 1 1
0things-backend/internal/service/product.go:69.26,71.3 1 1
0things-backend/internal/service/product.go:72.2,72.28 1 1
0things-backend/internal/service/product.go:72.28,74.3 1 1
0things-backend/internal/service/product.go:75.2,76.52 2 1
0things-backend/internal/service/product.go:76.52,78.3 1 0
0things-backend/internal/service/product.go:79.2,79.21 1 1
0things-backend/internal/service/product.go:82.85,84.2 1 1
0things-backend/internal/service/product.go:86.92,88.2 1 1
0things-backend/internal/service/product.go:90.82,92.84 2 1
0things-backend/internal/service/product.go:92.84,94.3 1 1
0things-backend/internal/service/product.go:95.2,95.34 1 1
0things-backend/internal/service/product.go:98.70,100.16 2 1
0things-backend/internal/service/product.go:100.16,102.3 1 0
0things-backend/internal/service/product.go:103.2,103.15 1 1
0things-backend/internal/service/product.go:103.15,105.3 1 1
0things-backend/internal/service/product.go:106.2,107.16 2 1
0things-backend/internal/service/product.go:107.16,109.3 1 1
0things-backend/internal/service/product.go:110.2,110.36 1 1
0things-backend/internal/service/product.go:113.133,115.2 1 1
0things-backend/internal/service/product.go:117.89,118.48 1 1
0things-backend/internal/service/product.go:118.48,120.3 1 0
0things-backend/internal/service/product.go:121.2,121.23 1 1
0things-backend/internal/service/product_tsl.go:21.125,23.2 1 1
0things-backend/internal/service/product_tsl.go:25.100,27.16 2 1
0things-backend/internal/service/product_tsl.go:27.16,29.3 1 1
0things-backend/internal/service/product_tsl.go:30.2,30.48 1 1
0things-backend/internal/service/product_tsl.go:33.91,35.16 2 1
0things-backend/internal/service/product_tsl.go:35.16,37.3 1 1
0things-backend/internal/service/product_tsl.go:38.2,39.35 2 1
0things-backend/internal/service/product_tsl.go:39.35,42.3 2 1
0things-backend/internal/service/product_tsl.go:43.2,43.16 1 1
0things-backend/internal/service/product_tsl.go:43.16,45.3 1 0
0things-backend/internal/service/product_tsl.go:46.2,47.30 2 1
0things-backend/internal/service/product_tsl.go:50.82,52.16 2 1
0things-backend/internal/service/product_tsl.go:52.16,54.3 1 1
0things-backend/internal/service/product_tsl.go:55.2,55.32 1 1
0things-backend/internal/service/rule.go:26.67,28.2 1 1
0things-backend/internal/service/rule.go:30.127,32.2 1 1
0things-backend/internal/service/rule.go:34.79,36.2 1 1
0things-backend/internal/service/rule.go:37.75,39.2 1 1
0things-backend/internal/service/rule.go:40.75,42.2 1 1
0things-backend/internal/service/rule.go:43.67,45.2 1 1
0things-backend/internal/service/rule.go:46.100,48.16 2 1
0things-backend/internal/service/rule.go:48.16,50.3 1 1
0things-backend/internal/service/rule.go:51.2,51.62 1 1
0things-backend/internal/service/rule.go:51.62,53.3 1 0
0things-backend/internal/service/rule.go:54.2,55.18 2 1
0things-backend/internal/service/rule.go:57.123,59.2 1 1
0things-backend/internal/service/rule.go:61.93,63.16 2 1
0things-backend/internal/service/rule.go:63.16,65.3 1 1
0things-backend/internal/service/rule.go:66.2,67.63 2 1
0things-backend/internal/service/rule.go:67.63,69.3 1 0
0things-backend/internal/service/rule.go:70.2,70.85 1 1
0things-backend/internal/service/rule.go:70.85,72.3 1 0
0things-backend/internal/service/rule.go:73.2,73.24 1 1
0things-backend/internal/service/service.go:22.12,29.2 1 1
0things-backend/internal/service/user.go:23.15,28.2 1 1
0things-backend/internal/service/user.go:35.84,38.16 2 1
0things-backend/internal/service/user.go:38.16,40.3 1 0
0things-backend/internal/service/user.go:41.2,41.31 1 1
0things-backend/internal/service/user.go:41.31,43.3 1 1
0things-backend/internal/service/user.go:45.2,46.16 2 1
0things-backend/internal/service/user.go:46.16,48.3 1 0
0things-backend/internal/service/user.go:50.2,51.16 2 1
0things-backend/internal/service/user.go:51.16,53.3 1 0
0things-backend/internal/service/user.go:54.2,60.62 2 1
0things-backend/internal/service/user.go:60.62,62.53 1 0
0things-backend/internal/service/user.go:62.53,64.4 1 0
0things-backend/internal/service/user.go:66.3,66.13 1 0
0things-backend/internal/service/user.go:68.2,68.12 1 1
0things-backend/internal/service/user.go:71.88,73.31 2 1
0things-backend/internal/service/user.go:73.31,75.3 1 1
0things-backend/internal/service/user.go:77.2,78.16 2 1
0things-backend/internal/service/user.go:78.16,80.3 1 0
0things-backend/internal/service/user.go:81.2,83.16 3 1
0things-backend/internal/service/user.go:83.16,85.3 1 0
0things-backend/internal/service/user.go:87.2,87.19 1 1
0things-backend/internal/service/user.go:90.106,92.16 2 1
0things-backend/internal/service/user.go:92.16,94.3 1 0
0things-backend/internal/service/user.go:96.2,99.8 1 1
0things-backend/internal/service/user.go:102.109,104.16 2 1
0things-backend/internal/service/user.go:104.16,106.3 1 1
0things-backend/internal/service/user.go:108.2,111.52 3 1
0things-backend/internal/service/user.go:111.52,113.3 1 0
0things-backend/internal/service/user.go:115.2,115.12 1 1
0things-backend/internal/repository/alert.go:17.53,17.88 1 1
0things-backend/internal/repository/alert.go:18.85,21.16 3 1
0things-backend/internal/repository/alert.go:21.16,22.45 1 0
0things-backend/internal/repository/alert.go:22.45,24.4 1 0
0things-backend/internal/repository/alert.go:25.3,25.18 1 0
0things-backend/internal/repository/alert.go:27.2,27.19 1 1
0things-backend/internal/repository/alert.go:30.135,33.18 3 1
0things-backend/internal/repository/alert.go:33.18,35.3 1 0
0things-backend/internal/repository/alert.go:36.2,36.20 1 1
0things-backend/internal/repository/alert.go:36.20,38.3 1 0
0things-backend/internal/repository/alert.go:39.2,39.21 1 1
0things-backend/internal/repository/alert.go:39.21,41.3 1 0
0things-backend/internal/repository/alert.go:42.2,43.16 2 1
0things-backend/internal/repository/alert.go:43.16,45.3 1 0
0things-backend/internal/repository/alert.go:46.2,47.23 2 1
0things-backend/internal/repository/alert.go:47.23,49.3 1 1
0things-backend/internal/repository/alert.go:50.2,50.27 1 1
0things-backend/internal/repository/alert.go:53.116,55.30 2 1
0things-backend/internal/repository/alert.go:55.30,58.3 2 0
0things-backend/internal/repository/alert.go:59.2,60.12 2 1
0things-backend/internal/repository/device.go:34.72,36.2 1 1
0things-backend/internal/repository/device.go:38.61,40.2 1 1
0things-backend/internal/repository/device.go:42.87,45.16 3 0
0things-backend/internal/repository/device.go:45.16,46.45 1 0
0things-backend/internal/repository/device.go:46.45,48.4 1 0
0things-backend/internal/repository/device.go:49.3,49.18 1 0
0things-backend/internal/repository/device.go:51.2,51.18 1 0
0things-backend/internal/repository/device.go:54.94,57.16 3 0
0things-backend/internal/repository/device.go:57.16,58.45 1 0
0things-backend/internal/repository/device.go:58.45,60.4 1 0
0things-backend/internal/repository/device.go:61.3,61.18 1 0
0things-backend/internal/repository/device.go:63.2,63.18 1 0
0things-backend/internal/repository/device.go:68.102,71.16 3 0
0things-backend/internal/repository/device.go:71.16,72.45 1 0
0things-backend/internal/repository/device.go:72.45,74.4 1 0
0things-backend/internal/repository/device.go:75.3,75.18 1 0
0things-backend/internal/repository/device.go:77.2,77.18 1 0
0things-backend/internal/repository/device.go:80.84,81.64 1 1
0things-backend/internal/repository/device.go:81.64,82.67 1 1
0things-backend/internal/repository/device.go:82.67,84.4 1 0
0things-backend/internal/repository/device.go:85.3,85.108 1 1
0things-backend/internal/repository/device.go:89.165,92.19 3 0
0things-backend/internal/repository/device.go:92.19,94.3 1 0
0things-backend/internal/repository/device.go:95.2,95.21 1 0
0things-backend/internal/repository/device.go:95.21,97.3 1 0
0things-backend/internal/repository/device.go:98.2,98.20 1 0
0things-backend/internal/repository/device.go:98.20,100.3 1 0
0things-backend/internal/repository/device.go:101.2,101.18 1 0
0things-backend/internal/repository/device.go:101.18,103.3 1 0
0things-backend/internal/repository/device.go:104.2,105.16 2 0
0things-backend/internal/repository/device.go:105.16,107.3 1 0
0things-backend/internal/repository/device.go:108.2,109.23 2 0
0things-backend/internal/repository/device.go:109.23,111.3 1 0
0things-backend/internal/repository/device.go:112.2,112.27 1 0
0things-backend/internal/repository/device.go:115.82,116.64 1 0
0things-backend/internal/repository/device.go:116.64,117.65 1 0
0things-backend/internal/repository/device.go:117.65,119.4 1 0
0things-backend/internal/repository/device.go:120.3,120.61 1 0
0things-backend/internal/repository/device.go:124.89,126.2 1 0
0things-backend/internal/repository/device.go:128.86,132.117 4 1
0things-backend/internal/repository/device.go:132.117,134.3 1 0
0things-backend/internal/repository/device.go:135.2,135.110 1 1
0things-backend/internal/repository/device.go:135.110,138.17 3 1
0things-backend/internal/repository/device.go:138.17,140.4 1 0
0things-backend/internal/repository/device.go:142.2,145.8 1 1
0things-backend/internal/repository/device.go:148.84,152.2 3 1
0things-backend/internal/repository/device.go:154.73,158.2 3 1
0things-backend/internal/repository/device.go:160.87,161.20 1 1
0things-backend/internal/repository/device.go:161.20,163.3 1 1
0things-backend/internal/repository/device.go:164.2,165.31 2 0
0things-backend/internal/repository/device.go:165.31,167.3 1 0
0things-backend/internal/repository/device.go:168.2,168.15 1 0
0things-backend/internal/repository/device_event.go:15.65,17.2 1 1
0things-backend/internal/repository/device_event.go:18.93,20.2 1 1
0things-backend/internal/repository/device_event.go:22.176,25.19 3 1
0things-backend/internal/repository/device_event.go:25.19,28.3 2 1
0things-backend/internal/repository/device_event.go:29.2,29.21 1 1
0things-backend/internal/repository/device_event.go:29.21,31.3 1 1
0things-backend/internal/repository/device_event.go:32.2,32.21 1 1
0things-backend/internal/repository/device_event.go:32.21,34.3 1 1
0things-backend/internal/repository/device_event.go:35.2,35.20 1 1
0things-backend/internal/repository/device_event.go:35.20,37.3 1 0
0things-backend/internal/repository/device_event.go:38.2,38.18 1 1
0things-backend/internal/repository/device_event.go:38.18,40.3 1 0
0things-backend/internal/repository/device_event.go:41.2,42.16 2 1
0things-backend/internal/repository/device_event.go:42.16,44.3 1 0
0things-backend/internal/repository/device_event.go:45.2,47.27 3 1
0things-backend/internal/repository/device_shadow.go:17.67,19.2 1 1
0things-backend/internal/repository/device_shadow.go:21.67,23.2 1 1
0things-backend/internal/repository/device_shadow.go:25.110,27.88 2 1
0things-backend/internal/repository/device_shadow.go:27.88,28.45 1 1
0things-backend/internal/repository/device_shadow.go:28.45,30.4 1 1
0things-backend/internal/repository/device_shadow.go:31.3,31.18 1 0
0things-backend/internal/repository/device_shadow.go:33.2,33.21 1 1
0things-backend/internal/repository/device_shadow.go:38.192,40.55 2 0
0things-backend/internal/repository/device_shadow.go:40.55,43.45 3 0
0things-backend/internal/repository/device_shadow.go:43.45,44.21 1 0
0things-backend/internal/repository/device_shadow.go:44.21,46.5 1 0
0things-backend/internal/repository/device_shadow.go:47.4,48.52 2 0
0things-backend/internal/repository/device_shadow.go:48.52,50.5 1 0
0things-backend/internal/repository/device_shadow.go:51.9,51.24 1 0
0things-backend/internal/repository/device_shadow.go:51.24,53.4 1 0
0things-backend/internal/repository/device_shadow.go:54.3,54.34 1 0
0things-backend/internal/repository/device_shadow.go:54.34,56.4 1 0
0things-backend/internal/repository/device_shadow.go:57.3,57.21 1 0
0things-backend/internal/repository/device_shadow.go:57.21,60.4 2 0
0things-backend/internal/repository/device_shadow.go:61.3,61.22 1 0
0things-backend/internal/repository/device_shadow.go:61.22,64.4 2 0
0things-backend/internal/repository/device_shadow.go:65.3,65.19 1 0
0things-backend/internal/repository/device_shadow.go:65.19,67.4 1 0
0things-backend/internal/repository/device_shadow.go:68.3,71.24 2 0
0things-backend/internal/repository/device_shadow.go:71.24,73.4 1 0
0things-backend/internal/repository/device_shadow.go:74.3,74.208 1 0
0things-backend/internal/repository/device_shadow.go:74.208,76.4 1 0
0things-backend/internal/repository/device_shadow.go:77.3,78.13 2 0
0things-backend/internal/repository/device_shadow.go:80.2,80.18 1 0
0things-backend/internal/repository/device_shadow.go:83.126,87.2 3 1
0things-backend/internal/repository/device_tag.go:15.61,17.2 1 1
0things-backend/internal/repository/device_tag.go:19.64,21.2 1 1
0things-backend/internal/repository/device_tag.go:23.104,27.2 3 1
0things-backend/internal/repository/device_tag.go:29.120,30.55 1 1
0things-backend/internal/repository/device_tag.go:30.55,31.14 1 1
0things-backend/internal/repository/device_tag.go:31.14,32.95 1 1
0things-backend/internal/repository/device_tag.go:32.95,34.5 1 0
0things-backend/internal/repository/device_tag.go:36.3,36.32 1 1
0things-backend/internal/repository/device_tag.go:36.32,39.46 3 1
0things-backend/internal/repository/device_tag.go:39.46,40.123 1 1
0things-backend/internal/repository/device_tag.go:40.123,42.6 1 0
0things-backend/internal/repository/device_tag.go:43.5,43.13 1 1
0things-backend/internal/repository/device_tag.go:45.4,45.18 1 1
0things-backend/internal/repository/device_tag.go:45.18,47.5 1 0
0things-backend/internal/repository/device_tag.go:48.4,48.137 1 1
0things-backend/internal/repository/device_tag.go:48.137,50.5 1 0
0things-backend/internal/repository/device_tag.go:52.3,52.13 1 1
0things-backend/internal/repository/device_tag.go:56.100,58.2 1 1
0things-backend/internal/repository/ota.go:24.58,24.91 1 1
0things-backend/internal/repository/ota.go:25.58,25.90 1 1
0things-backend/internal/repository/ota.go:27.89,32.2 1 1
0things-backend/internal/repository/ota.go:34.88,36.109 2 1
0things-backend/internal/repository/ota.go:36.109,37.45 1 0
0things-backend/internal/repository/ota.go:37.45,39.4 1 0
0things-backend/internal/repository/ota.go:40.3,40.18 1 0
0things-backend/internal/repository/ota.go:42.2,42.18 1 1
0things-backend/internal/repository/ota.go:44.97,46.150 2 1
0things-backend/internal/repository/ota.go:46.150,47.45 1 1
0things-backend/internal/repository/ota.go:47.45,49.4 1 1
0things-backend/internal/repository/ota.go:50.3,50.18 1 0
0things-backend/internal/repository/ota.go:52.2,52.18 1 1
0things-backend/internal/repository/ota.go:55.102,58.49 3 1
0things-backend/internal/repository/ota.go:58.49,60.3 1 0
0things-backend/internal/repository/ota.go:61.2,63.128 3 1
0things-backend/internal/repository/ota.go:63.128,65.3 1 0
0things-backend/internal/repository/ota.go:66.2,66.29 1 1
0things-backend/internal/repository/ota.go:69.82,71.2 1 1
0things-backend/internal/repository/ota.go:73.80,75.2 1 0
0things-backend/internal/repository/ota.go:77.69,79.16 2 1
0things-backend/internal/repository/ota.go:79.16,81.3 1 0
0things-backend/internal/repository/ota.go:82.2,82.36 1 1
0things-backend/internal/repository/ota.go:85.101,88.54 3 0
0things-backend/internal/repository/ota.go:88.54,90.3 1 0
0things-backend/internal/repository/ota.go:91.2,92.52 2 0
0things-backend/internal/repository/ota.go:92.52,96.36 2 0
0things-backend/internal/repository/ota.go:96.36,98.4 1 0
0things-backend/internal/repository/ota.go:99.3,99.20 1 0
0things-backend/internal/repository/ota.go:101.2,102.62 2 0
0things-backend/internal/repository/ota.go:102.62,104.3 1 0
0things-backend/internal/repository/ota.go:105.2,105.60 1 0
0things-backend/internal/repository/ota.go:105.60,107.3 1 0
0things-backend/internal/repository/ota.go:108.2,108.66 1 0
0things-backend/internal/repository/ota.go:108.66,110.3 1 0
0things-backend/internal/repository/ota.go:111.2,111.62 1 0
0things-backend/internal/repository/ota.go:111.62,113.3 1 0
0things-backend/internal/repository/ota.go:114.2,114.69 1 0
0things-backend/internal/repository/ota.go:114.69,116.3 1 0
0things-backend/internal/repository/ota.go:117.2,117.20 1 0
0things-backend/internal/repository/ota.go:120.101,124.2 3 0
0things-backend/internal/repository/ota.go:126.147,132.18 2 0
0things-backend/internal/repository/ota.go:132.18,134.3 1 0
0things-backend/internal/repository/ota.go:135.2,136.50 2 0
0things-backend/internal/repository/ota.go:136.50,138.3 1 0
0things-backend/internal/repository/ota.go:139.2,140.93 2 0
0things-backend/internal/repository/ota.go:140.93,142.3 1 0
0things-backend/internal/repository/ota.go:143.2,143.32 1 0
0things-backend/internal/repository/product.go:17.57,19.2 1 1
0things-backend/internal/repository/product.go:21.62,23.2 1 0
0things-backend/internal/repository/product.go:25.89,28.16 3 1
0things-backend/internal/repository/product.go:28.16,29.45 1 0
0things-backend/internal/repository/product.go:29.45,31.4 1 0
0things-backend/internal/repository/product.go:32.3,32.18 1 0
0things-backend/internal/repository/product.go:34.2,34.21 1 1
0things-backend/internal/repository/product.go:37.96,40.16 3 1
0things-backend/internal/repository/product.go:40.16,41.45 1 0
0things-backend/internal/repository/product.go:41.45,43.4 1 0
0things-backend/internal/repository/product.go:44.3,44.18 1 0
0things-backend/internal/repository/product.go:46.2,46.21 1 1
0things-backend/internal/repository/product.go:49.87,51.2 1 1
0things-backend/internal/repository/product.go:53.85,55.2 1 0
0things-backend/internal/repository/product.go:57.95,60.2 2 0
0things-backend/internal/repository/product.go:62.87,65.2 2 1
0things-backend/internal/repository/product.go:67.136,70.20 3 0
0things-backend/internal/repository/product.go:70.20,72.3 1 0
0things-backend/internal/repository/product.go:73.2,73.18 1 0
0things-backend/internal/repository/product.go:73.18,75.3 1 0
0things-backend/internal/repository/product.go:76.2,76.18 1 0
0things-backend/internal/repository/product.go:76.18,78.3 1 0
0things-backend/internal/repository/product.go:79.2,80.16 2 0
0things-backend/internal/repository/product.go:80.16,82.3 1 0
0things-backend/internal/repository/product.go:83.2,84.23 2 0
0things-backend/internal/repository/product.go:84.23,86.3 1 0
0things-backend/internal/repository/product.go:87.2,87.27 1 0
0things-backend/internal/repository/product.go:90.74,94.2 3 0
0things-backend/internal/repository/product_tsl.go:15.63,17.2 1 1
0things-backend/internal/repository/product_tsl.go:19.113,21.108 2 1
0things-backend/internal/repository/product_tsl.go:21.108,22.45 1 1
0things-backend/internal/repository/product_tsl.go:22.45,24.4 1 1
0things-backend/internal/repository/product_tsl.go:25.3,25.18 1 0
0things-backend/internal/repository/product_tsl.go:27.2,27.18 1 1
0things-backend/internal/repository/product_tsl.go:30.87,32.2 1 1
0things-backend/internal/repository/product_tsl.go:34.89,36.2 1 1
0things-backend/internal/repository/product_tsl.go:38.89,40.2 1 1
0things-backend/internal/repository/push_record.go:16.63,18.2 1 1
0things-backend/internal/repository/push_record.go:20.65,22.2 1 1
0things-backend/internal/repository/push_record.go:24.108,26.2 1 1
0things-backend/internal/repository/push_record.go:28.172,30.25 2 1
0things-backend/internal/repository/push_record.go:30.25,32.3 1 1
0things-backend/internal/repository/push_record.go:33.2,33.18 1 1
0things-backend/internal/repository/push_record.go:33.18,35.3 1 1
0things-backend/internal/repository/push_record.go:36.2,37.50 2 1
0things-backend/internal/repository/push_record.go:37.50,39.3 1 0
0things-backend/internal/repository/push_record.go:40.2,41.114 2 1
0things-backend/internal/repository/push_record.go:41.114,43.3 1 0
0things-backend/internal/repository/push_record.go:44.2,44.28 1 1
0things-backend/internal/repository/push_record.go:47.111,49.59 2 1
0things-backend/internal/repository/push_record.go:49.59,50.45 1 0
0things-backend/internal/repository/push_record.go:50.45,52.4 1 0
0things-backend/internal/repository/push_record.go:53.3,53.18 1 0
0things-backend/internal/repository/push_record.go:55.2,55.21 1 1
0things-backend/internal/repository/push_record.go:58.121,60.19 2 1
0things-backend/internal/repository/push_record.go:60.19,62.3 1 1
0things-backend/internal/repository/push_record.go:63.2,64.42 2 1
0things-backend/internal/repository/query.go:8.42,10.2 1 1
0things-backend/internal/repository/query.go:12.41,14.2 1 1
0things-backend/internal/repository/repository.go:35.15,42.2 1 1
0things-backend/internal/repository/repository.go:48.48,50.2 1 0
0things-backend/internal/repository/repository.go:54.55,56.14 2 1
0things-backend/internal/repository/repository.go:56.14,57.33 1 0
0things-backend/internal/repository/repository.go:57.33,59.4 1 0
0things-backend/internal/repository/repository.go:61.2,61.30 1 1
0things-backend/internal/repository/repository.go:64.97,65.55 1 0
0things-backend/internal/repository/repository.go:65.55,68.3 2 0
0things-backend/internal/repository/repository.go:71.55,73.2 1 0
0things-backend/internal/repository/repository.go:79.56,81.2 1 0
0things-backend/internal/repository/repository.go:83.67,92.31 5 0
0things-backend/internal/repository/repository.go:92.31,93.56 1 0
0things-backend/internal/repository/repository.go:97.2,97.16 1 0
0things-backend/internal/repository/repository.go:98.15,101.5 1 0
0things-backend/internal/repository/repository.go:102.18,106.22 1 0
0things-backend/internal/repository/repository.go:107.16,108.56 1 0
0things-backend/internal/repository/repository.go:109.10,110.29 1 0
0things-backend/internal/repository/repository.go:112.2,112.16 1 0
0things-backend/internal/repository/repository.go:112.16,113.13 1 0
0things-backend/internal/repository/repository.go:115.2,119.16 3 0
0things-backend/internal/repository/repository.go:119.16,120.13 1 0
0things-backend/internal/repository/repository.go:122.2,125.11 4 0
0things-backend/internal/repository/repository.go:127.48,138.16 5 0
0things-backend/internal/repository/repository.go:138.16,139.53 1 0
0things-backend/internal/repository/repository.go:142.2,142.12 1 0
0things-backend/internal/repository/repository.go:149.47,151.16 2 0
0things-backend/internal/repository/repository.go:151.16,153.3 1 0
0things-backend/internal/repository/repository.go:154.2,156.5 1 0
0things-backend/internal/repository/repository.go:158.65,163.16 3 0
0things-backend/internal/repository/repository.go:163.16,164.60 1 0
0things-backend/internal/repository/repository.go:167.2,171.16 4 0
0things-backend/internal/repository/repository.go:171.16,172.58 1 0
0things-backend/internal/repository/repository.go:175.2,175.24 1 0
0things-backend/internal/repository/repository.go:175.24,177.17 2 0
0things-backend/internal/repository/repository.go:177.17,178.65 1 0
0things-backend/internal/repository/rule.go:17.51,19.2 1 1
0things-backend/internal/repository/rule.go:21.59,23.2 1 0
0things-backend/internal/repository/rule.go:25.83,28.16 3 1
0things-backend/internal/repository/rule.go:28.16,29.45 1 0
0things-backend/internal/repository/rule.go:29.45,31.4 1 0
0things-backend/internal/repository/rule.go:32.3,32.18 1 0
0things-backend/internal/repository/rule.go:34.2,34.18 1 1
0things-backend/internal/repository/rule.go:37.130,40.20 3 0
0things-backend/internal/repository/rule.go:40.20,42.3 1 0
0things-backend/internal/repository/rule.go:43.2,43.18 1 0
0things-backend/internal/repository/rule.go:43.18,45.3 1 0
0things-backend/internal/repository/rule.go:46.2,46.18 1 0
0things-backend/internal/repository/rule.go:46.18,48.3 1 0
0things-backend/internal/repository/rule.go:49.2,50.16 2 0
0things-backend/internal/repository/rule.go:50.16,52.3 1 0
0things-backend/internal/repository/rule.go:53.2,54.23 2 0
0things-backend/internal/repository/rule.go:54.23,56.3 1 0
0things-backend/internal/repository/rule.go:57.2,57.27 1 0
0things-backend/internal/repository/rule.go:60.78,62.149 2 1
0things-backend/internal/repository/rule.go:62.149,64.3 1 0
0things-backend/internal/repository/rule.go:65.2,65.45 1 1
0things-backend/internal/repository/rule.go:68.76,69.48 1 0
0things-backend/internal/repository/rule.go:69.48,71.3 1 0
0things-backend/internal/repository/rule.go:72.2,72.59 1 0
0things-backend/internal/repository/rule.go:75.70,77.16 2 1
0things-backend/internal/repository/rule.go:77.16,79.3 1 0
0things-backend/internal/repository/rule.go:80.2,81.12 2 1
0things-backend/internal/repository/rule.go:84.99,87.2 2 1
0things-backend/internal/repository/rule.go:89.130,93.16 4 0
0things-backend/internal/repository/rule.go:93.16,95.3 1 0
0things-backend/internal/repository/rule.go:96.2,97.23 2 0
0things-backend/internal/repository/rule.go:97.23,99.3 1 0
0things-backend/internal/repository/rule.go:100.2,100.27 1 0
0things-backend/internal/repository/rule.go:103.101,104.57 1 1
0things-backend/internal/repository/rule.go:104.57,106.3 1 0
0things-backend/internal/repository/rule.go:107.2,107.75 1 1
0things-backend/internal/repository/rule.go:110.114,114.2 3 0
0things-backend/internal/repository/user.go:20.18,24.2 1 1
0things-backend/internal/repository/user.go:30.78,31.53 1 1
0things-backend/internal/repository/user.go:31.53,33.3 1 0
0things-backend/internal/repository/user.go:34.2,34.12 1 1
0things-backend/internal/repository/user.go:37.78,38.51 1 1
0things-backend/internal/repository/user.go:38.51,40.3 1 0
0things-backend/internal/repository/user.go:41.2,41.12 1 1
0things-backend/internal/repository/user.go:44.91,46.82 2 1
0things-backend/internal/repository/user.go:46.82,47.45 1 1
0things-backend/internal/repository/user.go:47.45,49.4 1 1
0things-backend/internal/repository/user.go:50.3,50.18 1 0
0things-backend/internal/repository/user.go:52.2,52.19 1 1
0things-backend/internal/repository/user.go:55.93,57.79 2 1
0things-backend/internal/repository/user.go:57.79,58.45 1 1
0things-backend/internal/repository/user.go:58.45,60.4 1 1
0things-backend/internal/repository/user.go:61.3,61.18 1 0
0things-backend/internal/repository/user.go:63.2,63.19 1 1
0things-backend/internal/handler/alert.go:17.83,19.2 1 1
0things-backend/internal/handler/alert.go:21.53,23.2 1 1
0things-backend/internal/handler/alert.go:39.51,42.16 3 1
0things-backend/internal/handler/alert.go:42.16,45.3 2 1
0things-backend/internal/handler/alert.go:46.2,47.31 2 1
0things-backend/internal/handler/alert.go:47.31,49.3 1 1
0things-backend/internal/handler/alert.go:50.2,50.106 1 1
0things-backend/internal/handler/alert.go:64.49,66.16 2 1
0things-backend/internal/handler/alert.go:66.16,69.3 2 1
0things-backend/internal/handler/alert.go:70.2,71.16 2 1
0things-backend/internal/handler/alert.go:71.16,74.3 2 1
0things-backend/internal/handler/alert.go:75.2,75.69 1 1
0things-backend/internal/handler/alert.go:89.49,91.2 1 1
0things-backend/internal/handler/alert.go:104.53,106.2 1 1
0things-backend/internal/handler/alert.go:108.67,110.16 2 1
0things-backend/internal/handler/alert.go:110.16,113.3 2 1
0things-backend/internal/handler/alert.go:114.2,115.16 2 1
0things-backend/internal/handler/alert.go:115.16,118.3 2 1
0things-backend/internal/handler/alert.go:119.2,119.69 1 1
0things-backend/internal/handler/device.go:25.107,27.2 1 1
0things-backend/internal/handler/device.go:29.54,46.2 1 1
0things-backend/internal/handler/device.go:48.60,53.2 1 1
0things-backend/internal/handler/device.go:55.66,57.27 2 1
0things-backend/internal/handler/device.go:57.27,59.3 1 1
0things-backend/internal/handler/device.go:60.2,60.14 1 1
0things-backend/internal/handler/device.go:63.88,71.2 4 1
0things-backend/internal/handler/device.go:73.72,79.2 1 1
0things-backend/internal/handler/device.go:92.54,94.43 2 1
0things-backend/internal/handler/device.go:94.43,97.3 2 1
0things-backend/internal/handler/device.go:98.2,99.14 2 1
0things-backend/internal/handler/device.go:99.14,102.3 2 1
0things-backend/internal/handler/device.go:103.2,103.68 1 1
0things-backend/internal/handler/device.go:116.51,118.14 2 1
0things-backend/internal/handler/device.go:118.14,121.3 2 1
0things-backend/internal/handler/device.go:122.2,123.14 2 1
0things-backend/internal/handler/device.go:123.14,126.3 2 1
0things-backend/internal/handler/device.go:127.2,127.65 1 1
0things-backend/internal/handler/device.go:140.56,142.14 2 1
0things-backend/internal/handler/device.go:142.14,145.3 2 1
0things-backend/internal/handler/device.go:146.2,146.65 1 1
0things-backend/internal/handler/device.go:164.53,168.40 4 1
0things-backend/internal/handler/device.go:168.40,171.3 2 1
0things-backend/internal/handler/device.go:172.2,173.14 2 1
0things-backend/internal/handler/device.go:173.14,176.3 2 1
0things-backend/internal/handler/device.go:177.2,178.22 2 1
0things-backend/internal/handler/device.go:178.22,180.3 1 1
0things-backend/internal/handler/device.go:181.2,181.89 1 1
0things-backend/internal/handler/device.go:195.54,197.14 2 1
0things-backend/internal/handler/device.go:197.14,200.3 2 1
0things-backend/internal/handler/device.go:201.2,202.42 2 1
0things-backend/internal/handler/device.go:202.42,205.3 2 1
0things-backend/internal/handler/device.go:206.2,207.14 2 1
0things-backend/internal/handler/device.go:207.14,210.3 2 1
0things-backend/internal/handler/device.go:211.2,211.68 1 1
0things-backend/internal/handler/device.go:224.54,226.14 2 1
0things-backend/internal/handler/device.go:226.14,228.3 1 1
0things-backend/internal/handler/device.go:229.2,229.14 1 1
0things-backend/internal/handler/device.go:229.14,232.3 2 1
0things-backend/internal/handler/device.go:233.2,233.54 1 1
0things-backend/internal/handler/device.go:246.50,248.14 2 1
0things-backend/internal/handler/device.go:248.14,251.3 2 1
0things-backend/internal/handler/device.go:252.2,253.14 2 1
0things-backend/internal/handler/device.go:253.14,256.3 2 1
0things-backend/internal/handler/device.go:257.2,257.70 1 1
0things-backend/internal/handler/device.go:271.49,274.14 3 1
0things-backend/internal/handler/device.go:274.14,276.3 1 1
0things-backend/internal/handler/device.go:277.2,277.14 1 1
0things-backend/internal/handler/device.go:277.14,280.3 2 1
0things-backend/internal/handler/device.go:281.2,282.14 2 1
0things-backend/internal/handler/device.go:282.14,285.3 2 1
0things-backend/internal/handler/device.go:286.2,286.72 1 1
0things-backend/internal/handler/device.go:298.47,300.14 2 1
0things-backend/internal/handler/device.go:300.14,303.3 2 1
0things-backend/internal/handler/device.go:304.2,307.4 1 1
0things-backend/internal/handler/device.go:320.51,322.14 2 1
0things-backend/internal/handler/device.go:322.14,325.3 2 1
0things-backend/internal/handler/device.go:326.2,326.55 1 1
0things-backend/internal/handler/device.go:339.46,341.14 2 1
0things-backend/internal/handler/device.go:341.14,344.3 2 1
0things-backend/internal/handler/device.go:345.2,347.4 1 1
0things-backend/internal/handler/device.go:360.49,362.14 2 1
0things-backend/internal/handler/device.go:362.14,365.3 2 1
0things-backend/internal/handler/device.go:366.2,367.14 2 1
0things-backend/internal/handler/device.go:367.14,370.3 2 1
0things-backend/internal/handler/device.go:371.2,371.69 1 1
0things-backend/internal/handler/device.go:385.49,387.14 2 1
0things-backend/internal/handler/device.go:387.14,390.3 2 1
0things-backend/internal/handler/device.go:391.2,391.71 1 1
0things-backend/internal/handler/device.go:405.49,409.14 4 1
0things-backend/internal/handler/device.go:409.14,411.3 1 1
0things-backend/internal/handler/device.go:412.2,412.14 1 1
0things-backend/internal/handler/device.go:412.14,415.3 2 1
0things-backend/internal/handler/device.go:416.2,416.71 1 1
0things-backend/internal/handler/device.go:430.50,434.14 4 1
0things-backend/internal/handler/device.go:434.14,436.3 1 1
0things-backend/internal/handler/device.go:437.2,437.14 1 1
0things-backend/internal/handler/device.go:437.14,440.3 2 1
0things-backend/internal/handler/device.go:441.2,441.71 1 1
0things-backend/internal/handler/device.go:455.52,458.14 3 1
0things-backend/internal/handler/device.go:458.14,460.3 1 1
0things-backend/internal/handler/device.go:461.2,461.14 1 1
0things-backend/internal/handler/device.go:461.14,464.3 2 1
0things-backend/internal/handler/device.go:465.2,465.54 1 1
0things-backend/internal/handler/device.go:467.56,473.38 6 1
0things-backend/internal/handler/device.go:473.38,475.24 2 1
0things-backend/internal/handler/device.go:475.24,476.42 1 1
0things-backend/internal/handler/device.go:476.42,478.5 1 1
0things-backend/internal/handler/device.go:481.2,481.117 1 1
0things-backend/internal/handler/device.go:494.51,496.14 2 1
0things-backend/internal/handler/device.go:496.14,499.3 2 1
0things-backend/internal/handler/device.go:500.2,500.28 1 1
0things-backend/internal/handler/device.go:514.49,518.14 4 1
0things-backend/internal/handler/device.go:518.14,520.3 1 1
0things-backend/internal/handler/device.go:521.2,521.14 1 1
0things-backend/internal/handler/device.go:521.14,524.3 2 1
0things-backend/internal/handler/device.go:525.2,525.28 1 1
0things-backend/internal/handler/device.go:539.50,543.14 4 1
0things-backend/internal/handler/device.go:543.14,545.3 1 1
0things-backend/internal/handler/device.go:546.2,546.14 1 1
0things-backend/internal/handler/device.go:546.14,549.3 2 1
0things-backend/internal/handler/device.go:550.2,550.28 1 1
0things-backend/internal/handler/device.go:564.54,568.14 4 1
0things-backend/internal/handler/device.go:568.14,571.3 2 1
0things-backend/internal/handler/device.go:572.2,572.28 1 1
0things-backend/internal/handler/device.go:585.49,587.14 2 1
0things-backend/internal/handler/device.go:587.14,590.3 2 1
0things-backend/internal/handler/device.go:591.2,592.28 2 1
0things-backend/internal/handler/device.go:592.28,594.3 1 1
0things-backend/internal/handler/device.go:595.2,595.71 1 1
0things-backend/internal/handler/device.go:610.54,612.47 2 1
0things-backend/internal/handler/device.go:612.47,615.3 2 1
0things-backend/internal/handler/device.go:616.2,617.16 2 1
0things-backend/internal/handler/device.go:617.16,620.3 2 1
0things-backend/internal/handler/device.go:621.2,621.176 1 1
0things-backend/internal/handler/device.go:638.53,641.16 3 1
0things-backend/internal/handler/device.go:641.16,644.3 2 1
0things-backend/internal/handler/device.go:645.2,646.33 2 1
0things-backend/internal/handler/device.go:646.33,648.3 1 1
0things-backend/internal/handler/device.go:649.2,649.99 1 1
0things-backend/internal/handler/device.go:663.52,665.16 2 1
0things-backend/internal/handler/device.go:665.16,668.3 2 1
0things-backend/internal/handler/device.go:669.2,670.16 2 1
0things-backend/internal/handler/device.go:670.16,673.3 2 1
0things-backend/internal/handler/device.go:674.2,674.78 1 1
0things-backend/internal/handler/device.go:688.58,690.46 2 1
0things-backend/internal/handler/device.go:690.46,691.71 1 1
0things-backend/internal/handler/device.go:691.71,694.4 2 1
0things-backend/internal/handler/device.go:696.2,697.16 2 1
0things-backend/internal/handler/device.go:697.16,700.3 2 1
0things-backend/internal/handler/device.go:701.2,701.91 1 1
0things-backend/internal/handler/device.go:713.55,715.14 2 1
0things-backend/internal/handler/device.go:715.14,718.3 2 1
0things-backend/internal/handler/device.go:719.2,720.85 2 1
0things-backend/internal/handler/device.go:733.53,735.14 2 1
0things-backend/internal/handler/device.go:735.14,738.3 2 1
0things-backend/internal/handler/device.go:739.2,741.14 3 1
0things-backend/internal/handler/device.go:741.14,744.3 2 0
0things-backend/internal/handler/device.go:745.2,746.14 2 1
0things-backend/internal/handler/device.go:746.14,749.3 2 1
0things-backend/internal/handler/device.go:750.2,751.28 2 1
0things-backend/internal/handler/device.go:751.28,753.3 1 1
0things-backend/internal/handler/device.go:754.2,754.108 1 1
0things-backend/internal/handler/device.go:767.51,770.14 3 1
0things-backend/internal/handler/device.go:770.14,772.3 1 1
0things-backend/internal/handler/device.go:773.2,773.14 1 1
0things-backend/internal/handler/device.go:773.14,776.3 2 1
0things-backend/internal/handler/device.go:777.2,777.117 1 1
0things-backend/internal/handler/device_event.go:15.101,15.153 1 1
0things-backend/internal/handler/device_event.go:17.71,19.2 1 1
0things-backend/internal/handler/device_event.go:36.63,39.16 3 1
0things-backend/internal/handler/device_event.go:39.16,42.3 2 1
0things-backend/internal/handler/device_event.go:43.2,44.16 2 1
0things-backend/internal/handler/device_event.go:44.16,47.3 2 1
0things-backend/internal/handler/device_event.go:48.2,49.16 2 1
0things-backend/internal/handler/device_event.go:49.16,49.47 2 1
0things-backend/internal/handler/device_event.go:50.2,51.31 2 1
0things-backend/internal/handler/device_event.go:51.31,51.80 1 1
0things-backend/internal/handler/device_event.go:52.2,52.112 1 1
0things-backend/internal/handler/device_event.go:55.50,56.17 1 1
0things-backend/internal/handler/device_event.go:56.17,56.36 1 1
0things-backend/internal/handler/device_event.go:57.2,58.16 2 1
0things-backend/internal/handler/device_event.go:58.16,58.35 1 1
0things-backend/internal/handler/device_event.go:59.2,59.21 1 1
0things-backend/internal/handler/handler.go:15.12,19.2 1 1
0things-backend/internal/handler/handler.go:20.48,22.13 2 1
0things-backend/internal/handler/handler.go:22.13,24.3 1 1
0things-backend/internal/handler/handler.go:25.2,25.39 1 1
0things-backend/internal/handler/ota.go:15.77,17.2 1 1
0things-backend/internal/handler/ota.go:19.60,27.2 1 1
0things-backend/internal/handler/ota.go:29.64,34.2 1 1
0things-backend/internal/handler/ota.go:36.82,43.2 1 1
0things-backend/internal/handler/ota.go:57.46,60.16 3 1
0things-backend/internal/handler/ota.go:60.16,63.3 2 1
0things-backend/internal/handler/ota.go:64.2,65.31 2 1
0things-backend/internal/handler/ota.go:65.31,67.3 1 1
0things-backend/internal/handler/ota.go:68.2,68.116 1 1
0things-backend/internal/handler/ota.go:82.45,84.16 2 1
0things-backend/internal/handler/ota.go:84.16,87.3 2 1
0things-backend/internal/handler/ota.go:88.2,89.16 2 1
0things-backend/internal/handler/ota.go:89.16,92.3 2 1
0things-backend/internal/handler/ota.go:93.2,93.76 1 1
0things-backend/internal/handler/ota.go:107.48,109.47 2 1
0things-backend/internal/handler/ota.go:109.47,112.3 2 1
0things-backend/internal/handler/ota.go:113.2,114.22 2 1
0things-backend/internal/handler/ota.go:114.22,116.3 1 1
0things-backend/internal/handler/ota.go:117.2,117.61 1 1
0things-backend/internal/handler/ota.go:117.61,120.3 2 1
0things-backend/internal/handler/ota.go:121.2,121.79 1 1
0things-backend/internal/handler/ota.go:136.48,138.16 2 1
0things-backend/internal/handler/ota.go:138.16,141.3 2 1
0things-backend/internal/handler/ota.go:142.2,143.47 2 1
0things-backend/internal/handler/ota.go:143.47,146.3 2 1
0things-backend/internal/handler/ota.go:147.2,148.16 2 1
0things-backend/internal/handler/ota.go:148.16,151.3 2 1
0things-backend/internal/handler/ota.go:152.2,154.45 3 1
0things-backend/internal/handler/ota.go:154.45,157.3 2 1
0things-backend/internal/handler/ota.go:158.2,158.79 1 1
0things-backend/internal/handler/ota.go:172.48,174.16 2 1
0things-backend/internal/handler/ota.go:174.16,176.3 1 1
0things-backend/internal/handler/ota.go:177.2,177.16 1 1
0things-backend/internal/handler/ota.go:177.16,180.3 2 1
0things-backend/internal/handler/ota.go:181.2,181.51 1 1
0things-backend/internal/handler/ota.go:195.47,197.16 2 1
0things-backend/internal/handler/ota.go:197.16,200.3 2 1
0things-backend/internal/handler/ota.go:201.2,206.5 1 1
0things-backend/internal/handler/ota.go:220.49,222.16 2 1
0things-backend/internal/handler/ota.go:222.16,225.3 2 1
0things-backend/internal/handler/ota.go:226.2,227.32 2 1
0things-backend/internal/handler/ota.go:227.32,229.3 1 1
0things-backend/internal/handler/ota.go:230.2,230.63 1 1
0things-backend/internal/handler/ota.go:247.53,250.16 3 1
0things-backend/internal/handler/ota.go:250.16,253.3 2 1
0things-backend/internal/handler/ota.go:254.2,255.41 2 1
0things-backend/internal/handler/ota.go:255.41,257.3 1 1
0things-backend/internal/handler/ota.go:258.2,258.122 1 1
0things-backend/internal/handler/product.go:12.72,30.2 1 1
0things-backend/internal/handler/product.go:37.89,39.2 1 1
0things-backend/internal/handler/product.go:52.49,54.47 2 1
0things-backend/internal/handler/product.go:54.47,57.3 2 1
0things-backend/internal/handler/product.go:58.2,59.16 2 1
0things-backend/internal/handler/product.go:59.16,62.3 2 1
0things-backend/internal/handler/product.go:63.2,63.81 1 1
0things-backend/internal/handler/product.go:77.46,79.16 2 1
0things-backend/internal/handler/product.go:79.16,82.3 2 1
0things-backend/internal/handler/product.go:83.2,84.16 2 1
0things-backend/internal/handler/product.go:84.16,87.3 2 1
0things-backend/internal/handler/product.go:88.2,88.78 1 1
0things-backend/internal/handler/product.go:102.51,104.16 2 1
0things-backend/internal/handler/product.go:104.16,107.3 2 1
0things-backend/internal/handler/product.go:108.2,108.83 1 1
0things-backend/internal/handler/product.go:126.47,129.16 3 1
0things-backend/internal/handler/product.go:129.16,132.3 2 1
0things-backend/internal/handler/product.go:133.2,134.35 2 1
0things-backend/internal/handler/product.go:134.35,136.3 1 1
0things-backend/internal/handler/product.go:137.2,137.114 1 1
0things-backend/internal/handler/product.go:152.49,154.16 2 1
0things-backend/internal/handler/product.go:154.16,157.3 2 1
0things-backend/internal/handler/product.go:158.2,159.46 2 1
0things-backend/internal/handler/product.go:159.46,162.3 2 1
0things-backend/internal/handler/product.go:163.2,163.20 1 1
0things-backend/internal/handler/product.go:163.20,165.3 1 1
0things-backend/internal/handler/product.go:166.2,166.27 1 1
0things-backend/internal/handler/product.go:166.27,168.3 1 1
0things-backend/internal/handler/product.go:169.2,169.24 1 1
0things-backend/internal/handler/product.go:169.24,171.3 1 1
0things-backend/internal/handler/product.go:172.2,172.22 1 1
0things-backend/internal/handler/product.go:172.22,174.3 1 1
0things-backend/internal/handler/product.go:175.2,175.27 1 1
0things-backend/internal/handler/product.go:175.27,177.3 1 0
0things-backend/internal/handler/product.go:178.2,178.24 1 1
0things-backend/internal/handler/product.go:178.24,180.3 1 0
0things-backend/internal/handler/product.go:181.2,181.34 1 1
0things-backend/internal/handler/product.go:181.34,183.3 1 0
0things-backend/internal/handler/product.go:184.2,184.30 1 1
0things-backend/internal/handler/product.go:184.30,186.3 1 0
0things-backend/internal/handler/product.go:187.2,187.46 1 1
0things-backend/internal/handler/product.go:187.46,190.3 2 1
0things-backend/internal/handler/product.go:191.2,191.81 1 1
0things-backend/internal/handler/product.go:205.49,207.16 2 1
0things-backend/internal/handler/product.go:207.16,209.3 1 1
0things-backend/internal/handler/product.go:210.2,210.16 1 1
0things-backend/internal/handler/product.go:210.16,213.3 2 1
0things-backend/internal/handler/product.go:214.2,214.55 1 1
0things-backend/internal/handler/product.go:228.50,230.16 2 1
0things-backend/internal/handler/product.go:230.16,233.17 3 1
0things-backend/internal/handler/product.go:233.17,236.4 2 1
0things-backend/internal/handler/product.go:238.2,238.21 1 1
0things-backend/internal/handler/product_tsl.go:14.98,16.2 1 1
0things-backend/internal/handler/product_tsl.go:29.49,31.16 2 1
0things-backend/internal/handler/product_tsl.go:31.16,34.3 2 1
0things-backend/internal/handler/product_tsl.go:35.2,36.26 2 1
0things-backend/internal/handler/product_tsl.go:36.26,38.3 1 1
0things-backend/internal/handler/product_tsl.go:39.2,39.186 1 1
0things-backend/internal/handler/product_tsl.go:55.49,57.47 2 1
0things-backend/internal/handler/product_tsl.go:57.47,60.3 2 1
0things-backend/internal/handler/product_tsl.go:61.2,61.64 1 1
0things-backend/internal/handler/product_tsl.go:61.64,64.3 2 1
0things-backend/internal/handler/product_tsl.go:65.2,65.58 1 1
0things-backend/internal/handler/product_tsl.go:79.52,80.55 1 1
0things-backend/internal/handler/product_tsl.go:80.55,83.3 2 1
0things-backend/internal/handler/product_tsl.go:84.2,84.58 1 1
0things-backend/internal/handler/response.go:15.45,17.86 2 1
0things-backend/internal/handler/response.go:17.86,19.3 1 1
0things-backend/internal/handler/response.go:19.8,19.58 1 1
0things-backend/internal/handler/response.go:19.58,21.3 1 1
0things-backend/internal/handler/response.go:21.8,24.36 1 1
0things-backend/internal/handler/response.go:24.36,26.3 1 1
0things-backend/internal/handler/response.go:28.2,28.63 1 1
0things-backend/internal/handler/response.go:31.40,33.2 1 1
0things-backend/internal/handler/response.go:35.55,38.20 3 1
0things-backend/internal/handler/response.go:38.20,40.3 1 1
0things-backend/internal/handler/response.go:41.2,41.18 1 1
0things-backend/internal/handler/response.go:41.18,43.3 1 1
0things-backend/internal/handler/response.go:44.2,44.20 1 1
0things-backend/internal/handler/response.go:44.20,46.3 1 1
0things-backend/internal/handler/response.go:47.2,47.29 1 1
0things-backend/internal/handler/response.go:50.37,51.21 1 1
0things-backend/internal/handler/response.go:51.21,53.3 1 1
0things-backend/internal/handler/response.go:55.2,56.49 2 1
0things-backend/internal/handler/response.go:56.49,58.3 1 1
0things-backend/internal/handler/response.go:59.2,59.22 1 1
0things-backend/internal/handler/response.go:62.49,63.17 1 1
0things-backend/internal/handler/response.go:63.17,65.3 1 1
0things-backend/internal/handler/response.go:66.2,66.12 1 1
0things-backend/internal/handler/rule.go:19.80,21.2 1 1
0things-backend/internal/handler/rule.go:23.44,34.2 3 1
0things-backend/internal/handler/rule.go:36.76,42.2 1 1
0things-backend/internal/handler/rule.go:59.49,62.16 3 1
0things-backend/internal/handler/rule.go:62.16,65.3 2 1
0things-backend/internal/handler/rule.go:66.2,67.29 2 1
0things-backend/internal/handler/rule.go:67.29,69.3 1 1
0things-backend/internal/handler/rule.go:70.2,70.105 1 1
0things-backend/internal/handler/rule.go:84.47,86.16 2 1
0things-backend/internal/handler/rule.go:86.16,89.3 2 1
0things-backend/internal/handler/rule.go:90.2,91.16 2 1
0things-backend/internal/handler/rule.go:91.16,94.3 2 1
0things-backend/internal/handler/rule.go:95.2,95.60 1 1
0things-backend/internal/handler/rule.go:109.50,111.47 2 1
0things-backend/internal/handler/rule.go:111.47,114.3 2 1
0things-backend/internal/handler/rule.go:115.2,116.23 2 1
0things-backend/internal/handler/rule.go:116.23,118.3 1 1
0things-backend/internal/handler/rule.go:119.2,119.46 1 1
0things-backend/internal/handler/rule.go:119.46,122.3 2 1
0things-backend/internal/handler/rule.go:123.2,123.63 1 1
0things-backend/internal/handler/rule.go:138.50,140.16 2 1
0things-backend/internal/handler/rule.go:140.16,143.3 2 1
0things-backend/internal/handler/rule.go:144.2,145.47 2 1
0things-backend/internal/handler/rule.go:145.47,148.3 2 1
0things-backend/internal/handler/rule.go:149.2,150.16 2 1
0things-backend/internal/handler/rule.go:150.16,153.3 2 1
0things-backend/internal/handler/rule.go:154.2,157.46 4 1
0things-backend/internal/handler/rule.go:157.46,160.3 2 1
0things-backend/internal/handler/rule.go:161.2,161.63 1 1
0things-backend/internal/handler/rule.go:175.50,177.16 2 1
0things-backend/internal/handler/rule.go:177.16,179.3 1 1
0things-backend/internal/handler/rule.go:180.2,180.16 1 1
0things-backend/internal/handler/rule.go:180.16,183.3 2 1
0things-backend/internal/handler/rule.go:184.2,184.52 1 1
0things-backend/internal/handler/rule.go:198.50,202.9 4 1
0things-backend/internal/handler/rule.go:203.43,205.52 2 1
0things-backend/internal/handler/rule.go:206.44,208.53 2 1
0things-backend/internal/handler/rule.go:209.45,211.9 2 0
0things-backend/internal/handler/rule.go:212.10,214.9 2 1
0things-backend/internal/handler/rule.go:216.2,218.16 3 1
0things-backend/internal/handler/rule.go:218.16,221.3 2 1
0things-backend/internal/handler/rule.go:222.2,223.16 2 1
0things-backend/internal/handler/rule.go:223.16,226.3 2 1
0things-backend/internal/handler/rule.go:227.2,227.66 1 1
[...]
0things-backend/internal/repository/repository.go:158.65,163.16 3 0
0things-backend/internal/repository/repository.go:163.16,164.60 1 0
0things-backend/internal/repository/repository.go:167.2,171.16 4 0
0things-backend/internal/repository/repository.go:171.16,172.58 1 0
0things-backend/internal/repository/repository.go:175.2,175.24 1 0
0things-backend/internal/repository/repository.go:175.24,177.17 2 0
0things-backend/internal/repository/repository.go:177.17,178.65 1 0
0things-backend/internal/repository/rule.go:17.51,19.2 1 0
0things-backend/internal/repository/rule.go:21.59,23.2 1 0
0things-backend/internal/repository/rule.go:25.83,28.16 3 0
0things-backend/internal/repository/rule.go:28.16,29.45 1 0
0things-backend/internal/repository/rule.go:29.45,31.4 1 0
0things-backend/internal/repository/rule.go:32.3,32.18 1 0
0things-backend/internal/repository/rule.go:34.2,34.18 1 0
0things-backend/internal/repository/rule.go:37.130,40.20 3 0
0things-backend/internal/repository/rule.go:40.20,42.3 1 0
0things-backend/internal/repository/rule.go:43.2,43.18 1 0
0things-backend/internal/repository/rule.go:43.18,45.3 1 0
0things-backend/internal/repository/rule.go:46.2,46.18 1 0
0things-backend/internal/repository/rule.go:46.18,48.3 1 0
0things-backend/internal/repository/rule.go:49.2,50.16 2 0
0things-backend/internal/repository/rule.go:50.16,52.3 1 0
0things-backend/internal/repository/rule.go:53.2,54.23 2 0
0things-backend/internal/repository/rule.go:54.23,56.3 1 0
0things-backend/internal/repository/rule.go:57.2,57.27 1 0
0things-backend/internal/repository/rule.go:60.78,62.149 2 0
0things-backend/internal/repository/rule.go:62.149,64.3 1 0
0things-backend/internal/repository/rule.go:65.2,65.45 1 0
0things-backend/internal/repository/rule.go:68.76,69.48 1 0
0things-backend/internal/repository/rule.go:69.48,71.3 1 0
0things-backend/internal/repository/rule.go:72.2,72.59 1 0
0things-backend/internal/repository/rule.go:75.70,77.16 2 0
0things-backend/internal/repository/rule.go:77.16,79.3 1 0
0things-backend/internal/repository/rule.go:80.2,81.12 2 0
0things-backend/internal/repository/rule.go:84.99,87.2 2 0
0things-backend/internal/repository/rule.go:89.130,93.16 4 0
0things-backend/internal/repository/rule.go:93.16,95.3 1 0
0things-backend/internal/repository/rule.go:96.2,97.23 2 0
0things-backend/internal/repository/rule.go:97.23,99.3 1 0
0things-backend/internal/repository/rule.go:100.2,100.27 1 0
0things-backend/internal/repository/rule.go:103.101,104.57 1 0
0things-backend/internal/repository/rule.go:104.57,106.3 1 0
0things-backend/internal/repository/rule.go:107.2,107.75 1 0
0things-backend/internal/repository/rule.go:110.114,114.2 3 0
0things-backend/internal/repository/user.go:20.18,24.2 1 0
0things-backend/internal/repository/user.go:30.78,31.53 1 0
0things-backend/internal/repository/user.go:31.53,33.3 1 0
0things-backend/internal/repository/user.go:34.2,34.12 1 0
0things-backend/internal/repository/user.go:37.78,38.51 1 0
0things-backend/internal/repository/user.go:38.51,40.3 1 0
0things-backend/internal/repository/user.go:41.2,41.12 1 0
0things-backend/internal/repository/user.go:44.91,46.82 2 0
0things-backend/internal/repository/user.go:46.82,47.45 1 0
0things-backend/internal/repository/user.go:47.45,49.4 1 0
0things-backend/internal/repository/user.go:50.3,50.18 1 0
0things-backend/internal/repository/user.go:52.2,52.19 1 0
0things-backend/internal/repository/user.go:55.93,57.79 2 0
0things-backend/internal/repository/user.go:57.79,58.45 1 0
0things-backend/internal/repository/user.go:58.45,60.4 1 0
0things-backend/internal/repository/user.go:61.3,61.18 1 0
0things-backend/internal/repository/user.go:63.2,63.19 1 0
0things-backend/internal/service/alert.go:19.70,21.2 1 0
0things-backend/internal/service/alert.go:22.132,24.2 1 0
0things-backend/internal/service/alert.go:26.81,28.2 1 0
0things-backend/internal/service/alert.go:29.102,31.16 2 0
0things-backend/internal/service/alert.go:31.16,33.3 1 0
0things-backend/internal/service/alert.go:34.2,35.68 2 0
0things-backend/internal/service/alert.go:35.68,37.3 1 0
0things-backend/internal/service/alert.go:38.2,39.30 2 0
0things-backend/internal/service/alert.go:39.30,41.3 1 0
0things-backend/internal/service/alert.go:41.8,43.3 1 0
0things-backend/internal/service/alert.go:44.2,44.19 1 0
0things-backend/internal/service/device.go:85.18,87.2 1 0
0things-backend/internal/service/device.go:89.78,90.21 1 0
0things-backend/internal/service/device.go:90.21,92.3 1 0
0things-backend/internal/service/device.go:94.2,95.49 2 0
0things-backend/internal/service/device.go:95.49,96.40 1 0
0things-backend/internal/service/device.go:96.40,98.4 1 0
0things-backend/internal/service/device.go:99.3,99.44 1 0
0things-backend/internal/service/device.go:101.2,101.24 1 0
0things-backend/internal/service/device.go:101.24,103.3 1 0
0things-backend/internal/service/device.go:104.2,104.19 1 0
0things-backend/internal/service/device.go:107.25,111.2 3 0
0things-backend/internal/service/device.go:113.99,115.71 2 0
0things-backend/internal/service/device.go:115.71,117.3 1 0
0things-backend/internal/service/device.go:118.2,118.61 1 0
0things-backend/internal/service/device.go:118.61,120.3 1 0
0things-backend/internal/service/device.go:121.2,121.23 1 0
0things-backend/internal/service/device.go:121.23,123.3 1 0
0things-backend/internal/service/device.go:124.2,125.46 2 0
0things-backend/internal/service/device.go:125.46,127.3 1 0
0things-backend/internal/service/device.go:128.2,128.31 1 0
0things-backend/internal/service/device.go:130.86,132.2 1 0
0things-backend/internal/service/device.go:133.93,135.2 1 0
0things-backend/internal/service/device.go:136.169,138.2 1 0
0things-backend/internal/service/device.go:139.138,141.16 2 0
0things-backend/internal/service/device.go:141.16,143.3 1 0
0things-backend/internal/service/device.go:144.2,144.16 1 0
0things-backend/internal/service/device.go:144.16,146.3 1 0
0things-backend/internal/service/device.go:147.2,147.23 1 0
0things-backend/internal/service/device.go:147.23,149.3 1 0
0things-backend/internal/service/device.go:150.2,150.43 1 0
0things-backend/internal/service/device.go:150.43,153.42 3 0
0things-backend/internal/service/device.go:153.42,154.18 1 0
0things-backend/internal/service/device.go:154.18,156.5 1 0
0things-backend/internal/service/device.go:158.3,158.10 1 0
0things-backend/internal/service/device.go:158.10,160.4 1 0
0things-backend/internal/service/device.go:161.3,161.24 1 0
0things-backend/internal/service/device.go:163.2,164.16 2 0
0things-backend/internal/service/device.go:164.16,166.3 1 0
0things-backend/internal/service/device.go:167.2,167.26 1 0
0things-backend/internal/service/device.go:169.88,171.16 2 0
0things-backend/internal/service/device.go:171.16,173.3 1 0
0things-backend/internal/service/device.go:174.2,174.33 1 0
0things-backend/internal/service/device.go:174.33,176.3 1 0
0things-backend/internal/service/device.go:177.2,177.52 1 0
0things-backend/internal/service/device.go:179.98,181.16 2 0
0things-backend/internal/service/device.go:181.16,183.3 1 0
0things-backend/internal/service/device.go:184.2,186.15 3 0
0things-backend/internal/service/device.go:189.90,191.16 2 0
0things-backend/internal/service/device.go:191.16,193.3 1 0
0things-backend/internal/service/device.go:194.2,194.35 1 0
0things-backend/internal/service/device.go:196.131,198.16 2 0
0things-backend/internal/service/device.go:198.16,200.3 1 0
0things-backend/internal/service/device.go:201.2,201.22 1 0
0things-backend/internal/service/device.go:201.22,202.30 1 0
0things-backend/internal/service/device.go:202.30,204.4 1 0
0things-backend/internal/service/device.go:206.2,207.16 2 0
0things-backend/internal/service/device.go:207.16,209.3 1 0
0things-backend/internal/service/device.go:210.2,210.25 1 0
0things-backend/internal/service/device.go:212.90,214.16 2 0
0things-backend/internal/service/device.go:214.16,216.3 1 0
0things-backend/internal/service/device.go:217.2,217.43 1 0
0things-backend/internal/service/device.go:219.94,221.16 2 0
0things-backend/internal/service/device.go:221.16,223.3 1 0
0things-backend/internal/service/device.go:224.2,224.39 1 0
0things-backend/internal/service/device.go:226.177,228.16 2 0
0things-backend/internal/service/device.go:228.16,230.3 1 0
0things-backend/internal/service/device.go:231.2,231.85 1 0
0things-backend/internal/service/device.go:233.109,235.16 2 0
0things-backend/internal/service/device.go:235.16,237.3 1 0
0things-backend/internal/service/device.go:238.2,238.47 1 0
0things-backend/internal/service/device.go:240.84,242.2 1 0
0things-backend/internal/service/device.go:243.78,245.16 2 0
0things-backend/internal/service/device.go:245.16,247.3 1 0
0things-backend/internal/service/device.go:248.2,251.8 1 0
0things-backend/internal/service/device.go:253.87,255.16 2 0
0things-backend/internal/service/device.go:255.16,257.3 1 0
0things-backend/internal/service/device.go:258.2,260.8 1 0
0things-backend/internal/service/device.go:262.75,264.16 2 0
0things-backend/internal/service/device.go:264.16,266.3 1 0
0things-backend/internal/service/device.go:267.2,267.30 1 0
0things-backend/internal/service/device.go:270.130,272.16 2 0
0things-backend/internal/service/device.go:272.16,274.3 1 0
0things-backend/internal/service/device.go:275.2,275.21 1 0
0things-backend/internal/service/device.go:275.21,277.3 1 0
0things-backend/internal/service/device.go:278.2,286.68 2 0
0things-backend/internal/service/device.go:286.68,288.3 1 0
0things-backend/internal/service/device.go:289.2,289.20 1 0
0things-backend/internal/service/device.go:292.167,294.16 2 0
0things-backend/internal/service/device.go:294.16,296.3 1 0
0things-backend/internal/service/device.go:297.2,297.89 1 0
0things-backend/internal/service/device.go:300.100,302.2 1 0
0things-backend/internal/service/device.go:304.115,306.16 2 0
0things-backend/internal/service/device.go:306.16,308.3 1 0
0things-backend/internal/service/device.go:309.2,309.64 1 0
0things-backend/internal/service/device.go:311.57,323.2 11 0
0things-backend/internal/service/device.go:324.107,326.16 2 0
0things-backend/internal/service/device.go:326.16,328.3 1 0
0things-backend/internal/service/device.go:329.2,331.16 3 0
0things-backend/internal/service/device.go:331.16,333.3 1 0
0things-backend/internal/service/device.go:334.2,334.19 1 0
0things-backend/internal/service/device.go:334.19,336.3 1 0
0things-backend/internal/service/device.go:337.2,338.28 2 0
0things-backend/internal/service/device.go:338.28,340.3 1 0
0things-backend/internal/service/device.go:341.2,343.18 3 0
0things-backend/internal/service/device.go:343.18,345.3 1 0
0things-backend/internal/service/device.go:346.2,348.31 3 0
0things-backend/internal/service/device.go:348.31,349.29 1 0
0things-backend/internal/service/device.go:349.29,350.20 1 0
0things-backend/internal/service/device.go:350.20,352.5 1 0
0things-backend/internal/service/device.go:353.4,353.13 1 0
0things-backend/internal/service/device.go:355.3,356.30 2 0
0things-backend/internal/service/device.go:356.30,357.12 1 0
0things-backend/internal/service/device.go:359.3,360.15 2 0
0things-backend/internal/service/device.go:360.15,362.4 1 0
0things-backend/internal/service/device.go:363.3,363.15 1 0
0things-backend/internal/service/device.go:363.15,365.4 1 0
0things-backend/internal/service/device.go:365.9,367.4 1 0
0things-backend/internal/service/device.go:369.2,369.27 1 0
0things-backend/internal/service/device.go:371.100,372.23 1 0
0things-backend/internal/service/device.go:372.23,374.3 1 0
0things-backend/internal/service/device.go:375.2,376.16 2 0
0things-backend/internal/service/device.go:376.16,378.3 1 0
0things-backend/internal/service/device.go:379.2,380.86 2 0
0things-backend/internal/service/device.go:382.93,383.48 1 0
0things-backend/internal/service/device.go:383.48,385.3 1 0
0things-backend/internal/service/device.go:386.2,386.26 1 0
0things-backend/internal/service/device_event.go:26.126,28.2 1 0
0things-backend/internal/service/device_event.go:30.143,31.60 1 0
0things-backend/internal/service/device_event.go:31.60,33.3 1 0
0things-backend/internal/service/device_event.go:34.2,35.16 2 0
0things-backend/internal/service/device_event.go:35.16,37.3 1 0
0things-backend/internal/service/device_event.go:38.2,38.45 1 0
0things-backend/internal/service/device_event.go:38.45,40.3 1 0
0things-backend/internal/service/device_event.go:41.2,42.16 2 0
0things-backend/internal/service/device_event.go:42.16,44.3 1 0
0things-backend/internal/service/device_event.go:45.2,46.19 2 0
0things-backend/internal/service/device_event.go:46.19,48.3 1 0
0things-backend/internal/service/device_event.go:49.2,49.123 1 0
0things-backend/internal/service/device_event.go:52.173,54.2 1 0
0things-backend/internal/service/ota.go:37.107,39.2 1 0
0things-backend/internal/service/ota.go:41.99,43.2 1 0
0things-backend/internal/service/ota.go:45.84,47.2 1 0
0things-backend/internal/service/ota.go:49.98,51.16 2 0
0things-backend/internal/service/ota.go:51.16,53.3 1 0
0things-backend/internal/service/ota.go:54.2,55.32 2 0
0things-backend/internal/service/ota.go:58.79,59.66 1 0
0things-backend/internal/service/ota.go:59.66,61.3 1 0
0things-backend/internal/service/ota.go:62.2,62.30 1 0
0things-backend/internal/service/ota.go:65.66,67.2 1 0
0things-backend/internal/service/ota.go:69.101,71.16 2 0
0things-backend/internal/service/ota.go:71.16,73.3 1 0
0things-backend/internal/service/ota.go:74.2,75.16 2 0
0things-backend/internal/service/ota.go:75.16,77.3 1 0
0things-backend/internal/service/ota.go:78.2,83.8 1 0
0things-backend/internal/service/ota.go:86.101,88.16 2 0
0things-backend/internal/service/ota.go:88.16,90.3 1 0
0things-backend/internal/service/ota.go:91.2,91.36 1 0
0things-backend/internal/service/ota.go:94.147,96.16 2 0
0things-backend/internal/service/ota.go:96.16,98.3 1 0
0things-backend/internal/service/ota.go:99.2,99.60 1 0
0things-backend/internal/service/product.go:30.76,32.2 1 0
0things-backend/internal/service/product.go:34.26,38.2 3 0
0things-backend/internal/service/product.go:40.79,41.21 1 0
0things-backend/internal/service/product.go:41.21,43.3 1 0
0things-backend/internal/service/product.go:45.2,46.49 2 0
0things-backend/internal/service/product.go:46.49,47.40 1 0
0things-backend/internal/service/product.go:47.40,49.4 1 0
0things-backend/internal/service/product.go:50.3,50.44 1 0
0things-backend/internal/service/product.go:52.2,52.24 1 0
0things-backend/internal/service/product.go:52.24,54.3 1 0
0things-backend/internal/service/product.go:55.2,55.19 1 0
0things-backend/internal/service/product.go:58.102,59.24 1 0
0things-backend/internal/service/product.go:59.24,61.3 1 0
0things-backend/internal/service/product.go:62.2,63.84 2 0
0things-backend/internal/service/product.go:63.84,65.3 1 0
0things-backend/internal/service/product.go:66.2,66.30 1 0
0things-backend/internal/service/product.go:66.30,68.3 1 0
0things-backend/internal/service/product.go:69.2,69.26 1 0
0things-backend/internal/service/product.go:69.26,71.3 1 0
0things-backend/internal/service/product.go:72.2,72.28 1 0
0things-backend/internal/service/product.go:72.28,74.3 1 0
0things-backend/internal/service/product.go:75.2,76.52 2 0
0things-backend/internal/service/product.go:76.52,78.3 1 0
0things-backend/internal/service/product.go:79.2,79.21 1 0
0things-backend/internal/service/product.go:82.85,84.2 1 0
0things-backend/internal/service/product.go:86.92,88.2 1 0
0things-backend/internal/service/product.go:90.82,92.84 2 0
0things-backend/internal/service/product.go:92.84,94.3 1 0
0things-backend/internal/service/product.go:95.2,95.34 1 0
0things-backend/internal/service/product.go:98.70,100.16 2 0
0things-backend/internal/service/product.go:100.16,102.3 1 0
0things-backend/internal/service/product.go:103.2,103.15 1 0
0things-backend/internal/service/product.go:103.15,105.3 1 0
0things-backend/internal/service/product.go:106.2,107.16 2 0
0things-backend/internal/service/product.go:107.16,109.3 1 0
0things-backend/internal/service/product.go:110.2,110.36 1 0
0things-backend/internal/service/product.go:113.133,115.2 1 0
0things-backend/internal/service/product.go:117.89,118.48 1 0
0things-backend/internal/service/product.go:118.48,120.3 1 0
0things-backend/internal/service/product.go:121.2,121.23 1 0
0things-backend/internal/service/product_tsl.go:21.125,23.2 1 0
0things-backend/internal/service/product_tsl.go:25.100,27.16 2 0
0things-backend/internal/service/product_tsl.go:27.16,29.3 1 0
0things-backend/internal/service/product_tsl.go:30.2,30.48 1 0
0things-backend/internal/service/product_tsl.go:33.91,35.16 2 0
0things-backend/internal/service/product_tsl.go:35.16,37.3 1 0
0things-backend/internal/service/product_tsl.go:38.2,39.35 2 0
0things-backend/internal/service/product_tsl.go:39.35,42.3 2 0
0things-backend/internal/service/product_tsl.go:43.2,43.16 1 0
0things-backend/internal/service/product_tsl.go:43.16,45.3 1 0
0things-backend/internal/service/product_tsl.go:46.2,47.30 2 0
0things-backend/internal/service/product_tsl.go:50.82,52.16 2 0
0things-backend/internal/service/product_tsl.go:52.16,54.3 1 0
0things-backend/internal/service/product_tsl.go:55.2,55.32 1 0
0things-backend/internal/service/rule.go:26.67,28.2 1 0
0things-backend/internal/service/rule.go:30.127,32.2 1 0
0things-backend/internal/service/rule.go:34.79,36.2 1 0
0things-backend/internal/service/rule.go:37.75,39.2 1 0
0things-backend/internal/service/rule.go:40.75,42.2 1 0
0things-backend/internal/service/rule.go:43.67,45.2 1 0
0things-backend/internal/service/rule.go:46.100,48.16 2 0
0things-backend/internal/service/rule.go:48.16,50.3 1 0
0things-backend/internal/service/rule.go:51.2,51.62 1 0
0things-backend/internal/service/rule.go:51.62,53.3 1 0
0things-backend/internal/service/rule.go:54.2,55.18 2 0
0things-backend/internal/service/rule.go:57.123,59.2 1 0
0things-backend/internal/service/rule.go:61.93,63.16 2 0
0things-backend/internal/service/rule.go:63.16,65.3 1 0
0things-backend/internal/service/rule.go:66.2,67.63 2 0
0things-backend/internal/service/rule.go:67.63,69.3 1 0
0things-backend/internal/service/rule.go:70.2,70.85 1 0
0things-backend/internal/service/rule.go:70.85,72.3 1 0
0things-backend/internal/service/rule.go:73.2,73.24 1 0
0things-backend/internal/service/service.go:22.12,29.2 1 0
0things-backend/internal/service/user.go:23.15,28.2 1 0
0things-backend/internal/service/user.go:35.84,38.16 2 0
0things-backend/internal/service/user.go:38.16,40.3 1 0
0things-backend/internal/service/user.go:41.2,41.31 1 0
0things-backend/internal/service/user.go:41.31,43.3 1 0
0things-backend/internal/service/user.go:45.2,46.16 2 0
0things-backend/internal/service/user.go:46.16,48.3 1 0
0things-backend/internal/service/user.go:50.2,51.16 2 0
0things-backend/internal/service/user.go:51.16,53.3 1 0
0things-backend/internal/service/user.go:54.2,60.62 2 0
0things-backend/internal/service/user.go:60.62,62.53 1 0
0things-backend/internal/service/user.go:62.53,64.4 1 0
0things-backend/internal/service/user.go:66.3,66.13 1 0
0things-backend/internal/service/user.go:68.2,68.12 1 0
0things-backend/internal/service/user.go:71.88,73.31 2 0
0things-backend/internal/service/user.go:73.31,75.3 1 0
0things-backend/internal/service/user.go:77.2,78.16 2 0
0things-backend/internal/service/user.go:78.16,80.3 1 0
0things-backend/internal/service/user.go:81.2,83.16 3 0
0things-backend/internal/service/user.go:83.16,85.3 1 0
0things-backend/internal/service/user.go:87.2,87.19 1 0
0things-backend/internal/service/user.go:90.106,92.16 2 0
0things-backend/internal/service/user.go:92.16,94.3 1 0
0things-backend/internal/service/user.go:96.2,99.8 1 0
0things-backend/internal/service/user.go:102.109,104.16 2 0
0things-backend/internal/service/user.go:104.16,106.3 1 0
0things-backend/internal/service/user.go:108.2,111.52 3 0
0things-backend/internal/service/user.go:111.52,113.3 1 0
0things-backend/internal/service/user.go:115.2,115.12 1 0
